0: 34.1
1: 18.8
2: 17.8
3: 14.5
4: 21.8
5: 8.5
6: 15.0
7: 12.2
8: 18.3
9: 10.6
10: 9.2
11: 7.0
12: 12.7
13: 15.5
14: 17.0
15: 16.5
16: 14.9
17: 35.1
18: 12.1
19: 12.0
20: 16.6
21: 11.8
22: 10.0
23: 20.1
24: 18.6
25: 9.5
26: 18.3
27: 15.7
28: 12.8
29: 15.1
30: 16.7
31: 10.9
32: 15.2
33: 14.1
34: 13.0
35: 11.8
36: 17.2
37: 18.0
38: 8.8
39: 9.5
40: 15.5
41: 14.2
42: 17.9
43: 16.3
44: 9.8
45: 13.3
46: 13.2
47: 11.2
48: 15.9
49: 9.3
50: 10.8
51: 16.3
52: 7.3
53: 13.9
54: 9.6
55: 13.7
56: 15.3
57: 10.0
58: 10.8
59: 10.0
60: 12.8
61: 21.4
62: 13.7
63: 17.1
64: 10.3
65: 13.8
66: 17.1
67: 14.4
68: 8.5
69: 15.9
70: 7.0
71: 18.2
72: 13.8
73: 12.8
74: 15.1
75: 12.9
76: 11.9
77: 17.3
78: 12.8
79: 10.3
80: 22.8
81: 11.4
82: 16.0
83: 21.0
84: 11.7
85: 14.3
86: 12.6
87: 9.2
88: 9.8
89: 14.6
90: 12.1
91: 9.5
92: 14.9
93: 16.5
94: 9.5
95: 16.0
96: 15.4
97: 9.5
98: 16.8
99: 13.1
100: 15.5
101: 12.1
102: 7.5
103: 11.4
104: 14.6
105: 14.7
106: 19.8
107: 10.0
108: 17.2
109: 12.6
110: 14.7
111: 11.1
112: 9.9
113: 10.9
114: 16.9
115: 11.3
116: 17.9
117: 11.3
118: 14.2
119: 10.8
120: 14.1
121: 12.1
122: 10.1
123: 13.9
124: 16.0
125: 10.8
126: 11.0
127: 8.1
128: 11.8
129: 9.1
130: 10.1
131: 13.9
132: 17.8
133: 10.2
134: 13.2
135: 14.2
136: 13.5
137: 8.8
138: 7.0
139: 13.0
140: 18.2
141: 11.9
142: 8.3
143: 13.5
144: 12.8
145: 18.1
146: 11.9
147: 14.1
148: 11.3
149: 11.1
150: 12.5
151: 13.5
152: 9.8
153: 18.0
154: 12.9
155: 6.7
156: 18.0
157: 13.8
158: 13.4
159: 16.2
160: 11.4
161: 11.4
162: 20.1
163: 20.7
164: 9.9
165: 15.7
166: 13.6
167: 10.8
168: 9.4
169: 11.8
170: 17.7
171: 14.0
172: 10.3
173: 14.4
174: 16.2
175: 11.9
176: 10.2
177: 15.1
178: 11.4
179: 13.1
180: 14.1
181: 15.7
182: 10.5
183: 12.1
184: 7.2
185: 15.1
186: 10.7
187: 13.2
188: 12.0
189: 13.5
190: 12.2
191: 15.6
192: 16.7
193: 11.8
194: 11.7
195: 11.0
196: 16.7
197: 15.3
198: 17.9
199: 10.9
200: 10.5
201: 17.3
202: 13.8
203: 11.7
204: 12.3
205: 13.0
206: 14.4
207: 9.0
208: 17.9
209: 12.2
210: 12.8
211: 15.5
212: 13.9
213: 13.7
214: 10.8
215: 19.2
216: 17.0
217: 18.4
218: 9.7
219: 9.9
220: 15.0
221: 9.4
222: 9.7
223: 16.7
224: 15.1
225: 11.1
226: 12.4
227: 14.9
228: 16.1
229: 16.8
230: 21.4
231: 10.8
232: 13.8
233: 11.1
234: 11.6
235: 9.6
236: 9.3
237: 9.2
238: 15.0
239: 8.5
240: 10.8
241: 12.8
242: 14.4
243: 8.8
244: 15.8
245: 17.2
246: 18.5
247: 20.8
248: 17.0
249: 15.8
250: 14.7
251: 7.8
252: 12.2
253: 14.0
254: 21.5
255: 10.6
256: 15.4
257: 10.6
258: 14.9
259: 9.4
260: 25.1
261: 15.4
262: 10.7
263: 8.3
264: 10.9
265: 16.2
266: 18.5
267: 11.2
268: 8.8
269: 9.0
270: 10.1
271: 20.2
272: 9.4
273: 12.7
274: 17.0
275: 10.7
276: 9.9
277: 19.5
278: 19.8
279: 14.1
280: 12.6
281: 8.0
282: 13.8
283: 15.1
284: 17.6
285: 8.9
286: 12.0
287: 13.3
288: 13.9
289: 9.2
290: 12.7
291: 11.9
292: 15.5
293: 7.7
294: 15.3
295: 15.5
296: 12.8
297: 9.0
298: 12.0
299: 9.8
300: 14.8
301: 13.8
302: 17.6
303: 10.0
304: 10.4
305: 13.0
306: 14.2
307: 16.1
308: 10.2
309: 10.2
310: 14.6
311: 12.8
312: 11.1
313: 11.5
314: 12.2
315: 18.6
316: 8.5
317: 12.4
318: 6.8
319: 12.1
320: 12.9
321: 10.8
322: 22.3
323: 14.7
324: 15.1
325: 17.2
326: 12.9
327: 10.0
328: 11.1
329: 7.6
330: 13.7
331: 12.9
332: 20.0
333: 13.4
334: 14.4
335: 12.1
336: 15.9
337: 12.5
338: 11.2
339: 14.4
340: 14.3
341: 8.8
342: 10.3
343: 15.4
344: 19.7
345: 12.7
346: 10.8
347: 11.0
348: 11.8
349: 12.9
350: 8.3
351: 17.3
352: 16.3
353: 15.4
354: 12.8
355: 15.2
356: 14.8
357: 21.0
358: 13.1
359: 15.5
360: 14.2
361: 12.3
362: 22.1
363: 11.3
364: 14.2
365: 14.0
366: 9.3
367: 15.7
368: 15.7
369: 10.9
370: 11.8
371: 13.1
372: 9.5
373: 18.5
374: 11.3
375: 12.6
376: 19.0
377: 14.1
378: 10.1
379: 14.0
380: 10.7
381: 9.5
382: 11.1
383: 14.0
384: 9.8
385: 10.4
386: 15.3
387: 11.4
388: 9.4
389: 11.6
390: 11.9
391: 21.0
392: 10.0
393: 9.9
394: 13.1
395: 10.2
396: 7.5
397: 14.3
398: 15.4
399: 16.0
400: 17.7
401: 13.2
402: 17.6
403: 14.6
404: 11.0
405: 14.8
406: 13.8
407: 17.7
408: 14.0
409: 11.6
410: 8.4
411: 10.8
412: 11.9
413: 9.7
414: 15.0
415: 13.6
416: 12.0
417: 14.1
418: 15.6
419: 12.6
420: 7.3
421: 10.3
422: 11.3
423: 17.1
424: 14.4
425: 12.1
426: 17.1
427: 22.3
428: 13.0
429: 10.7
430: 16.4
431: 19.3
432: 9.7
433: 20.0
434: 9.1
435: 11.7
436: 13.2
437: 15.1
438: 14.4
439: 16.4
440: 13.4
441: 24.8
442: 10.2
443: 6.2
444: 15.4
445: 15.6
446: 15.3
447: 17.2
448: 15.3
449: 16.9
450: 18.4
451: 9.9
452: 21.2
453: 21.6
454: 12.2
455: 11.4
456: 18.7
457: 13.6
458: 9.3
459: 9.3
460: 10.5
461: 11.0
462: 13.8
463: 10.5
464: 8.9
465: 11.0
466: 15.5
467: 12.8
468: 16.2
469: 14.0
470: 11.0
471: 18.0
472: 17.0
473: 13.1
474: 9.1
475: 19.0
476: 14.4
477: 16.4
478: 13.4
479: 17.7
480: 17.8
481: 9.2
482: 22.6
483: 9.6
484: 13.9
485: 5.9
486: 10.3
487: 12.3
488: 13.4
489: 16.1
490: 19.2
491: 9.6
492: 14.3
493: 10.2
494: 14.5
495: 10.7
496: 12.4
497: 13.7
498: 12.4
499: 16.7
500: 8.5
501: 13.7
502: 9.3
503: 14.2
504: 13.1
505: 16.1
506: 13.8
507: 14.6
508: 15.2
509: 14.1
510: 13.4
511: 13.0
512: 9.3
513: 10.1
514: 15.2
515: 18.1
516: 10.1
517: 13.6
518: 9.9
519: 12.8
520: 14.6
521: 11.8
522: 14.6
523: 5.8
524: 14.0
525: 10.9
526: 12.6
527: 10.9
528: 8.9
529: 16.4
530: 14.6
531: 17.7
532: 18.9
533: 12.7
534: 9.7
535: 10.7
536: 12.7
537: 11.1
538: 11.4
539: 23.0
540: 11.5
541: 8.9
542: 19.1
543: 14.0
544: 15.0
545: 18.0
546: 16.7
547: 11.2
548: 20.4
549: 11.9
550: 11.5
551: 19.8
552: 8.7
553: 15.9
554: 19.5
555: 10.3
556: 16.5
557: 14.7
558: 11.0
559: 10.8
560: 12.6
561: 14.5
562: 12.9
563: 11.5
564: 7.7
565: 16.9
566: 13.3
567: 9.2
568: 12.8
569: 14.1
570: 14.6
571: 8.5
572: 9.6
573: 24.5
574: 13.0
575: 12.7
576: 9.7
577: 12.8
578: 11.4
579: 10.4
580: 10.7
581: 24.2
582: 31.2
583: 11.9
584: 15.8
585: 15.5
586: 20.2
587: 12.5
588: 12.9
589: 11.0
590: 18.5
591: 15.8
592: 11.8
593: 14.1
594: 19.2
595: 24.6
596: 12.0
597: 15.7
598: 16.7
599: 14.0
600: 9.1
601: 11.4
602: 14.1
603: 9.5
604: 13.2
605: 15.0
606: 10.2
607: 13.1
608: 10.2
609: 9.7
610: 11.1
611: 12.5
612: 14.9
613: 14.4
614: 12.6
615: 18.6
616: 11.1
617: 11.8
618: 7.4
619: 8.5
620: 11.0
621: 16.2
622: 13.2
623: 23.5
624: 8.7
625: 14.2
626: 13.5
627: 10.1
628: 16.0
629: 9.9
630: 11.1
631: 11.9
632: 9.9
633: 8.3
634: 8.9
635: 12.9
636: 11.5
637: 21.7
638: 11.0
639: 15.9
640: 21.3
641: 14.7
642: 16.7
643: 15.6
644: 17.4
645: 11.2
646: 14.1
647: 13.7
648: 11.2
649: 8.0
650: 13.2
651: 9.3
652: 17.9
653: 8.6
654: 15.8
655: 9.9
656: 19.6
657: 8.4
658: 13.3
659: 10.4
660: 13.2
661: 11.4
662: 15.0
663: 9.4
664: 7.7
665: 19.4
666: 11.0
667: 13.0
668: 15.9
669: 19.6
670: 14.2
671: 11.5
672: 20.7
673: 12.4
674: 14.2
675: 10.2
676: 16.3
677: 11.2
678: 11.1
679: 9.7
680: 14.9
681: 14.2
682: 9.8
683: 13.4
684: 15.7
685: 17.9
686: 11.1
687: 16.8
688: 6.3
689: 10.1
690: 8.5
691: 13.8
692: 8.8
693: 11.7
694: 16.0
695: 15.9
696: 13.7
697: 11.8
698: 9.5
699: 11.9
700: 17.3
701: 10.9
702: 16.0
703: 14.0
704: 13.7
705: 9.3
706: 16.0
707: 13.2
708: 13.4
709: 13.8
710: 13.6
711: 11.0
712: 8.0
713: 11.9
714: 13.7
715: 19.1
716: 11.7
717: 23.4
718: 10.4
719: 9.4
720: 12.9
721: 7.2
722: 11.2
723: 10.8
724: 20.5
725: 12.7
726: 13.5
727: 9.3
728: 16.7
729: 20.3
730: 12.6
731: 16.7
732: 19.3
733: 12.6
734: 18.8
735: 8.8
736: 11.6
737: 10.7
738: 14.7
739: 13.0
740: 10.6
741: 10.7
742: 9.4
743: 13.0
744: 14.5
745: 10.2
746: 8.7
747: 10.7
748: 14.0
749: 14.5
750: 9.1
751: 16.1
752: 11.6
753: 15.7
754: 16.5
755: 16.2
756: 11.7
757: 11.4
758: 11.0
759: 9.8
760: 16.7
761: 11.6
762: 13.7
763: 12.7
764: 11.4
765: 14.6
766: 11.8
767: 11.3
768: 18.5
769: 13.6
770: 17.8
771: 17.7
772: 14.4
773: 18.6
774: 14.3
775: 13.9
776: 11.5
777: 14.7
778: 12.8
779: 14.8
780: 12.0
781: 20.8
782: 12.1
783: 12.2
784: 21.4
785: 13.3
786: 11.4
787: 23.2
788: 14.4
789: 12.5
790: 14.8
791: 11.2
792: 8.9
793: 17.4
794: 9.8
795: 9.0
796: 14.2
797: 13.2
798: 9.7
799: 16.6
800: 15.6
801: 12.9
802: 8.5
803: 10.7
804: 14.3
805: 9.3
806: 13.2
807: 15.5
808: 12.9
809: 11.5
810: 12.0
811: 23.1
812: 8.8
813: 10.5
814: 12.8
815: 13.8
816: 13.8
817: 12.9
818: 15.1
819: 10.2
820: 8.3
821: 9.0
822: 16.0
823: 13.3
824: 22.0
825: 16.8
826: 9.6
827: 12.0
828: 7.8
829: 10.0
830: 10.9
831: 13.4
832: 17.9
833: 8.1
834: 16.5
835: 11.5
836: 10.4
837: 15.9
838: 12.2
839: 13.4
840: 14.4
841: 14.8
842: 13.0
843: 12.4
844: 14.4
845: 13.9
846: 11.3
847: 13.6
848: 20.3
849: 18.6
850: 17.3
851: 13.3
852: 15.5
853: 18.2
854: 16.3
855: 10.6
856: 12.7
857: 14.4
858: 8.4
859: 17.0
860: 12.5
861: 12.8
862: 18.0
863: 16.2
864: 11.5
865: 6.4
866: 13.9
867: 12.1
868: 12.3
869: 13.9
870: 11.9
871: 10.6
872: 9.2
873: 15.4
874: 18.8
875: 14.3
876: 13.1
877: 12.9
878: 16.4
879: 14.6
880: 22.5
881: 6.9
882: 15.4
883: 15.2
884: 12.0
885: 8.4
886: 17.2
887: 19.9
888: 13.7
889: 15.4
890: 15.8
891: 8.5
892: 16.3
893: 12.9
894: 19.0
895: 15.3
896: 6.8
897: 12.4
898: 13.7
899: 15.3
900: 15.9
901: 12.3
902: 10.5
903: 22.0
904: 12.1
905: 19.5
906: 14.3
907: 11.9
908: 13.0
909: 15.5
910: 15.3
911: 15.7
912: 11.2
913: 12.8
914: 13.1
915: 13.2
916: 14.2
917: 13.6
918: 16.5
919: 12.5
920: 15.5
921: 14.4
922: 17.1
923: 21.5
924: 10.7
925: 14.0
926: 9.3
927: 12.5
928: 16.2
929: 23.4
930: 23.2
931: 12.6
932: 14.6
933: 24.4
934: 17.1
935: 22.5
936: 19.8
937: 11.7
938: 9.1
939: 14.0
940: 8.6
941: 8.0
942: 16.6
943: 13.1
944: 18.1
945: 9.8
946: 13.6
947: 11.6
948: 14.5
949: 17.3
950: 10.9
951: 9.1
952: 13.1
953: 15.3
954: 11.2
955: 20.0
956: 14.5
957: 11.0
958: 21.4
959: 10.6
960: 34.8
961: 13.0
962: 11.0
963: 14.1
964: 16.6
965: 13.9
966: 17.5
967: 19.4
968: 9.9
969: 13.2
970: 15.1
971: 16.7
972: 12.3
973: 14.1
974: 19.5
975: 9.3
976: 8.6
977: 17.1
978: 24.4
979: 12.0
980: 17.0
981: 11.3
982: 8.3
983: 14.6
984: 20.7
985: 14.5
986: 16.1
987: 10.5
988: 12.4
989: 10.5
990: 22.1
991: 11.8
992: 11.3
993: 10.5
994: 8.1
995: 22.0
996: 14.3
997: 12.4
998: 12.4
999: 14.2
