0: 69.4
1: 87.2
2: 69.7
3: 85.6
4: 79.6
5: 33.3
6: 53.7
7: 82.7
8: 75.7
9: 85.1
10: 74.1
11: 79.5
12: 93.8
13: 70.2
14: 79.6
15: 89.2
16: 79.8
17: 90.9
18: 92.4
19: 93.0
20: 89.4
21: 90.1
22: 75.7
23: 85.9
24: 86.8
25: 93.9
26: 94.9
27: 73.2
28: 82.1
29: 80.0
30: 90.4
31: 72.7
32: 88.1
33: 80.1
34: 68.3
35: 83.6
36: 89.6
37: 66.0
38: 91.6
39: 94.5
40: 75.9
41: 87.0
42: 91.8
43: 91.6
44: 79.9
45: 83.7
46: 79.7
47: 60.9
48: 92.7
49: 70.2
50: 86.9
51: 78.6
52: 76.6
53: 73.3
54: 72.8
55: 92.4
56: 88.8
57: 85.3
58: 86.7
59: 86.0
60: 88.0
61: 74.6
62: 70.4
63: 94.4
64: 91.7
65: 93.5
66: 93.4
67: 86.3
68: 76.6
69: 80.0
70: 91.9
71: 80.6
72: 93.0
73: 76.6
74: 83.6
75: 80.5
76: 75.2
77: 74.9
78: 84.4
79: 85.9
80: 78.7
81: 89.0
82: 99.6
83: 76.3
84: 73.8
85: 66.2
86: 81.1
87: 65.3
88: 88.7
89: 85.4
90: 77.9
91: 94.6
92: 86.4
93: 82.8
94: 68.1
95: 83.6
96: 70.2
97: 79.6
98: 83.2
99: 80.6
100: 68.1
101: 86.9
102: 79.6
103: 87.8
104: 73.4
105: 65.0
106: 95.1
107: 66.8
108: 84.1
109: 65.5
110: 75.4
111: 83.6
112: 85.0
113: 72.2
114: 72.9
115: 85.9
116: 82.9
117: 88.9
118: 93.2
119: 88.3
120: 68.5
121: 89.4
122: 87.3
123: 87.1
124: 86.8
125: 87.7
126: 70.6
127: 85.3
128: 78.9
129: 48.6
130: 73.1
131: 93.3
132: 68.9
133: 90.2
134: 82.3
135: 87.7
136: 86.5
137: 75.8
138: 63.5
139: 86.3
140: 86.2
141: 71.7
142: 68.2
143: 76.7
144: 87.5
145: 81.5
146: 86.9
147: 91.3
148: 78.2
149: 90.1
150: 20.7
151: 50.0
152: 73.0
153: 82.4
154: 67.1
155: 85.6
156: 83.9
157: 92.6
158: 80.8
159: 74.3
160: 73.0
161: 74.6
162: 61.1
163: 92.1
164: 62.6
165: 74.2
166: 85.8
167: 59.0
168: 81.9
169: 86.6
170: 72.8
171: 71.3
172: 88.2
173: 87.9
174: 69.8
175: 56.3
176: 76.9
177: 81.1
178: 75.0
179: 71.0
180: 75.0
181: 84.2
182: 62.5
183: 61.9
184: 89.4
185: 72.2
186: 61.2
187: 76.0
188: 92.2
189: 79.0
190: 72.4
191: 70.6
192: 84.2
193: 79.0
194: 85.4
195: 75.3
196: 85.6
197: 69.3
198: 90.1
199: 86.8
200: 76.1
201: 66.8
202: 76.5
203: 81.7
204: 76.8
205: 72.8
206: 75.7
207: 89.8
208: 78.5
209: 62.7
210: 79.3
211: 77.3
212: 94.7
213: 68.1
214: 80.3
215: 87.3
216: 85.1
217: 81.1
218: 81.3
219: 71.1
220: 73.9
221: 83.1
222: 75.4
223: 88.8
224: 85.8
225: 75.7
226: 81.0
227: 82.7
228: 88.6
229: 91.1
230: 91.9
231: 78.0
232: 73.1
233: 63.4
234: 80.2
235: 92.5
236: 75.0
237: 81.0
238: 79.6
239: 80.7
240: 89.5
241: 87.0
242: 84.4
243: 71.9
244: 19.8
245: 92.0
246: 92.7
247: 88.6
248: 92.3
249: 77.1
250: 89.4
251: 92.4
252: 91.9
253: 92.8
254: 92.7
255: 86.4
256: 91.1
257: 87.5
258: 92.5
259: 77.3
260: 87.3
261: 65.8
262: 85.7
263: 7.7
264: 9.5
265: 11.7
266: 11.8
267: 11.4
268: 25.7
269: 10.7
270: 14.3
271: 20.6
272: 21.6
273: 16.8
274: 12.5
275: 23.4
276: 10.7
277: 22.6
278: 19.9
279: 15.2
280: 19.1
281: 8.6
282: 18.6
283: 17.3
284: 17.1
285: 13.3
286: 10.7
287: 10.9
288: 16.8
289: 13.1
290: 14.7
291: 13.4
292: 11.5
293: 15.8
294: 10.1
295: 21.8
296: 18.9
297: 15.2
298: 17.1
299: 6.9
300: 10.2
301: 12.1
302: 40.5
303: 19.8
304: 11.5
305: 13.4
306: 17.6
307: 13.2
308: 15.0
309: 7.7
310: 15.3
311: 9.5
312: 16.3
313: 8.4
314: 17.8
315: 11.0
316: 10.1
317: 10.1
318: 24.1
319: 15.6
320: 12.8
321: 17.2
322: 13.1
323: 10.7
324: 18.2
325: 19.4
326: 13.7
327: 15.5
328: 19.8
329: 17.5
330: 7.9
331: 14.3
332: 12.6
333: 9.9
334: 20.9
335: 19.7
336: 12.4
337: 13.4
338: 14.1
339: 25.1
340: 12.3
341: 20.5
342: 13.7
343: 13.5
344: 20.1
345: 13.1
346: 17.7
347: 12.2
348: 9.5
349: 12.5
350: 18.1
351: 10.2
352: 19.7
353: 23.8
354: 6.2
355: 9.8
356: 14.9
357: 17.7
358: 16.9
359: 12.1
360: 6.7
361: 15.3
362: 15.4
363: 15.1
364: 12.3
365: 13.3
366: 15.0
367: 10.3
368: 12.1
369: 15.2
370: 11.4
371: 8.8
372: 15.1
373: 16.0
374: 14.2
375: 14.7
376: 10.7
377: 19.0
378: 13.6
379: 17.8
380: 16.3
381: 21.6
382: 16.1
383: 17.6
384: 14.5
385: 13.0
386: 6.4
387: 15.5
388: 8.0
389: 15.3
390: 12.9
391: 21.8
392: 12.1
393: 15.8
394: 8.5
395: 15.3
396: 15.7
397: 20.6
398: 16.3
399: 20.5
400: 12.7
401: 14.7
402: 12.8
403: 19.0
404: 9.7
405: 19.0
406: 25.0
407: 15.0
408: 11.4
409: 14.0
410: 11.0
411: 8.0
412: 13.3
413: 11.6
414: 15.1
415: 21.8
416: 26.3
417: 17.4
418: 16.2
419: 19.8
420: 12.1
421: 10.0
422: 23.6
423: 12.9
424: 13.5
425: 13.3
426: 9.5
427: 18.2
428: 13.8
429: 9.0
430: 21.0
431: 22.5
432: 13.3
433: 14.0
434: 15.4
435: 17.0
436: 17.0
437: 7.2
438: 18.6
439: 14.3
440: 14.1
441: 22.8
442: 17.0
443: 23.3
444: 19.7
445: 14.3
446: 12.1
447: 20.4
448: 21.0
449: 17.0
450: 18.1
451: 12.2
452: 10.8
453: 13.5
454: 15.6
455: 21.0
456: 11.1
457: 13.8
458: 11.9
459: 16.0
460: 16.7
461: 12.1
462: 7.6
463: 15.7
464: 8.3
465: 15.3
466: 20.4
467: 18.3
468: 15.1
469: 7.1
470: 14.2
471: 23.4
472: 15.0
473: 15.4
474: 16.5
475: 15.4
476: 16.0
477: 14.2
478: 17.9
479: 10.3
480: 12.9
481: 19.0
482: 16.7
483: 10.1
484: 15.3
485: 12.1
486: 13.4
487: 19.1
488: 11.1
489: 15.6
490: 7.9
491: 16.7
492: 24.8
493: 13.2
494: 14.8
495: 15.7
496: 7.8
497: 17.5
498: 7.0
499: 13.5
500: 16.4
501: 16.0
502: 9.6
503: 18.7
504: 23.2
505: 16.9
506: 9.4
507: 9.6
508: 13.5
509: 8.9
510: 19.2
511: 17.0
512: 20.8
513: 19.5
514: 14.5
515: 9.0
516: 16.4
517: 14.3
518: 11.2
519: 10.8
520: 13.9
521: 13.2
522: 18.6
523: 20.9
524: 15.3
525: 13.9
526: 16.4
527: 11.6
528: 7.3
529: 9.4
530: 13.1
531: 17.7
532: 18.0
533: 13.6
534: 13.2
535: 16.2
536: 12.6
537: 20.2
538: 13.4
539: 9.9
540: 17.7
541: 20.1
542: 23.3
543: 16.5
544: 15.1
545: 13.3
546: 20.7
547: 14.5
548: 12.4
549: 8.7
550: 21.3
551: 11.1
552: 16.6
553: 14.8
554: 26.2
555: 17.1
556: 19.2
557: 12.6
558: 21.2
559: 8.3
560: 26.5
561: 13.3
562: 19.1
563: 13.8
564: 25.7
565: 12.1
566: 21.0
567: 17.6
568: 20.8
569: 18.4
570: 7.7
571: 15.7
572: 12.1
573: 20.4
574: 14.5
575: 19.2
576: 14.1
577: 14.9
578: 11.1
579: 14.1
580: 18.9
581: 19.1
582: 38.0
583: 16.5
584: 9.5
585: 16.4
586: 17.3
587: 10.2
588: 10.9
589: 19.0
590: 14.5
591: 11.4
592: 12.9
593: 16.3
594: 14.6
595: 12.0
596: 24.5
597: 9.5
598: 13.8
599: 17.1
600: 15.9
601: 11.9
602: 20.4
603: 13.0
604: 15.5
605: 19.9
606: 14.1
607: 23.5
608: 12.5
609: 6.5
610: 11.7
611: 24.6
612: 18.1
613: 7.0
614: 10.1
615: 16.2
616: 17.3
617: 13.5
618: 14.8
619: 16.1
620: 15.9
621: 10.9
622: 21.6
623: 19.0
624: 13.4
625: 11.8
626: 13.8
627: 13.2
628: 14.1
629: 13.3
630: 15.4
631: 10.9
632: 7.5
633: 19.8
634: 12.0
635: 14.4
636: 17.4
637: 13.4
638: 7.2
639: 15.8
640: 22.8
641: 14.8
642: 19.7
643: 20.1
644: 23.5
645: 15.8
646: 17.5
647: 12.6
648: 16.6
649: 16.6
650: 11.8
651: 15.4
652: 11.6
653: 11.4
654: 21.3
655: 17.2
656: 15.3
657: 11.2
658: 13.8
659: 12.0
660: 12.9
661: 11.0
662: 15.2
663: 16.3
664: 13.9
665: 6.8
666: 13.8
667: 18.7
668: 18.4
669: 12.2
670: 11.3
671: 6.8
672: 14.3
673: 15.7
674: 14.7
675: 20.7
676: 17.7
677: 13.2
678: 21.7
679: 15.5
680: 16.3
681: 19.8
682: 19.2
683: 13.8
684: 14.2
685: 15.6
686: 16.7
687: 12.5
688: 15.1
689: 17.0
690: 17.7
691: 13.3
692: 16.8
693: 9.0
694: 8.3
695: 10.4
696: 15.7
697: 23.9
698: 16.5
699: 21.6
700: 19.1
701: 12.3
702: 15.8
703: 15.3
704: 10.7
705: 10.9
706: 9.4
707: 8.3
708: 18.2
709: 15.1
710: 14.5
711: 16.0
712: 15.4
713: 9.6
714: 12.1
715: 13.7
716: 16.3
717: 14.6
718: 12.7
719: 11.4
720: 12.9
721: 18.7
722: 13.8
723: 9.7
724: 16.3
725: 8.8
726: 13.7
727: 13.1
728: 9.7
729: 14.8
730: 18.9
731: 9.4
732: 22.6
733: 19.5
734: 13.0
735: 16.8
736: 11.3
737: 14.2
738: 10.9
739: 13.9
740: 10.0
741: 16.7
742: 16.4
743: 12.4
744: 6.7
745: 17.2
746: 9.2
747: 10.3
748: 15.3
749: 18.8
750: 11.9
751: 10.5
752: 7.6
753: 11.4
754: 13.8
755: 11.4
756: 8.5
757: 6.8
758: 14.7
759: 18.2
760: 11.1
761: 18.3
762: 9.4
763: 13.3
764: 9.3
765: 11.5
766: 15.3
767: 13.9
768: 26.0
769: 19.2
770: 14.9
771: 22.4
772: 7.3
773: 16.6
774: 15.8
775: 19.7
776: 17.0
777: 15.1
778: 12.5
779: 19.6
780: 17.0
781: 16.3
782: 17.0
783: 19.8
784: 13.4
785: 8.0
786: 18.3
787: 18.4
788: 14.8
789: 13.5
790: 15.4
791: 17.4
792: 14.8
793: 15.6
794: 10.7
795: 17.6
796: 23.2
797: 21.9
798: 17.4
799: 11.5
800: 12.6
801: 17.3
802: 14.2
803: 13.3
804: 14.9
805: 17.8
806: 13.6
807: 16.2
808: 14.8
809: 11.1
810: 21.5
811: 17.7
812: 12.4
813: 21.4
814: 12.2
815: 10.7
816: 6.5
817: 9.5
818: 9.0
819: 8.0
820: 6.8
821: 17.9
822: 21.3
823: 11.5
824: 17.7
825: 14.8
826: 12.8
827: 17.0
828: 12.2
829: 11.2
830: 11.8
831: 19.6
832: 16.8
833: 13.9
834: 13.4
835: 13.8
836: 12.3
837: 10.5
838: 20.9
839: 17.5
840: 15.5
841: 9.8
842: 13.8
843: 17.7
844: 15.2
845: 14.0
846: 16.1
847: 20.4
848: 16.1
849: 12.3
850: 12.8
851: 18.1
852: 17.6
853: 11.8
854: 20.2
855: 19.9
856: 13.7
857: 19.7
858: 10.4
859: 14.9
860: 14.3
861: 12.9
862: 13.7
863: 20.0
864: 16.5
865: 8.1
866: 27.1
867: 16.0
868: 9.6
869: 18.5
870: 19.0
871: 13.5
872: 15.2
873: 16.3
874: 16.8
875: 14.2
876: 9.3
877: 15.9
878: 11.8
879: 8.4
880: 15.6
881: 16.9
882: 7.9
883: 26.0
884: 9.9
885: 14.9
886: 19.8
887: 15.9
888: 13.2
889: 16.8
890: 8.7
891: 17.7
892: 11.3
893: 15.6
894: 13.7
895: 19.6
896: 12.1
897: 28.5
898: 11.7
899: 15.6
900: 9.9
901: 12.4
902: 11.6
903: 16.5
904: 12.4
905: 17.9
906: 19.8
907: 11.5
908: 17.1
909: 24.9
910: 14.2
911: 14.5
912: 13.5
913: 9.9
914: 15.6
915: 11.8
916: 11.4
917: 17.0
918: 10.8
919: 11.6
920: 14.6
921: 16.3
922: 15.2
923: 16.9
924: 5.8
925: 12.0
926: 9.8
927: 8.9
928: 6.6
929: 9.5
930: 37.8
931: 16.7
932: 17.0
933: 14.0
934: 19.2
935: 15.7
936: 14.4
937: 20.1
938: 8.5
939: 15.2
940: 10.3
941: 22.5
942: 12.4
943: 11.2
944: 18.9
945: 14.0
946: 7.1
947: 7.2
948: 13.7
949: 20.6
950: 8.5
951: 9.5
952: 14.3
953: 9.9
954: 12.8
955: 9.1
956: 21.5
957: 22.2
958: 11.8
959: 12.0
960: 16.0
961: 13.0
962: 9.0
963: 11.7
964: 16.3
965: 12.4
966: 11.1
967: 17.2
968: 17.7
969: 10.8
970: 20.1
971: 16.0
972: 7.9
973: 23.3
974: 15.7
975: 19.3
976: 18.8
977: 9.1
978: 24.2
979: 14.7
980: 10.2
981: 13.2
982: 20.3
983: 11.8
984: 23.7
985: 11.7
986: 8.0
987: 13.1
988: 8.2
989: 10.4
990: 27.5
991: 14.6
992: 6.9
993: 13.8
994: 11.0
995: 16.1
996: 25.6
997: 10.7
998: 15.8
999: 17.7
