0: 46.5
1: 19.2
2: 18.9
3: 23.4
4: 19.8
5: 18.2
6: 17.0
7: 19.2
8: 16.8
9: 17.7
10: 15.0
11: 14.2
12: 23.9
13: 19.5
14: 25.5
15: 18.6
16: 18.7
17: 24.1
18: 12.6
19: 27.3
20: 19.8
21: 16.6
22: 16.5
23: 18.6
24: 26.1
25: 34.7
26: 24.8
27: 18.8
28: 16.3
29: 29.3
30: 19.6
31: 17.8
32: 20.8
33: 20.1
34: 15.0
35: 15.2
36: 14.9
37: 21.0
38: 18.3
39: 16.0
40: 17.5
41: 19.1
42: 20.0
43: 30.0
44: 18.2
45: 17.8
46: 17.0
47: 19.0
48: 21.4
49: 18.3
50: 19.5
51: 18.3
52: 18.0
53: 15.1
54: 16.3
55: 15.6
56: 20.0
57: 15.5
58: 17.4
59: 16.9
60: 17.2
61: 16.6
62: 19.9
63: 21.8
64: 20.2
65: 18.2
66: 16.7
67: 18.5
68: 17.0
69: 14.3
70: 18.1
71: 18.5
72: 24.8
73: 18.5
74: 17.6
75: 19.5
76: 17.4
77: 18.7
78: 16.9
79: 18.6
80: 18.4
81: 15.9
82: 19.9
83: 20.4
84: 22.3
85: 15.2
86: 13.5
87: 18.6
88: 23.4
89: 18.6
90: 17.6
91: 18.5
92: 18.1
93: 20.3
94: 18.8
95: 19.9
96: 16.2
97: 19.0
98: 16.8
99: 20.0
100: 19.7
101: 17.8
102: 17.6
103: 18.9
104: 14.9
105: 16.9
106: 21.7
107: 18.2
108: 18.3
109: 17.5
110: 16.8
111: 18.3
112: 18.6
113: 17.3
114: 20.9
115: 18.0
116: 17.3
117: 18.2
118: 25.5
119: 15.4
120: 18.3
121: 17.2
122: 15.7
123: 17.3
124: 18.8
125: 17.4
126: 17.4
127: 20.4
128: 20.3
129: 17.0
130: 15.7
131: 15.7
132: 17.2
133: 17.3
134: 19.0
135: 14.7
136: 18.7
137: 18.5
138: 16.5
139: 18.5
140: 18.5
141: 15.5
142: 19.0
143: 17.8
144: 15.5
145: 19.7
146: 18.8
147: 15.1
148: 16.7
149: 22.4
150: 20.8
151: 16.4
152: 14.8
153: 18.3
154: 18.3
155: 17.1
156: 17.3
157: 19.3
158: 17.4
159: 17.7
160: 17.3
161: 18.8
162: 17.4
163: 19.6
164: 16.7
165: 15.8
166: 19.2
167: 19.0
168: 23.0
169: 18.3
170: 17.7
171: 16.2
172: 17.2
173: 17.9
174: 17.2
175: 15.7
176: 17.0
177: 18.0
178: 16.9
179: 17.4
180: 19.1
181: 16.5
182: 17.1
183: 21.8
184: 20.1
185: 16.2
186: 20.6
187: 15.0
188: 16.1
189: 16.2
190: 16.8
191: 16.0
192: 17.2
193: 18.8
194: 16.2
195: 16.5
196: 22.0
197: 15.3
198: 16.0
199: 14.7
200: 17.7
201: 16.0
202: 19.2
203: 14.4
204: 17.8
205: 14.5
206: 18.0
207: 20.4
208: 18.0
209: 17.5
210: 17.7
211: 19.3
212: 25.0
213: 14.8
214: 15.3
215: 13.8
216: 19.0
217: 18.1
218: 21.6
219: 15.4
220: 15.5
221: 16.8
222: 16.7
223: 17.9
224: 15.4
225: 15.4
226: 14.8
227: 19.0
228: 15.7
229: 18.2
230: 23.2
231: 19.4
232: 18.6
233: 15.5
234: 18.1
235: 19.0
236: 12.5
237: 17.4
238: 20.0
239: 17.4
240: 21.6
241: 17.6
242: 16.8
243: 18.6
244: 16.9
245: 22.8
246: 19.4
247: 16.5
248: 18.9
249: 25.9
250: 22.6
251: 17.9
252: 19.4
253: 22.5
254: 18.6
255: 17.7
256: 24.3
257: 22.0
258: 23.8
259: 18.7
260: 13.3
261: 20.0
262: 23.8
263: 22.7
264: 18.7
265: 19.4
266: 18.6
267: 16.8
268: 17.8
269: 14.4
270: 20.1
271: 16.1
272: 14.9
273: 15.9
274: 21.2
275: 15.3
276: 20.0
277: 23.9
278: 16.6
279: 17.7
280: 14.3
281: 15.7
282: 15.3
283: 17.7
284: 18.1
285: 16.1
286: 20.9
287: 19.6
288: 18.6
289: 16.6
290: 17.4
291: 18.1
292: 19.9
293: 15.5
294: 15.2
295: 14.1
296: 20.2
297: 18.5
298: 17.3
299: 13.5
300: 18.4
301: 17.1
302: 30.1
303: 18.2
304: 13.6
305: 18.9
306: 20.0
307: 15.3
308: 15.5
309: 23.6
310: 19.0
311: 16.5
312: 21.3
313: 17.0
314: 16.6
315: 17.5
316: 20.8
317: 12.6
318: 19.1
319: 16.5
320: 16.9
321: 17.3
322: 18.8
323: 22.1
324: 12.7
325: 18.2
326: 21.2
327: 17.5
328: 16.5
329: 22.4
330: 18.5
331: 21.0
332: 19.2
333: 21.0
334: 20.0
335: 19.3
336: 22.2
337: 16.8
338: 16.0
339: 17.6
340: 15.9
341: 20.1
342: 18.1
343: 17.5
344: 21.6
345: 18.9
346: 18.0
347: 12.9
348: 19.6
349: 19.1
350: 21.8
351: 18.1
352: 20.2
353: 17.0
354: 19.8
355: 16.1
356: 16.8
357: 16.2
358: 16.8
359: 14.7
360: 20.0
361: 21.1
362: 18.1
363: 17.8
364: 19.1
365: 16.2
366: 17.2
367: 19.5
368: 18.0
369: 16.6
370: 16.7
371: 20.5
372: 16.9
373: 16.6
374: 16.6
375: 15.6
376: 20.6
377: 16.6
378: 15.3
379: 15.1
380: 17.4
381: 17.5
382: 19.9
383: 18.5
384: 19.2
385: 18.3
386: 17.2
387: 13.1
388: 16.9
389: 14.1
390: 17.8
391: 18.2
392: 17.6
393: 18.5
394: 13.6
395: 17.5
396: 17.2
397: 21.0
398: 23.4
399: 21.6
400: 16.6
401: 16.0
402: 17.7
403: 18.4
404: 20.3
405: 21.6
406: 17.1
407: 17.8
408: 16.9
409: 18.2
410: 15.7
411: 15.3
412: 20.3
413: 19.2
414: 18.1
415: 17.3
416: 23.2
417: 18.8
418: 17.0
419: 18.9
420: 18.1
421: 18.9
422: 20.0
423: 16.5
424: 17.9
425: 18.9
426: 16.2
427: 19.7
428: 17.1
429: 15.5
430: 12.2
431: 18.4
432: 16.7
433: 19.4
434: 16.1
435: 20.2
436: 18.5
437: 18.1
438: 17.0
439: 17.3
440: 18.8
441: 19.6
442: 17.4
443: 27.9
444: 18.0
445: 19.3
446: 16.9
447: 21.4
448: 20.5
449: 20.2
450: 15.1
451: 14.0
452: 17.9
453: 19.9
454: 18.1
455: 18.3
456: 22.8
457: 18.0
458: 18.6
459: 18.5
460: 16.1
461: 13.5
462: 19.9
463: 20.8
464: 17.8
465: 16.4
466: 21.2
467: 20.1
468: 16.9
469: 20.2
470: 18.2
471: 17.5
472: 16.6
473: 18.6
474: 20.1
475: 15.1
476: 16.2
477: 17.5
478: 17.3
479: 18.7
480: 16.4
481: 17.8
482: 20.4
483: 11.1
484: 17.3
485: 14.3
486: 14.7
487: 20.8
488: 17.2
489: 20.9
490: 20.0
491: 17.4
492: 16.2
493: 17.1
494: 16.6
495: 13.5
496: 17.7
497: 18.9
498: 17.8
499: 17.4
500: 16.2
501: 14.6
502: 18.5
503: 21.0
504: 17.9
505: 18.4
506: 18.5
507: 18.5
508: 15.8
509: 19.7
510: 14.8
511: 20.1
512: 16.3
513: 19.6
514: 17.0
515: 21.8
516: 17.1
517: 19.9
518: 19.0
519: 18.6
520: 16.0
521: 15.6
522: 17.7
523: 20.6
524: 18.4
525: 17.2
526: 19.3
527: 16.7
528: 17.8
529: 18.2
530: 17.8
531: 17.2
532: 20.3
533: 15.3
534: 18.5
535: 19.9
536: 17.4
537: 17.9
538: 17.6
539: 18.9
540: 18.5
541: 16.0
542: 19.4
543: 18.7
544: 21.4
545: 18.8
546: 21.0
547: 16.6
548: 18.9
549: 19.0
550: 16.8
551: 19.5
552: 18.9
553: 16.0
554: 17.7
555: 20.2
556: 18.8
557: 17.5
558: 19.2
559: 21.5
560: 17.8
561: 20.8
562: 17.8
563: 15.9
564: 21.3
565: 18.5
566: 20.5
567: 16.9
568: 16.9
569: 15.6
570: 17.6
571: 17.1
572: 18.7
573: 15.5
574: 19.9
575: 11.9
576: 19.0
577: 17.1
578: 19.1
579: 17.3
580: 18.1
581: 18.2
582: 13.4
583: 15.8
584: 16.2
585: 18.9
586: 16.7
587: 22.5
588: 17.2
589: 17.3
590: 19.6
591: 17.4
592: 18.2
593: 18.9
594: 22.3
595: 18.0
596: 17.6
597: 20.6
598: 19.4
599: 13.8
600: 23.2
601: 18.4
602: 18.6
603: 14.9
604: 16.0
605: 19.3
606: 14.7
607: 21.3
608: 19.1
609: 19.4
610: 19.7
611: 30.4
612: 14.1
613: 17.3
614: 18.9
615: 17.4
616: 17.9
617: 14.9
618: 14.0
619: 14.2
620: 17.4
621: 17.1
622: 12.0
623: 21.8
624: 17.2
625: 21.0
626: 15.8
627: 19.5
628: 18.2
629: 15.1
630: 13.7
631: 18.5
632: 17.4
633: 20.3
634: 16.3
635: 19.2
636: 19.6
637: 17.0
638: 15.2
639: 18.9
640: 13.7
641: 17.6
642: 20.7
643: 19.4
644: 20.0
645: 18.3
646: 15.7
647: 18.9
648: 20.2
649: 19.4
650: 21.2
651: 15.2
652: 20.9
653: 15.0
654: 15.7
655: 21.4
656: 18.3
657: 17.8
658: 18.9
659: 13.7
660: 16.1
661: 22.4
662: 16.0
663: 23.2
664: 16.2
665: 17.0
666: 18.7
667: 19.5
668: 16.4
669: 20.9
670: 15.8
671: 19.2
672: 18.2
673: 13.8
674: 15.0
675: 21.1
676: 18.4
677: 16.8
678: 19.2
679: 17.4
680: 21.0
681: 16.6
682: 19.6
683: 13.0
684: 20.3
685: 15.0
686: 17.1
687: 15.3
688: 16.7
689: 16.6
690: 16.4
691: 17.5
692: 19.0
693: 19.3
694: 18.4
695: 15.3
696: 21.0
697: 16.1
698: 22.6
699: 18.7
700: 19.0
701: 17.0
702: 16.3
703: 20.2
704: 16.3
705: 16.9
706: 20.1
707: 18.0
708: 16.9
709: 16.3
710: 18.0
711: 10.8
712: 11.6
713: 20.7
714: 21.2
715: 14.1
716: 17.2
717: 19.7
718: 18.2
719: 18.8
720: 19.9
721: 14.6
722: 15.3
723: 17.2
724: 19.0
725: 17.0
726: 20.5
727: 17.4
728: 15.5
729: 20.2
730: 14.0
731: 15.0
732: 16.5
733: 19.6
734: 18.9
735: 16.0
736: 19.5
737: 18.3
738: 17.8
739: 19.6
740: 13.0
741: 16.8
742: 17.0
743: 18.8
744: 15.2
745: 18.5
746: 16.7
747: 18.3
748: 16.7
749: 18.3
750: 17.9
751: 18.2
752: 17.3
753: 19.0
754: 18.7
755: 17.2
756: 18.6
757: 17.4
758: 16.7
759: 20.7
760: 16.0
761: 15.6
762: 18.3
763: 17.1
764: 16.2
765: 18.9
766: 21.0
767: 16.4
768: 24.9
769: 14.1
770: 14.9
771: 20.5
772: 21.6
773: 18.5
774: 17.8
775: 14.7
776: 17.6
777: 19.2
778: 19.6
779: 19.5
780: 18.4
781: 21.0
782: 18.5
783: 19.9
784: 22.0
785: 14.7
786: 16.7
787: 17.4
788: 19.5
789: 17.8
790: 17.1
791: 13.6
792: 16.8
793: 22.8
794: 17.6
795: 18.8
796: 19.5
797: 17.1
798: 17.4
799: 16.6
800: 19.6
801: 17.2
802: 17.3
803: 17.5
804: 19.9
805: 19.8
806: 15.0
807: 16.3
808: 17.9
809: 15.7
810: 19.9
811: 20.5
812: 15.5
813: 17.9
814: 17.8
815: 17.8
816: 14.5
817: 15.7
818: 17.7
819: 12.0
820: 18.7
821: 18.5
822: 19.4
823: 19.5
824: 15.5
825: 14.7
826: 17.5
827: 16.9
828: 18.1
829: 9.9
830: 16.4
831: 20.5
832: 17.0
833: 17.2
834: 16.0
835: 19.5
836: 16.6
837: 18.2
838: 21.6
839: 15.5
840: 17.5
841: 22.7
842: 15.0
843: 21.9
844: 21.8
845: 18.0
846: 17.0
847: 20.9
848: 16.0
849: 13.3
850: 15.0
851: 18.0
852: 18.6
853: 17.0
854: 18.8
855: 19.2
856: 19.0
857: 19.3
858: 21.2
859: 16.3
860: 17.5
861: 16.8
862: 19.6
863: 19.3
864: 19.6
865: 15.3
866: 21.9
867: 21.3
868: 18.0
869: 14.4
870: 16.8
871: 17.9
872: 16.6
873: 14.1
874: 18.9
875: 19.2
876: 18.0
877: 14.8
878: 18.6
879: 17.6
880: 20.1
881: 16.9
882: 20.3
883: 21.7
884: 15.8
885: 15.2
886: 18.2
887: 22.0
888: 16.4
889: 19.4
890: 23.3
891: 16.6
892: 18.9
893: 19.7
894: 17.7
895: 18.0
896: 14.9
897: 16.3
898: 18.2
899: 21.6
900: 16.7
901: 19.4
902: 17.7
903: 19.0
904: 14.1
905: 18.8
906: 25.7
907: 23.8
908: 21.3
909: 19.1
910: 19.1
911: 21.0
912: 17.4
913: 17.9
914: 16.8
915: 19.7
916: 14.4
917: 17.8
918: 17.6
919: 17.1
920: 16.1
921: 17.9
922: 20.4
923: 18.5
924: 16.1
925: 16.3
926: 25.9
927: 17.9
928: 15.0
929: 28.4
930: 15.5
931: 20.7
932: 16.6
933: 20.2
934: 22.3
935: 19.4
936: 18.4
937: 21.8
938: 20.4
939: 19.1
940: 17.8
941: 19.6
942: 19.2
943: 16.9
944: 19.1
945: 17.0
946: 18.5
947: 18.8
948: 15.9
949: 18.4
950: 17.7
951: 12.7
952: 21.8
953: 14.1
954: 15.2
955: 17.9
956: 18.0
957: 16.5
958: 20.5
959: 21.5
960: 22.7
961: 15.5
962: 15.3
963: 15.8
964: 23.1
965: 17.1
966: 16.2
967: 19.4
968: 19.8
969: 16.6
970: 13.3
971: 19.9
972: 15.6
973: 18.3
974: 16.8
975: 16.7
976: 15.8
977: 16.7
978: 21.7
979: 23.0
980: 19.7
981: 17.7
982: 18.4
983: 16.9
984: 17.9
985: 21.9
986: 21.4
987: 15.7
988: 13.9
989: 19.3
990: 19.9
991: 15.0
992: 20.2
993: 17.8
994: 15.6
995: 15.4
996: 16.5
997: 17.3
998: 17.7
999: 15.9
