0: 19.0
1: 79.7
2: 40.6
3: 74.1
4: 72.0
5: 73.1
6: 76.0
7: 93.8
8: 71.4
9: 60.8
10: 75.5
11: 89.0
12: 87.6
13: 73.2
14: 75.6
15: 78.7
16: 86.2
17: 77.0
18: 75.1
19: 90.1
20: 92.3
21: 84.3
22: 85.5
23: 82.2
24: 92.5
25: 84.0
26: 89.0
27: 81.9
28: 82.5
29: 89.8
30: 86.3
31: 79.5
32: 93.6
33: 82.9
34: 72.3
35: 78.4
36: 89.2
37: 94.2
38: 71.5
39: 89.0
40: 61.0
41: 85.4
42: 91.8
43: 87.8
44: 87.0
45: 83.7
46: 86.1
47: 74.3
48: 81.4
49: 90.7
50: 76.0
51: 78.5
52: 71.5
53: 73.8
54: 89.0
55: 92.0
56: 87.7
57: 85.9
58: 79.8
59: 84.7
60: 92.1
61: 81.9
62: 78.2
63: 94.4
64: 79.1
65: 93.5
66: 71.7
67: 84.6
68: 82.4
69: 72.3
70: 87.7
71: 84.4
72: 88.0
73: 55.1
74: 79.7
75: 83.2
76: 80.2
77: 92.3
78: 72.6
79: 87.9
80: 80.5
81: 85.8
82: 88.4
83: 84.0
84: 85.8
85: 73.7
86: 78.4
87: 64.7
88: 78.1
89: 81.6
90: 92.8
91: 93.7
92: 92.3
93: 82.3
94: 66.9
95: 88.3
96: 87.9
97: 69.8
98: 57.1
99: 85.8
100: 80.2
101: 72.5
102: 80.3
103: 80.8
104: 78.2
105: 73.7
106: 88.8
107: 75.4
108: 77.2
109: 76.0
110: 89.5
111: 87.6
112: 81.8
113: 85.4
114: 88.4
115: 81.6
116: 87.9
117: 87.3
118: 93.2
119: 63.5
120: 78.4
121: 70.1
122: 79.6
123: 83.6
124: 78.6
125: 71.6
126: 82.8
127: 68.8
128: 87.6
129: 68.6
130: 72.1
131: 83.9
132: 73.2
133: 88.3
134: 82.6
135: 87.1
136: 86.5
137: 73.2
138: 78.6
139: 88.9
140: 79.3
141: 92.6
142: 85.4
143: 69.9
144: 84.2
145: 84.8
146: 66.9
147: 71.8
148: 65.2
149: 83.8
150: 73.3
151: 79.0
152: 64.9
153: 73.1
154: 87.5
155: 87.1
156: 87.1
157: 83.1
158: 81.8
159: 68.3
160: 79.2
161: 76.0
162: 70.6
163: 83.6
164: 80.1
165: 87.1
166: 75.9
167: 54.5
168: 84.1
169: 84.6
170: 60.7
171: 83.0
172: 92.6
173: 77.7
174: 70.1
175: 89.0
176: 70.4
177: 71.6
178: 68.6
179: 70.5
180: 85.4
181: 86.6
182: 68.9
183: 74.8
184: 86.4
185: 73.5
186: 89.8
187: 71.8
188: 62.7
189: 61.0
190: 84.7
191: 72.9
192: 89.9
193: 77.5
194: 83.0
195: 76.2
196: 86.1
197: 66.1
198: 77.7
199: 86.2
200: 75.9
201: 80.7
202: 90.1
203: 81.6
204: 78.9
205: 78.9
206: 70.7
207: 80.5
208: 74.6
209: 69.4
210: 84.6
211: 80.6
212: 89.6
213: 71.2
214: 86.4
215: 71.4
216: 84.6
217: 79.7
218: 87.0
219: 72.7
220: 79.0
221: 91.8
222: 69.1
223: 58.3
224: 81.8
225: 68.2
226: 73.0
227: 86.9
228: 84.0
229: 74.9
230: 88.4
231: 65.6
232: 85.2
233: 71.1
234: 79.8
235: 92.5
236: 70.9
237: 74.7
238: 77.6
239: 85.5
240: 88.8
241: 76.0
242: 59.4
243: 78.4
244: 85.3
245: 82.1
246: 86.4
247: 93.0
248: 89.7
249: 90.8
250: 82.7
251: 91.7
252: 92.1
253: 83.8
254: 87.8
255: 85.3
256: 85.5
257: 91.5
258: 87.5
259: 70.3
260: 85.6
261: 64.6
262: 91.9
263: 87.2
264: 47.2
265: 87.5
266: 83.2
267: 89.1
268: 86.4
269: 67.2
270: 88.8
271: 77.9
272: 62.9
273: 59.7
274: 88.1
275: 86.8
276: 92.2
277: 91.3
278: 49.2
279: 75.7
280: 74.6
281: 65.3
282: 88.8
283: 63.8
284: 91.7
285: 57.0
286: 61.4
287: 72.3
288: 88.4
289: 63.9
290: 79.6
291: 59.7
292: 83.6
293: 61.6
294: 85.0
295: 84.3
296: 65.4
297: 55.1
298: 69.4
299: 68.2
300: 61.6
301: 82.8
302: 89.3
303: 84.2
304: 81.9
305: 80.8
306: 79.0
307: 54.7
308: 69.4
309: 75.8
310: 86.9
311: 75.0
312: 64.2
313: 79.6
314: 76.8
315: 73.2
316: 83.9
317: 83.4
318: 81.6
319: 85.1
320: 68.6
321: 75.7
322: 66.3
323: 78.9
324: 77.3
325: 72.1
326: 58.0
327: 54.2
328: 71.4
329: 71.8
330: 75.1
331: 65.9
332: 78.0
333: 53.9
334: 88.1
335: 62.9
336: 93.6
337: 45.1
338: 48.5
339: 45.8
340: 72.9
341: 81.0
342: 58.5
343: 67.0
344: 84.2
345: 80.6
346: 46.5
347: 49.7
348: 70.9
349: 90.2
350: 69.4
351: 89.6
352: 91.9
353: 89.1
354: 82.5
355: 67.6
356: 71.4
357: 89.3
358: 45.5
359: 57.1
360: 73.8
361: 78.1
362: 89.8
363: 80.9
364: 52.0
365: 74.4
366: 86.3
367: 62.7
368: 71.6
369: 72.0
370: 72.0
371: 53.8
372: 47.7
373: 68.5
374: 85.1
375: 82.0
376: 57.4
377: 81.1
378: 89.0
379: 75.6
380: 65.9
381: 81.2
382: 48.0
383: 77.4
384: 77.3
385: 86.6
386: 44.5
387: 87.0
388: 68.7
389: 58.1
390: 79.4
391: 72.3
392: 75.0
393: 51.6
394: 72.2
395: 81.3
396: 35.8
397: 82.0
398: 74.6
399: 70.0
400: 85.1
401: 63.8
402: 55.8
403: 88.6
404: 86.7
405: 49.1
406: 83.2
407: 88.1
408: 64.8
409: 90.2
410: 61.2
411: 76.0
412: 77.2
413: 54.6
414: 82.0
415: 49.0
416: 87.6
417: 43.8
418: 62.9
419: 88.0
420: 58.3
421: 53.3
422: 88.0
423: 68.8
424: 78.3
425: 64.4
426: 70.5
427: 91.6
428: 71.3
429: 63.9
430: 88.8
431: 57.3
432: 80.5
433: 87.2
434: 52.8
435: 90.2
436: 39.3
437: 89.8
438: 85.9
439: 62.5
440: 44.3
441: 85.9
442: 40.7
443: 94.2
444: 85.7
445: 69.5
446: 53.1
447: 89.0
448: 39.7
449: 90.6
450: 74.5
451: 81.7
452: 77.8
453: 92.0
454: 84.3
455: 60.1
456: 82.1
457: 70.6
458: 71.2
459: 66.8
460: 81.6
461: 54.2
462: 35.6
463: 50.0
464: 51.7
465: 63.5
466: 92.1
467: 51.4
468: 52.6
469: 68.6
470: 81.2
471: 83.0
472: 88.0
473: 72.1
474: 82.8
475: 50.4
476: 86.0
477: 87.2
478: 60.4
479: 61.5
480: 66.3
481: 80.1
482: 76.4
483: 45.9
484: 85.9
485: 64.6
486: 37.7
487: 77.8
488: 85.9
489: 90.7
490: 82.8
491: 51.4
492: 89.0
493: 76.1
494: 64.9
495: 74.1
496: 66.1
497: 81.0
498: 74.8
499: 90.7
500: 51.5
501: 65.0
502: 92.1
503: 81.4
504: 77.4
505: 84.0
506: 51.8
507: 73.3
508: 92.9
509: 76.6
510: 57.5
511: 92.9
512: 67.6
513: 94.8
514: 79.4
515: 76.1
516: 74.1
517: 87.1
518: 48.3
519: 85.1
520: 85.9
521: 54.5
522: 70.0
523: 58.1
524: 87.2
525: 83.5
526: 91.3
527: 65.0
528: 74.5
529: 70.7
530: 80.5
531: 78.9
532: 82.1
533: 69.6
534: 66.5
535: 79.6
536: 52.2
537: 70.3
538: 66.7
539: 56.9
540: 76.9
541: 81.7
542: 92.5
543: 89.8
544: 81.2
545: 86.5
546: 87.3
547: 84.0
548: 78.4
549: 77.7
550: 87.7
551: 84.2
552: 76.8
553: 88.2
554: 88.1
555: 61.1
556: 87.8
557: 77.5
558: 80.1
559: 85.9
560: 82.4
561: 85.0
562: 92.4
563: 89.9
564: 89.0
565: 85.7
566: 80.1
567: 91.9
568: 72.9
569: 80.4
570: 93.4
571: 62.9
572: 61.8
573: 93.7
574: 59.1
575: 75.5
576: 65.8
577: 81.5
578: 90.9
579: 42.1
580: 82.6
581: 89.0
582: 94.7
583: 88.4
584: 62.8
585: 73.9
586: 93.4
587: 73.5
588: 69.5
589: 78.5
590: 68.9
591: 86.9
592: 74.2
593: 65.9
594: 57.5
595: 71.2
596: 63.3
597: 85.2
598: 90.0
599: 71.6
600: 85.2
601: 87.6
602: 85.6
603: 83.2
604: 61.5
605: 90.3
606: 62.9
607: 80.7
608: 64.7
609: 61.1
610: 73.9
611: 89.5
612: 67.6
613: 75.6
614: 73.0
615: 86.3
616: 76.5
617: 71.9
618: 56.4
619: 86.8
620: 59.6
621: 89.8
622: 49.0
623: 91.0
624: 76.8
625: 78.2
626: 73.2
627: 80.7
628: 86.5
629: 78.9
630: 73.7
631: 56.3
632: 58.7
633: 85.7
634: 69.1
635: 83.7
636: 87.9
637: 83.2
638: 72.4
639: 70.4
640: 83.0
641: 70.7
642: 92.1
643: 70.9
644: 81.4
645: 76.3
646: 49.2
647: 84.3
648: 90.5
649: 65.6
650: 90.7
651: 80.4
652: 81.3
653: 57.4
654: 73.1
655: 82.6
656: 47.6
657: 83.6
658: 71.5
659: 44.7
660: 79.7
661: 80.4
662: 62.4
663: 82.6
664: 53.7
665: 38.8
666: 91.7
667: 74.6
668: 73.3
669: 81.5
670: 68.9
671: 85.4
672: 64.6
673: 54.6
674: 48.3
675: 57.3
676: 69.7
677: 76.8
678: 49.0
679: 70.6
680: 86.3
681: 62.4
682: 81.4
683: 79.8
684: 85.7
685: 71.5
686: 69.9
687: 68.9
688: 60.1
689: 78.1
690: 89.5
691: 68.5
692: 81.5
693: 70.8
694: 76.5
695: 70.9
696: 78.2
697: 93.5
698: 79.9
699: 67.2
700: 79.5
701: 63.9
702: 82.1
703: 78.7
704: 58.0
705: 84.8
706: 55.1
707: 75.4
708: 85.7
709: 60.2
710: 66.1
711: 61.8
712: 59.7
713: 71.7
714: 93.2
715: 76.3
716: 61.4
717: 95.0
718: 34.1
719: 86.4
720: 85.1
721: 86.9
722: 78.5
723: 71.9
724: 77.4
725: 41.6
726: 55.4
727: 88.5
728: 73.2
729: 71.9
730: 77.9
731: 71.2
732: 80.2
733: 77.8
734: 74.4
735: 74.4
736: 72.9
737: 89.0
738: 56.0
739: 55.4
740: 60.9
741: 63.3
742: 66.9
743: 63.3
744: 83.9
745: 62.6
746: 60.5
747: 64.9
748: 71.5
749: 86.5
750: 62.0
751: 72.3
752: 35.3
753: 88.9
754: 91.0
755: 42.7
756: 72.2
757: 73.9
758: 77.2
759: 61.5
760: 77.7
761: 65.9
762: 53.3
763: 62.1
764: 88.5
765: 62.6
766: 48.8
767: 72.1
768: 90.8
769: 64.8
770: 60.5
771: 83.0
772: 67.7
773: 81.5
774: 79.0
775: 78.9
776: 74.6
777: 83.8
778: 88.8
779: 44.3
780: 87.7
781: 77.4
782: 89.7
783: 90.7
784: 88.7
785: 74.8
786: 66.9
787: 86.3
788: 83.1
789: 85.1
790: 82.2
791: 32.6
792: 43.2
793: 85.7
794: 72.5
795: 84.4
796: 89.9
797: 75.5
798: 43.7
799: 82.4
800: 78.4
801: 80.8
802: 52.2
803: 71.5
804: 49.7
805: 48.6
806: 78.5
807: 66.2
808: 89.9
809: 81.0
810: 82.9
811: 90.8
812: 73.3
813: 65.0
814: 69.6
815: 81.7
816: 81.2
817: 85.8
818: 45.9
819: 47.0
820: 73.1
821: 80.2
822: 80.5
823: 82.0
824: 91.6
825: 59.4
826: 71.1
827: 64.6
828: 49.1
829: 53.9
830: 67.8
831: 84.5
832: 71.8
833: 81.2
834: 70.7
835: 71.2
836: 82.5
837: 83.9
838: 91.4
839: 92.2
840: 71.2
841: 68.7
842: 72.1
843: 67.5
844: 93.9
845: 75.8
846: 74.4
847: 72.1
848: 69.0
849: 80.0
850: 84.8
851: 66.0
852: 70.1
853: 76.9
854: 54.3
855: 57.0
856: 86.1
857: 91.5
858: 68.8
859: 46.2
860: 90.1
861: 79.7
862: 83.3
863: 82.1
864: 87.0
865: 88.6
866: 86.4
867: 73.8
868: 71.8
869: 65.7
870: 73.4
871: 81.2
872: 55.2
873: 94.1
874: 67.8
875: 47.0
876: 84.5
877: 55.6
878: 63.3
879: 78.4
880: 83.2
881: 54.1
882: 74.3
883: 75.1
884: 66.6
885: 86.5
886: 90.1
887: 85.0
888: 72.5
889: 71.5
890: 65.9
891: 73.8
892: 86.5
893: 65.1
894: 86.1
895: 82.0
896: 78.2
897: 87.5
898: 91.9
899: 88.3
900: 50.6
901: 91.0
902: 86.9
903: 53.8
904: 71.5
905: 92.5
906: 59.2
907: 81.0
908: 86.8
909: 83.0
910: 86.6
911: 88.0
912: 69.7
913: 45.2
914: 72.4
915: 79.6
916: 74.3
917: 60.9
918: 80.1
919: 86.1
920: 59.9
921: 50.8
922: 78.5
923: 79.3
924: 63.4
925: 74.4
926: 88.4
927: 93.4
928: 76.9
929: 81.3
930: 89.8
931: 59.9
932: 60.8
933: 95.2
934: 85.7
935: 86.9
936: 81.8
937: 85.6
938: 51.5
939: 88.9
940: 64.4
941: 75.0
942: 91.7
943: 85.2
944: 87.2
945: 83.4
946: 75.4
947: 84.5
948: 89.3
949: 79.0
950: 82.5
951: 65.9
952: 91.2
953: 80.6
954: 78.4
955: 80.7
956: 85.0
957: 83.2
958: 66.0
959: 79.7
960: 92.5
961: 67.8
962: 77.9
963: 65.2
964: 77.6
965: 57.0
966: 93.4
967: 74.2
968: 67.5
969: 43.4
970: 87.6
971: 59.3
972: 84.4
973: 42.4
974: 81.9
975: 65.3
976: 53.3
977: 91.0
978: 91.1
979: 94.2
980: 67.4
981: 93.5
982: 79.9
983: 50.8
984: 87.5
985: 84.6
986: 75.4
987: 71.5
988: 57.0
989: 89.9
990: 93.4
991: 75.5
992: 68.2
993: 71.0
994: 83.1
995: 91.4
996: 82.4
997: 54.2
998: 85.7
999: 89.3
