0: 94.1
1: 91.9
2: 92.3
3: 93.6
4: 92.2
5: 91.1
6: 92.2
7: 93.8
8: 90.6
9: 92.8
10: 90.5
11: 89.0
12: 94.1
13: 89.1
14: 90.1
15: 94.4
16: 93.2
17: 90.9
18: 92.4
19: 93.5
20: 93.6
21: 90.1
22: 90.3
23: 92.0
24: 92.5
25: 94.1
26: 94.9
27: 89.6
28: 87.8
29: 92.2
30: 92.4
31: 90.5
32: 93.6
33: 93.1
34: 82.6
35: 90.4
36: 89.6
37: 94.2
38: 95.0
39: 94.5
40: 84.8
41: 92.5
42: 91.8
43: 92.4
44: 90.1
45: 91.6
46: 90.3
47: 84.3
48: 95.8
49: 92.4
50: 94.3
51: 91.8
52: 91.3
53: 86.9
54: 90.9
55: 93.3
56: 94.3
57: 89.5
58: 90.5
59: 91.8
60: 94.1
61: 81.9
62: 92.6
63: 94.4
64: 92.9
65: 93.5
66: 93.4
67: 93.2
68: 86.6
69: 85.2
70: 91.9
71: 89.0
72: 93.0
73: 87.8
74: 86.3
75: 93.9
76: 91.9
77: 92.3
78: 88.2
79: 91.8
80: 80.5
81: 90.7
82: 99.6
83: 92.4
84: 92.8
85: 81.3
86: 89.0
87: 84.1
88: 95.5
89: 93.7
90: 93.1
91: 94.6
92: 92.3
93: 91.7
94: 80.5
95: 92.2
96: 88.0
97: 90.3
98: 89.4
99: 89.7
100: 89.4
101: 92.9
102: 91.9
103: 87.8
104: 88.9
105: 89.3
106: 95.1
107: 89.0
108: 90.7
109: 87.5
110: 90.4
111: 89.3
112: 90.7
113: 88.8
114: 88.8
115: 85.9
116: 87.9
117: 88.9
118: 93.2
119: 88.4
120: 88.9
121: 93.0
122: 90.3
123: 92.4
124: 90.6
125: 87.8
126: 87.5
127: 90.0
128: 91.8
129: 88.8
130: 83.3
131: 93.3
132: 84.3
133: 93.4
134: 87.5
135: 92.4
136: 91.7
137: 88.7
138: 78.6
139: 92.9
140: 86.9
141: 92.6
142: 91.0
143: 84.6
144: 90.6
145: 93.8
146: 89.3
147: 91.3
148: 89.2
149: 90.1
150: 88.8
151: 85.5
152: 88.4
153: 86.7
154: 87.5
155: 87.1
156: 95.0
157: 93.1
158: 91.9
159: 85.8
160: 86.1
161: 87.1
162: 87.7
163: 93.1
164: 90.9
165: 91.6
166: 92.0
167: 89.8
168: 86.2
169: 90.8
170: 87.9
171: 87.0
172: 92.6
173: 87.9
174: 90.0
175: 89.0
176: 90.0
177: 87.4
178: 88.7
179: 91.6
180: 88.3
181: 92.6
182: 85.8
183: 90.7
184: 89.4
185: 89.6
186: 89.8
187: 83.3
188: 92.7
189: 79.0
190: 89.0
191: 81.9
192: 89.9
193: 90.3
194: 91.6
195: 81.2
196: 94.7
197: 90.2
198: 91.7
199: 91.2
200: 90.1
201: 88.3
202: 91.1
203: 90.3
204: 91.5
205: 90.6
206: 89.5
207: 90.3
208: 91.9
209: 89.5
210: 89.4
211: 89.0
212: 94.7
213: 76.0
214: 86.4
215: 91.0
216: 90.0
217: 90.2
218: 92.7
219: 75.4
220: 90.4
221: 91.8
222: 83.7
223: 92.5
224: 92.6
225: 89.3
226: 87.5
227: 91.4
228: 90.6
229: 91.1
230: 91.9
231: 91.1
232: 89.6
233: 90.0
234: 86.4
235: 92.5
236: 77.2
237: 91.8
238: 87.3
239: 87.0
240: 89.5
241: 87.6
242: 86.2
243: 87.0
244: 91.5
245: 92.0
246: 92.7
247: 93.0
248: 92.7
249: 92.6
250: 92.6
251: 92.4
252: 92.5
253: 92.8
254: 92.7
255: 92.7
256: 92.7
257: 93.0
258: 92.8
259: 90.8
260: 91.4
261: 87.0
262: 91.9
263: 93.8
264: 69.0
265: 93.7
266: 93.2
267: 89.1
268: 93.9
269: 86.2
270: 91.7
271: 89.3
272: 87.8
273: 93.1
274: 93.3
275: 91.8
276: 95.7
277: 91.3
278: 92.6
279: 95.7
280: 83.8
281: 89.6
282: 93.6
283: 86.5
284: 94.0
285: 85.9
286: 90.7
287: 90.2
288: 93.8
289: 84.9
290: 85.9
291: 83.6
292: 90.0
293: 77.9
294: 88.8
295: 87.7
296: 88.7
297: 93.8
298: 93.7
299: 72.6
300: 90.0
301: 91.5
302: 92.4
303: 91.9
304: 89.3
305: 89.8
306: 90.7
307: 91.6
308: 91.8
309: 92.9
310: 90.9
311: 90.9
312: 89.9
313: 93.1
314: 91.4
315: 93.4
316: 86.6
317: 83.4
318: 93.5
319: 92.2
320: 90.0
321: 88.5
322: 90.9
323: 94.3
324: 85.9
325: 92.1
326: 93.7
327: 80.8
328: 85.7
329: 90.2
330: 87.8
331: 90.5
332: 92.9
333: 93.2
334: 93.8
335: 91.4
336: 93.6
337: 93.4
338: 88.5
339: 91.6
340: 81.5
341: 90.2
342: 91.2
343: 89.5
344: 91.1
345: 85.9
346: 91.2
347: 84.9
348: 90.7
349: 94.3
350: 92.2
351: 90.6
352: 95.0
353: 94.6
354: 82.5
355: 84.0
356: 85.1
357: 91.7
358: 91.9
359: 91.2
360: 91.4
361: 93.5
362: 93.3
363: 94.0
364: 96.2
365: 89.4
366: 93.6
367: 92.2
368: 92.6
369: 88.4
370: 93.2
371: 88.6
372: 86.4
373: 85.2
374: 91.9
375: 90.4
376: 91.4
377: 93.9
378: 89.1
379: 85.2
380: 86.6
381: 93.3
382: 91.1
383: 90.5
384: 89.7
385: 92.2
386: 87.5
387: 91.5
388: 89.8
389: 89.6
390: 87.3
391: 87.7
392: 88.4
393: 90.5
394: 83.1
395: 91.8
396: 90.8
397: 92.8
398: 92.5
399: 92.7
400: 87.4
401: 86.4
402: 93.5
403: 88.7
404: 88.4
405: 89.1
406: 90.4
407: 94.4
408: 95.0
409: 94.8
410: 83.3
411: 84.6
412: 92.5
413: 93.4
414: 92.7
415: 93.2
416: 87.6
417: 92.3
418: 86.0
419: 93.1
420: 86.7
421: 83.5
422: 88.0
423: 82.9
424: 88.3
425: 88.1
426: 87.4
427: 91.6
428: 84.3
429: 81.4
430: 88.8
431: 90.0
432: 89.7
433: 87.2
434: 90.6
435: 91.6
436: 92.2
437: 93.6
438: 92.8
439: 90.6
440: 82.4
441: 94.2
442: 91.5
443: 94.2
444: 93.0
445: 92.7
446: 92.0
447: 92.6
448: 98.1
449: 90.6
450: 91.9
451: 91.2
452: 91.9
453: 95.8
454: 92.0
455: 90.7
456: 95.7
457: 92.9
458: 80.8
459: 91.7
460: 17.5
461: 16.0
462: 16.7
463: 14.1
464: 12.8
465: 14.6
466: 22.4
467: 18.7
468: 15.9
469: 18.7
470: 18.6
471: 12.9
472: 23.0
473: 13.9
474: 10.9
475: 12.9
476: 22.2
477: 13.0
478: 13.3
479: 25.4
480: 18.1
481: 16.2
482: 16.9
483: 14.6
484: 13.4
485: 15.8
486: 13.8
487: 12.9
488: 21.3
489: 16.3
490: 17.2
491: 14.4
492: 16.2
493: 17.1
494: 17.5
495: 16.5
496: 14.6
497: 27.6
498: 13.9
499: 23.3
500: 16.8
501: 15.1
502: 15.7
503: 24.4
504: 15.6
505: 20.7
506: 16.5
507: 21.9
508: 22.0
509: 14.8
510: 15.1
511: 21.3
512: 18.6
513: 19.4
514: 18.0
515: 15.2
516: 14.6
517: 19.6
518: 16.1
519: 17.9
520: 19.3
521: 18.8
522: 12.9
523: 14.8
524: 20.0
525: 18.9
526: 15.1
527: 13.6
528: 18.8
529: 12.2
530: 14.3
531: 21.6
532: 18.8
533: 14.0
534: 15.9
535: 15.0
536: 19.1
537: 17.1
538: 13.3
539: 15.2
540: 13.3
541: 15.0
542: 18.7
543: 15.3
544: 17.2
545: 29.6
546: 19.2
547: 12.5
548: 16.7
549: 17.1
550: 18.9
551: 22.3
552: 18.0
553: 17.9
554: 19.8
555: 15.4
556: 16.7
557: 16.9
558: 18.0
559: 22.6
560: 16.9
561: 21.8
562: 21.0
563: 24.3
564: 18.5
565: 18.0
566: 19.1
567: 18.3
568: 19.9
569: 13.8
570: 13.8
571: 13.4
572: 13.6
573: 21.1
574: 14.4
575: 14.2
576: 16.8
577: 15.0
578: 16.2
579: 19.0
580: 21.6
581: 9.8
582: 31.6
583: 18.4
584: 14.5
585: 17.1
586: 26.9
587: 16.1
588: 18.2
589: 16.4
590: 17.4
591: 15.5
592: 17.8
593: 14.8
594: 15.6
595: 14.1
596: 19.1
597: 14.3
598: 17.0
599: 38.1
600: 18.0
601: 16.6
602: 14.0
603: 21.0
604: 15.7
605: 22.9
606: 15.4
607: 26.8
608: 20.3
609: 17.4
610: 15.0
611: 17.8
612: 18.8
613: 18.3
614: 16.9
615: 13.2
616: 18.9
617: 14.6
618: 14.9
619: 18.0
620: 14.7
621: 16.5
622: 12.1
623: 15.9
624: 21.5
625: 14.6
626: 15.3
627: 19.2
628: 19.9
629: 17.7
630: 16.6
631: 15.2
632: 16.9
633: 14.5
634: 20.8
635: 16.5
636: 12.3
637: 15.5
638: 13.5
639: 20.4
640: 19.2
641: 15.1
642: 17.2
643: 16.0
644: 18.6
645: 26.0
646: 12.4
647: 16.4
648: 19.3
649: 15.4
650: 22.0
651: 12.1
652: 25.7
653: 13.4
654: 17.8
655: 24.4
656: 16.2
657: 17.0
658: 18.6
659: 14.1
660: 15.8
661: 17.4
662: 16.3
663: 21.3
664: 12.8
665: 13.6
666: 16.3
667: 17.5
668: 17.0
669: 19.0
670: 20.9
671: 16.7
672: 15.0
673: 13.6
674: 16.9
675: 20.9
676: 14.1
677: 20.0
678: 14.4
679: 17.8
680: 15.4
681: 18.1
682: 17.4
683: 15.0
684: 14.9
685: 19.2
686: 15.7
687: 16.1
688: 19.2
689: 17.0
690: 20.6
691: 13.9
692: 24.3
693: 16.3
694: 15.9
695: 18.9
696: 14.8
697: 34.0
698: 25.8
699: 15.4
700: 19.5
701: 10.9
702: 15.5
703: 15.9
704: 24.2
705: 20.9
706: 18.3
707: 20.3
708: 17.9
709: 15.9
710: 13.0
711: 12.2
712: 17.4
713: 14.1
714: 15.5
715: 19.2
716: 23.9
717: 21.8
718: 20.4
719: 18.5
720: 16.2
721: 18.9
722: 16.7
723: 17.5
724: 14.0
725: 14.8
726: 17.3
727: 14.0
728: 19.2
729: 14.4
730: 17.5
731: 18.1
732: 17.2
733: 23.8
734: 14.2
735: 17.1
736: 18.7
737: 17.2
738: 19.0
739: 14.7
740: 13.6
741: 18.0
742: 15.7
743: 15.0
744: 14.7
745: 14.3
746: 14.1
747: 12.2
748: 15.4
749: 18.5
750: 17.8
751: 16.1
752: 18.0
753: 15.9
754: 19.6
755: 13.6
756: 19.4
757: 21.8
758: 13.6
759: 16.9
760: 22.5
761: 10.6
762: 15.7
763: 17.8
764: 16.4
765: 19.1
766: 22.2
767: 13.6
768: 22.6
769: 16.1
770: 16.0
771: 17.2
772: 18.5
773: 18.2
774: 17.3
775: 14.1
776: 17.9
777: 24.9
778: 20.8
779: 17.7
780: 16.0
781: 16.1
782: 28.4
783: 17.1
784: 18.8
785: 17.9
786: 18.0
787: 26.7
788: 12.9
789: 12.6
790: 14.5
791: 11.8
792: 22.3
793: 14.9
794: 15.4
795: 17.7
796: 25.9
797: 18.5
798: 14.9
799: 12.7
800: 19.5
801: 18.3
802: 20.1
803: 14.4
804: 17.5
805: 16.1
806: 17.3
807: 12.5
808: 23.7
809: 15.7
810: 14.4
811: 15.7
812: 14.3
813: 17.7
814: 20.7
815: 18.7
816: 16.8
817: 23.2
818: 14.3
819: 12.2
820: 20.1
821: 15.5
822: 12.1
823: 20.9
824: 23.7
825: 16.5
826: 13.8
827: 12.8
828: 18.9
829: 12.9
830: 14.0
831: 14.7
832: 15.5
833: 15.8
834: 18.0
835: 16.2
836: 16.9
837: 15.3
838: 15.1
839: 16.7
840: 19.4
841: 18.3
842: 17.9
843: 15.1
844: 21.8
845: 13.6
846: 20.0
847: 16.1
848: 18.4
849: 19.2
850: 17.1
851: 19.6
852: 19.1
853: 13.4
854: 21.2
855: 14.2
856: 16.5
857: 14.7
858: 14.7
859: 18.8
860: 15.9
861: 14.6
862: 16.7
863: 13.0
864: 15.2
865: 26.0
866: 20.2
867: 20.5
868: 17.8
869: 16.7
870: 15.3
871: 16.5
872: 13.5
873: 16.9
874: 13.6
875: 17.9
876: 15.9
877: 15.4
878: 15.7
879: 14.3
880: 19.7
881: 15.2
882: 16.7
883: 21.3
884: 16.0
885: 17.7
886: 16.3
887: 23.6
888: 15.9
889: 15.3
890: 14.9
891: 12.6
892: 19.5
893: 18.9
894: 13.9
895: 21.4
896: 15.1
897: 21.2
898: 15.9
899: 16.5
900: 17.6
901: 14.4
902: 17.7
903: 15.7
904: 14.8
905: 19.6
906: 13.6
907: 16.7
908: 19.6
909: 26.7
910: 22.9
911: 20.3
912: 18.9
913: 13.1
914: 16.0
915: 19.1
916: 16.2
917: 16.5
918: 22.2
919: 19.3
920: 14.8
921: 20.0
922: 17.1
923: 17.1
924: 12.6
925: 21.9
926: 13.4
927: 20.2
928: 21.2
929: 20.2
930: 23.3
931: 16.2
932: 12.1
933: 23.6
934: 17.5
935: 26.4
936: 16.7
937: 17.5
938: 18.7
939: 21.6
940: 17.8
941: 14.9
942: 24.5
943: 15.8
944: 22.0
945: 15.8
946: 20.1
947: 23.2
948: 13.1
949: 17.2
950: 16.9
951: 13.3
952: 18.1
953: 15.6
954: 13.8
955: 26.0
956: 20.4
957: 22.0
958: 15.9
959: 19.5
960: 21.1
961: 15.1
962: 15.3
963: 15.9
964: 15.4
965: 15.3
966: 16.6
967: 14.0
968: 16.9
969: 26.3
970: 24.1
971: 16.2
972: 13.4
973: 17.9
974: 15.6
975: 21.4
976: 12.4
977: 16.7
978: 20.5
979: 22.9
980: 18.3
981: 27.0
982: 17.0
983: 25.5
984: 17.5
985: 14.8
986: 13.0
987: 11.8
988: 19.2
989: 17.2
990: 15.2
991: 17.4
992: 17.5
993: 14.2
994: 15.8
995: 17.8
996: 19.9
997: 13.0
998: 16.4
999: 18.6
