0: 94.1
1: 91.9
2: 92.3
3: 93.6
4: 92.2
5: 91.1
6: 92.2
7: 93.8
8: 90.6
9: 92.8
10: 90.5
11: 89.0
12: 94.1
13: 89.1
14: 90.1
15: 94.4
16: 93.2
17: 90.9
18: 92.4
19: 93.5
20: 93.6
21: 90.1
22: 90.3
23: 92.0
24: 92.5
25: 94.1
26: 94.9
27: 89.6
28: 48.1
29: 92.2
30: 92.4
31: 69.9
32: 93.6
33: 90.8
34: 80.9
35: 90.4
36: 89.6
37: 90.6
38: 95.0
39: 94.5
40: 84.8
41: 92.5
42: 91.8
43: 92.4
44: 90.1
45: 91.6
46: 90.3
47: 84.3
48: 55.2
49: 61.1
50: 93.8
51: 91.6
52: 91.3
53: 86.9
54: 90.9
55: 93.1
56: 94.3
57: 89.5
58: 89.5
59: 91.1
60: 94.1
61: 81.9
62: 92.6
63: 94.4
64: 92.1
65: 93.5
66: 93.4
67: 93.2
68: 85.2
69: 60.8
70: 70.6
71: 68.7
72: 61.9
73: 59.4
74: 64.9
75: 89.3
76: 67.8
77: 83.0
78: 88.2
79: 85.2
80: 72.9
81: 81.6
82: 74.6
83: 76.6
84: 82.0
85: 61.1
86: 59.4
87: 66.6
88: 93.3
89: 72.3
90: 70.4
91: 89.7
92: 84.8
93: 81.4
94: 69.7
95: 69.3
96: 68.9
97: 70.6
98: 67.4
99: 64.2
100: 69.5
101: 67.2
102: 76.1
103: 74.7
104: 67.5
105: 70.0
106: 95.1
107: 76.3
108: 63.4
109: 56.9
110: 69.3
111: 83.4
112: 69.8
113: 59.4
114: 66.9
115: 76.7
116: 64.9
117: 61.9
118: 93.2
119: 69.6
120: 65.3
121: 82.9
122: 69.0
123: 82.5
124: 76.5
125: 75.8
126: 53.6
127: 70.3
128: 63.2
129: 68.6
130: 56.0
131: 56.3
132: 46.7
133: 58.3
134: 56.7
135: 58.7
136: 91.7
137: 54.1
138: 62.2
139: 73.6
140: 72.8
141: 70.5
142: 70.4
143: 67.2
144: 71.6
145: 76.5
146: 72.1
147: 72.4
148: 71.6
149: 90.1
150: 67.5
151: 63.3
152: 71.2
153: 80.8
154: 69.8
155: 76.2
156: 95.0
157: 93.1
158: 91.9
159: 85.8
160: 84.1
161: 66.4
162: 87.7
163: 93.1
164: 72.6
165: 60.4
166: 69.6
167: 89.4
168: 86.2
169: 63.8
170: 74.4
171: 67.6
172: 71.6
173: 65.1
174: 79.6
175: 83.7
176: 72.7
177: 87.4
178: 63.3
179: 69.3
180: 70.5
181: 64.0
182: 59.1
183: 57.7
184: 62.2
185: 57.2
186: 57.5
187: 60.6
188: 66.7
189: 51.4
190: 52.8
191: 64.3
192: 89.9
193: 60.6
194: 64.2
195: 47.6
196: 94.7
197: 60.3
198: 88.4
199: 59.7
200: 61.5
201: 62.8
202: 58.0
203: 63.6
204: 60.4
205: 59.2
206: 53.9
207: 79.6
208: 54.7
209: 55.0
210: 88.4
211: 58.1
212: 93.4
213: 45.3
214: 51.2
215: 53.2
216: 90.0
217: 59.3
218: 59.9
219: 13.5
220: 15.6
221: 17.8
222: 15.8
223: 16.2
224: 19.9
225: 16.8
226: 17.6
227: 17.3
228: 23.4
229: 13.6
230: 16.8
231: 16.7
232: 18.4
233: 15.7
234: 22.7
235: 23.6
236: 11.7
237: 21.6
238: 17.8
239: 13.1
240: 17.4
241: 23.8
242: 18.9
243: 18.2
244: 13.4
245: 16.0
246: 18.5
247: 13.9
248: 20.1
249: 22.4
250: 23.0
251: 19.0
252: 16.2
253: 24.2
254: 20.2
255: 26.9
256: 24.7
257: 13.4
258: 20.0
259: 16.5
260: 16.6
261: 20.0
262: 14.2
263: 20.3
264: 14.1
265: 18.1
266: 18.2
267: 17.2
268: 47.1
269: 13.8
270: 14.1
271: 17.0
272: 14.5
273: 14.4
274: 19.5
275: 19.3
276: 15.1
277: 20.3
278: 17.0
279: 16.9
280: 18.1
281: 14.8
282: 20.2
283: 17.2
284: 15.9
285: 13.2
286: 19.9
287: 16.8
288: 17.2
289: 18.3
290: 16.7
291: 16.0
292: 22.5
293: 11.8
294: 17.2
295: 12.9
296: 17.0
297: 20.1
298: 20.5
299: 14.5
300: 20.1
301: 20.0
302: 22.4
303: 17.8
304: 20.8
305: 16.0
306: 19.3
307: 19.4
308: 12.3
309: 17.2
310: 19.2
311: 17.5
312: 21.4
313: 21.2
314: 20.7
315: 15.5
316: 13.1
317: 13.3
318: 19.2
319: 17.2
320: 17.3
321: 15.2
322: 15.1
323: 19.6
324: 12.9
325: 14.4
326: 16.7
327: 17.6
328: 16.7
329: 16.7
330: 20.0
331: 13.4
332: 22.8
333: 21.9
334: 18.7
335: 16.2
336: 19.8
337: 16.3
338: 15.4
339: 17.6
340: 21.1
341: 18.6
342: 16.6
343: 19.0
344: 19.8
345: 17.6
346: 14.2
347: 16.3
348: 17.6
349: 16.4
350: 15.9
351: 11.7
352: 17.6
353: 22.8
354: 16.2
355: 14.7
356: 20.0
357: 19.0
358: 16.7
359: 32.0
360: 17.6
361: 13.6
362: 15.2
363: 18.9
364: 13.9
365: 17.4
366: 14.9
367: 12.7
368: 12.7
369: 22.5
370: 15.0
371: 15.1
372: 16.0
373: 14.4
374: 12.3
375: 12.6
376: 23.2
377: 17.4
378: 17.4
379: 15.4
380: 15.4
381: 21.5
382: 13.6
383: 12.8
384: 14.6
385: 14.9
386: 15.4
387: 15.7
388: 15.6
389: 16.6
390: 21.5
391: 16.1
392: 12.3
393: 17.3
394: 18.4
395: 22.0
396: 13.9
397: 20.0
398: 18.7
399: 24.4
400: 17.9
401: 18.4
402: 12.1
403: 16.6
404: 16.2
405: 16.0
406: 19.6
407: 17.4
408: 21.4
409: 25.9
410: 13.6
411: 14.6
412: 20.5
413: 17.5
414: 24.2
415: 14.5
416: 24.3
417: 18.1
418: 12.4
419: 22.9
420: 15.2
421: 15.8
422: 21.6
423: 22.3
424: 19.6
425: 14.9
426: 20.2
427: 30.2
428: 18.1
429: 13.1
430: 30.1
431: 20.5
432: 13.8
433: 21.7
434: 13.6
435: 21.5
436: 15.2
437: 18.8
438: 16.0
439: 15.9
440: 15.1
441: 17.2
442: 18.0
443: 31.2
444: 21.9
445: 14.0
446: 22.3
447: 20.3
448: 19.3
449: 22.0
450: 19.3
451: 20.4
452: 20.5
453: 19.2
454: 17.6
455: 15.8
456: 21.9
457: 16.5
458: 14.1
459: 17.9
460: 21.7
461: 16.2
462: 16.9
463: 20.0
464: 13.8
465: 14.8
466: 29.3
467: 20.0
468: 14.4
469: 15.6
470: 23.3
471: 25.2
472: 13.4
473: 16.9
474: 17.1
475: 15.5
476: 22.4
477: 17.2
478: 16.1
479: 12.0
480: 16.1
481: 16.1
482: 20.1
483: 11.2
484: 15.8
485: 13.4
486: 15.6
487: 17.4
488: 16.9
489: 18.9
490: 19.4
491: 13.9
492: 16.4
493: 18.6
494: 19.4
495: 16.8
496: 17.0
497: 28.2
498: 16.1
499: 20.5
500: 17.7
501: 19.3
502: 18.9
503: 21.8
504: 19.0
505: 15.7
506: 13.2
507: 14.4
508: 19.1
509: 17.5
510: 22.1
511: 13.9
512: 19.3
513: 18.8
514: 15.6
515: 16.5
516: 20.2
517: 23.3
518: 20.9
519: 22.9
520: 16.1
521: 20.9
522: 21.2
523: 17.6
524: 15.4
525: 16.1
526: 20.3
527: 15.8
528: 13.5
529: 13.6
530: 15.6
531: 15.9
532: 22.9
533: 15.3
534: 16.6
535: 17.1
536: 17.5
537: 12.0
538: 21.0
539: 21.0
540: 17.6
541: 18.7
542: 17.3
543: 17.8
544: 19.8
545: 15.4
546: 17.3
547: 19.6
548: 18.0
549: 16.0
550: 18.4
551: 13.7
552: 16.5
553: 29.1
554: 22.3
555: 13.0
556: 22.1
557: 16.0
558: 10.3
559: 19.9
560: 15.1
561: 17.4
562: 13.7
563: 21.1
564: 27.3
565: 16.2
566: 14.9
567: 13.6
568: 17.7
569: 17.0
570: 17.6
571: 15.3
572: 17.7
573: 21.1
574: 13.8
575: 15.5
576: 20.1
577: 19.0
578: 17.0
579: 14.7
580: 19.0
581: 31.8
582: 11.3
583: 12.6
584: 21.5
585: 18.0
586: 25.2
587: 16.4
588: 16.8
589: 20.9
590: 12.9
591: 17.5
592: 15.4
593: 16.4
594: 20.4
595: 13.3
596: 19.2
597: 15.6
598: 19.0
599: 15.5
600: 16.7
601: 18.2
602: 16.2
603: 21.6
604: 18.4
605: 22.9
606: 12.8
607: 16.8
608: 15.3
609: 14.9
610: 20.4
611: 23.3
612: 20.9
613: 17.1
614: 15.4
615: 20.8
616: 16.6
617: 17.0
618: 18.5
619: 18.9
620: 19.0
621: 12.8
622: 14.0
623: 21.4
624: 15.5
625: 15.4
626: 15.0
627: 13.7
628: 18.3
629: 14.1
630: 20.3
631: 15.9
632: 14.4
633: 18.0
634: 16.7
635: 13.6
636: 25.1
637: 18.6
638: 20.4
639: 18.4
640: 13.5
641: 19.8
642: 14.7
643: 18.7
644: 21.8
645: 14.1
646: 16.4
647: 20.6
648: 16.4
649: 13.8
650: 16.6
651: 18.5
652: 19.4
653: 12.5
654: 13.5
655: 23.1
656: 17.3
657: 21.6
658: 17.4
659: 17.9
660: 19.9
661: 15.6
662: 15.1
663: 22.5
664: 20.7
665: 16.3
666: 20.0
667: 19.6
668: 13.2
669: 18.7
670: 16.7
671: 15.0
672: 16.7
673: 14.4
674: 20.2
675: 16.6
676: 16.4
677: 16.7
678: 19.5
679: 15.0
680: 21.5
681: 15.2
682: 20.9
683: 15.9
684: 16.1
685: 18.3
686: 15.9
687: 18.6
688: 18.4
689: 15.3
690: 18.9
691: 14.2
692: 17.5
693: 15.1
694: 14.8
695: 15.9
696: 18.9
697: 18.8
698: 19.4
699: 17.9
700: 19.3
701: 14.3
702: 15.6
703: 18.3
704: 19.1
705: 16.5
706: 16.8
707: 13.1
708: 12.3
709: 17.7
710: 17.1
711: 11.1
712: 14.0
713: 15.2
714: 20.8
715: 13.6
716: 11.6
717: 18.7
718: 17.6
719: 19.5
720: 18.1
721: 20.3
722: 17.2
723: 13.1
724: 16.2
725: 17.3
726: 16.7
727: 17.0
728: 15.0
729: 13.6
730: 17.6
731: 14.8
732: 18.7
733: 11.3
734: 16.5
735: 15.9
736: 13.2
737: 16.7
738: 15.9
739: 17.2
740: 13.3
741: 15.7
742: 18.2
743: 17.0
744: 20.5
745: 17.7
746: 19.2
747: 28.1
748: 17.9
749: 18.3
750: 16.9
751: 13.8
752: 14.3
753: 18.2
754: 19.3
755: 16.1
756: 19.3
757: 17.0
758: 17.7
759: 17.7
760: 10.9
761: 15.8
762: 14.4
763: 16.9
764: 18.0
765: 17.6
766: 17.3
767: 14.9
768: 12.1
769: 17.2
770: 19.4
771: 15.9
772: 19.9
773: 18.9
774: 20.9
775: 15.2
776: 20.2
777: 17.3
778: 17.2
779: 15.5
780: 19.2
781: 18.2
782: 18.8
783: 16.3
784: 14.8
785: 17.5
786: 18.8
787: 23.4
788: 17.2
789: 13.3
790: 17.6
791: 15.4
792: 16.3
793: 18.5
794: 12.9
795: 19.6
796: 13.7
797: 20.6
798: 15.4
799: 16.2
800: 15.9
801: 15.6
802: 16.6
803: 14.4
804: 18.3
805: 15.0
806: 19.9
807: 14.1
808: 22.5
809: 16.2
810: 15.7
811: 20.4
812: 18.5
813: 18.7
814: 16.6
815: 19.2
816: 14.7
817: 19.5
818: 18.3
819: 19.4
820: 14.6
821: 19.0
822: 17.8
823: 18.0
824: 19.6
825: 13.6
826: 14.4
827: 18.1
828: 20.1
829: 10.8
830: 15.0
831: 16.3
832: 16.8
833: 15.6
834: 13.0
835: 12.5
836: 18.5
837: 15.9
838: 26.0
839: 20.8
840: 20.1
841: 17.5
842: 18.6
843: 17.1
844: 22.4
845: 19.6
846: 23.1
847: 26.8
848: 20.1
849: 19.8
850: 21.0
851: 18.8
852: 16.5
853: 17.3
854: 16.2
855: 20.0
856: 19.2
857: 15.1
858: 15.7
859: 12.8
860: 16.9
861: 18.8
862: 19.4
863: 17.6
864: 24.9
865: 19.0
866: 28.3
867: 28.6
868: 18.0
869: 14.5
870: 17.9
871: 17.1
872: 12.8
873: 19.0
874: 16.2
875: 16.6
876: 17.7
877: 13.5
878: 18.0
879: 19.2
880: 18.0
881: 16.9
882: 15.8
883: 12.8
884: 19.5
885: 19.2
886: 17.4
887: 16.3
888: 15.4
889: 20.2
890: 16.7
891: 19.5
892: 15.2
893: 18.8
894: 23.0
895: 17.9
896: 15.8
897: 25.5
898: 21.8
899: 15.1
900: 17.9
901: 15.5
902: 18.0
903: 11.4
904: 17.6
905: 27.2
906: 22.4
907: 21.6
908: 13.3
909: 15.7
910: 18.5
911: 20.3
912: 22.7
913: 18.0
914: 14.6
915: 18.2
916: 37.8
917: 14.5
918: 9.3
919: 16.6
920: 17.2
921: 13.6
922: 17.5
923: 23.3
924: 15.0
925: 17.3
926: 26.4
927: 19.1
928: 15.9
929: 9.2
930: 24.7
931: 17.5
932: 15.8
933: 23.0
934: 12.1
935: 18.4
936: 20.0
937: 18.2
938: 16.2
939: 16.6
940: 23.2
941: 14.7
942: 22.4
943: 18.4
944: 16.0
945: 14.4
946: 15.2
947: 15.2
948: 17.7
949: 16.4
950: 16.3
951: 14.9
952: 17.4
953: 25.0
954: 13.9
955: 27.1
956: 15.8
957: 12.5
958: 11.4
959: 21.7
960: 19.6
961: 16.1
962: 16.9
963: 14.4
964: 13.0
965: 18.7
966: 15.8
967: 15.3
968: 20.2
969: 19.3
970: 18.1
971: 16.6
972: 18.0
973: 16.2
974: 13.5
975: 16.8
976: 13.5
977: 22.0
978: 32.4
979: 19.0
980: 20.1
981: 16.2
982: 23.9
983: 15.1
984: 29.2
985: 15.3
986: 12.9
987: 9.9
988: 15.9
989: 16.5
990: 20.8
991: 15.1
992: 17.7
993: 18.1
994: 18.0
995: 22.0
996: 16.8
997: 13.3
998: 20.0
999: 21.5
