0: 14.6
1: 79.7
2: 75.5
3: 69.0
4: 40.8
5: 76.7
6: 24.9
7: 81.4
8: 82.1
9: 77.0
10: 83.2
11: 64.6
12: 79.4
13: 83.5
14: 84.0
15: 83.7
16: 90.7
17: 90.9
18: 92.4
19: 93.5
20: 90.5
21: 77.9
22: 84.5
23: 71.1
24: 86.7
25: 82.1
26: 88.7
27: 65.7
28: 73.8
29: 91.6
30: 92.4
31: 59.0
32: 92.2
33: 87.2
34: 61.9
35: 67.8
36: 88.8
37: 91.6
38: 75.6
39: 94.5
40: 67.4
41: 92.1
42: 86.4
43: 78.1
44: 76.8
45: 79.1
46: 85.1
47: 61.9
48: 64.2
49: 86.8
50: 87.9
51: 82.1
52: 65.3
53: 82.8
54: 70.1
55: 88.4
56: 91.2
57: 69.3
58: 82.5
59: 91.4
60: 77.2
61: 81.1
62: 81.2
63: 94.4
64: 85.4
65: 93.5
66: 90.3
67: 68.1
68: 59.6
69: 70.9
70: 64.3
71: 63.3
72: 93.0
73: 18.0
74: 75.6
75: 84.2
76: 71.2
77: 77.6
78: 88.2
79: 71.2
80: 69.8
81: 81.7
82: 80.4
83: 77.3
84: 74.2
85: 67.5
86: 82.3
87: 65.8
88: 88.2
89: 66.7
90: 88.0
91: 80.4
92: 88.5
93: 72.6
94: 57.0
95: 74.2
96: 78.7
97: 76.1
98: 63.8
99: 80.8
100: 88.0
101: 62.9
102: 71.4
103: 54.8
104: 84.5
105: 89.3
106: 89.6
107: 73.8
108: 78.6
109: 71.5
110: 72.6
111: 79.7
112: 64.8
113: 70.3
114: 72.0
115: 72.2
116: 68.5
117: 78.6
118: 93.2
119: 71.7
120: 82.0
121: 92.4
122: 51.2
123: 88.6
124: 11.5
125: 13.2
126: 15.3
127: 12.3
128: 17.7
129: 17.3
130: 10.8
131: 11.5
132: 21.9
133: 21.2
134: 10.3
135: 15.2
136: 26.9
137: 17.8
138: 10.1
139: 21.0
140: 10.8
141: 7.5
142: 14.8
143: 6.6
144: 7.3
145: 23.0
146: 15.9
147: 8.6
148: 19.1
149: 14.7
150: 11.4
151: 14.9
152: 15.1
153: 11.9
154: 7.8
155: 10.2
156: 9.7
157: 16.7
158: 16.7
159: 14.2
160: 10.9
161: 9.3
162: 13.3
163: 14.2
164: 12.9
165: 13.0
166: 13.5
167: 20.2
168: 25.3
169: 12.1
170: 13.4
171: 13.6
172: 18.5
173: 16.5
174: 12.8
175: 12.3
176: 17.3
177: 14.5
178: 15.9
179: 7.6
180: 16.7
181: 18.4
182: 18.3
183: 14.3
184: 14.8
185: 21.9
186: 10.9
187: 16.2
188: 8.0
189: 17.2
190: 10.7
191: 9.9
192: 10.3
193: 10.6
194: 7.1
195: 17.2
196: 12.1
197: 19.3
198: 42.2
199: 18.0
200: 10.2
201: 13.5
202: 11.1
203: 17.6
204: 10.8
205: 14.9
206: 15.9
207: 16.6
208: 11.2
209: 19.6
210: 26.4
211: 14.0
212: 12.4
213: 10.9
214: 10.6
215: 10.2
216: 14.4
217: 13.5
218: 12.1
219: 11.2
220: 7.4
221: 7.4
222: 14.9
223: 19.0
224: 22.0
225: 21.4
226: 10.3
227: 13.8
228: 22.7
229: 18.2
230: 11.6
231: 14.8
232: 22.7
233: 14.1
234: 6.1
235: 20.8
236: 17.1
237: 13.6
238: 19.8
239: 13.3
240: 14.7
241: 21.3
242: 17.0
243: 12.7
244: 15.7
245: 24.0
246: 15.3
247: 20.3
248: 17.4
249: 23.5
250: 9.1
251: 9.8
252: 17.9
253: 26.7
254: 11.9
255: 17.6
256: 10.1
257: 8.8
258: 13.0
259: 16.5
260: 17.9
261: 6.7
262: 20.3
263: 18.9
264: 10.3
265: 14.8
266: 16.4
267: 20.5
268: 20.2
269: 19.0
270: 12.6
271: 17.1
272: 7.8
273: 9.3
274: 17.3
275: 15.3
276: 17.2
277: 32.2
278: 20.2
279: 21.8
280: 14.1
281: 14.7
282: 12.9
283: 18.8
284: 13.0
285: 14.8
286: 16.7
287: 18.0
288: 16.5
289: 8.5
290: 16.7
291: 13.3
292: 13.9
293: 12.7
294: 14.4
295: 19.1
296: 13.9
297: 16.1
298: 7.6
299: 17.1
300: 10.8
301: 8.2
302: 24.1
303: 14.0
304: 14.6
305: 14.1
306: 11.6
307: 15.4
308: 18.9
309: 15.4
310: 10.7
311: 17.1
312: 13.9
313: 19.4
314: 18.0
315: 16.4
316: 17.8
317: 12.3
318: 18.5
319: 8.0
320: 11.5
321: 7.0
322: 15.9
323: 13.0
324: 13.8
325: 18.6
326: 15.0
327: 15.8
328: 18.1
329: 12.8
330: 8.4
331: 12.6
332: 20.9
333: 11.7
334: 21.0
335: 9.9
336: 9.8
337: 12.3
338: 18.1
339: 15.6
340: 20.1
341: 17.8
342: 9.7
343: 11.3
344: 15.8
345: 13.8
346: 14.9
347: 9.8
348: 6.7
349: 9.6
350: 7.7
351: 16.7
352: 20.5
353: 14.9
354: 18.7
355: 16.9
356: 12.6
357: 13.0
358: 7.8
359: 14.5
360: 12.7
361: 16.4
362: 15.7
363: 10.7
364: 13.6
365: 11.2
366: 7.3
367: 17.1
368: 7.8
369: 8.7
370: 12.9
371: 15.1
372: 16.2
373: 14.4
374: 20.3
375: 16.5
376: 15.6
377: 17.7
378: 15.3
379: 7.6
380: 20.0
381: 14.6
382: 23.7
383: 17.2
384: 8.3
385: 8.7
386: 15.2
387: 12.5
388: 13.5
389: 13.3
390: 10.2
391: 14.7
392: 12.4
393: 12.4
394: 9.1
395: 6.7
396: 17.1
397: 15.9
398: 7.9
399: 10.1
400: 19.6
401: 15.5
402: 14.5
403: 11.1
404: 20.0
405: 12.5
406: 11.2
407: 14.1
408: 10.7
409: 14.5
410: 12.5
411: 20.9
412: 13.3
413: 16.8
414: 21.5
415: 9.5
416: 10.6
417: 9.7
418: 13.0
419: 9.7
420: 10.9
421: 16.6
422: 15.3
423: 18.7
424: 9.4
425: 10.0
426: 9.4
427: 8.8
428: 15.7
429: 12.0
430: 32.2
431: 10.0
432: 10.5
433: 17.6
434: 9.0
435: 15.7
436: 13.9
437: 12.7
438: 13.6
439: 16.0
440: 14.5
441: 18.1
442: 22.5
443: 25.8
444: 17.8
445: 20.1
446: 20.8
447: 11.1
448: 16.8
449: 12.8
450: 26.9
451: 12.3
452: 10.0
453: 17.6
454: 16.2
455: 14.2
456: 21.3
457: 12.3
458: 10.1
459: 16.1
460: 15.0
461: 6.1
462: 11.0
463: 8.8
464: 18.1
465: 13.2
466: 16.6
467: 12.1
468: 13.2
469: 11.4
470: 11.6
471: 19.0
472: 17.8
473: 11.9
474: 18.0
475: 5.8
476: 22.4
477: 16.1
478: 7.6
479: 11.8
480: 23.3
481: 22.3
482: 22.3
483: 4.7
484: 18.3
485: 9.4
486: 13.9
487: 9.0
488: 12.3
489: 13.4
490: 16.1
491: 11.1
492: 16.5
493: 12.0
494: 19.4
495: 18.0
496: 16.4
497: 9.9
498: 11.2
499: 15.1
500: 9.1
501: 14.5
502: 11.1
503: 14.3
504: 15.7
505: 13.2
506: 12.6
507: 12.7
508: 11.0
509: 15.1
510: 13.3
511: 9.7
512: 7.8
513: 16.9
514: 18.3
515: 15.6
516: 15.4
517: 7.7
518: 18.5
519: 11.7
520: 19.6
521: 8.2
522: 18.0
523: 11.8
524: 25.4
525: 16.8
526: 14.7
527: 21.0
528: 16.4
529: 13.7
530: 14.9
531: 15.2
532: 7.8
533: 16.5
534: 15.2
535: 12.8
536: 15.7
537: 21.2
538: 18.2
539: 20.5
540: 7.3
541: 16.5
542: 11.2
543: 14.4
544: 13.9
545: 15.5
546: 22.9
547: 17.1
548: 16.7
549: 17.0
550: 14.4
551: 8.6
552: 13.3
553: 19.6
554: 9.0
555: 23.0
556: 15.7
557: 15.3
558: 7.8
559: 7.2
560: 13.3
561: 23.5
562: 14.6
563: 27.1
564: 15.9
565: 10.1
566: 8.4
567: 15.7
568: 10.9
569: 19.7
570: 8.9
571: 11.1
572: 20.1
573: 19.5
574: 16.6
575: 10.3
576: 12.9
577: 10.6
578: 11.2
579: 15.1
580: 14.0
581: 20.4
582: 19.5
583: 25.9
584: 12.5
585: 15.8
586: 20.6
587: 16.6
588: 15.2
589: 14.2
590: 13.0
591: 17.6
592: 19.2
593: 16.2
594: 12.9
595: 15.5
596: 13.5
597: 16.9
598: 13.5
599: 11.2
600: 19.5
601: 12.8
602: 12.0
603: 9.6
604: 7.7
605: 23.6
606: 13.4
607: 19.2
608: 7.7
609: 15.2
610: 13.3
611: 20.6
612: 17.7
613: 16.8
614: 11.5
615: 17.5
616: 11.7
617: 15.7
618: 14.4
619: 11.8
620: 12.8
621: 12.8
622: 13.9
623: 22.0
624: 16.5
625: 11.5
626: 18.0
627: 14.3
628: 15.9
629: 11.5
630: 11.6
631: 13.0
632: 19.2
633: 15.7
634: 12.8
635: 16.8
636: 18.6
637: 9.6
638: 16.4
639: 11.9
640: 14.7
641: 15.5
642: 22.3
643: 14.3
644: 12.0
645: 9.9
646: 7.5
647: 15.0
648: 12.0
649: 23.1
650: 20.3
651: 16.8
652: 8.9
653: 9.3
654: 13.9
655: 13.8
656: 19.3
657: 18.9
658: 19.7
659: 16.4
660: 9.7
661: 9.5
662: 8.4
663: 17.5
664: 10.3
665: 16.7
666: 12.2
667: 18.4
668: 15.5
669: 18.1
670: 7.3
671: 16.0
672: 13.3
673: 13.5
674: 14.8
675: 16.4
676: 18.2
677: 19.3
678: 9.2
679: 17.2
680: 21.6
681: 10.1
682: 12.2
683: 17.8
684: 15.9
685: 7.5
686: 7.3
687: 8.6
688: 15.3
689: 17.4
690: 8.3
691: 15.2
692: 18.9
693: 16.0
694: 19.7
695: 19.1
696: 15.3
697: 18.9
698: 17.0
699: 10.8
700: 15.9
701: 11.6
702: 15.7
703: 17.9
704: 13.4
705: 12.5
706: 17.6
707: 16.4
708: 25.7
709: 19.2
710: 6.8
711: 15.9
712: 11.9
713: 10.4
714: 19.2
715: 9.5
716: 6.7
717: 11.9
718: 11.5
719: 12.9
720: 14.4
721: 11.9
722: 6.5
723: 6.4
724: 13.9
725: 10.6
726: 16.6
727: 7.7
728: 13.2
729: 16.7
730: 20.4
731: 10.0
732: 17.7
733: 14.0
734: 20.6
735: 23.6
736: 20.5
737: 17.4
738: 12.4
739: 10.2
740: 13.1
741: 14.7
742: 13.8
743: 12.8
744: 8.8
745: 14.9
746: 14.9
747: 13.0
748: 15.1
749: 18.2
750: 7.5
751: 16.7
752: 15.9
753: 9.3
754: 16.0
755: 11.0
756: 17.6
757: 15.0
758: 17.6
759: 17.9
760: 16.2
761: 14.4
762: 11.4
763: 14.7
764: 14.4
765: 13.2
766: 15.2
767: 17.8
768: 16.6
769: 14.4
770: 13.3
771: 16.1
772: 16.3
773: 11.9
774: 15.7
775: 11.7
776: 16.7
777: 14.5
778: 8.5
779: 15.4
780: 14.6
781: 19.9
782: 17.8
783: 17.8
784: 8.4
785: 17.0
786: 13.8
787: 20.9
788: 12.5
789: 11.5
790: 13.1
791: 11.0
792: 16.9
793: 20.3
794: 17.3
795: 25.5
796: 11.8
797: 17.6
798: 8.8
799: 14.9
800: 13.9
801: 14.6
802: 7.7
803: 15.7
804: 13.1
805: 14.7
806: 15.2
807: 23.2
808: 13.2
809: 11.6
810: 11.0
811: 13.9
812: 9.3
813: 11.2
814: 15.6
815: 11.1
816: 17.6
817: 15.3
818: 17.3
819: 10.3
820: 14.3
821: 10.0
822: 18.0
823: 16.6
824: 12.4
825: 13.7
826: 20.0
827: 19.0
828: 13.7
829: 13.8
830: 6.5
831: 18.0
832: 18.5
833: 13.9
834: 8.3
835: 10.9
836: 18.7
837: 13.9
838: 23.1
839: 21.2
840: 11.0
841: 10.1
842: 14.5
843: 12.4
844: 14.3
845: 11.8
846: 16.1
847: 18.3
848: 16.4
849: 20.3
850: 16.0
851: 10.3
852: 21.4
853: 20.9
854: 7.5
855: 13.3
856: 16.2
857: 21.7
858: 18.6
859: 14.3
860: 7.6
861: 19.9
862: 23.9
863: 11.7
864: 11.0
865: 19.1
866: 22.5
867: 13.8
868: 8.4
869: 12.8
870: 14.5
871: 9.5
872: 16.6
873: 16.7
874: 11.4
875: 16.6
876: 15.0
877: 10.8
878: 16.7
879: 9.2
880: 29.0
881: 12.6
882: 10.6
883: 14.4
884: 16.0
885: 15.6
886: 15.3
887: 17.9
888: 9.9
889: 15.7
890: 14.5
891: 14.2
892: 16.5
893: 17.7
894: 16.2
895: 8.6
896: 14.9
897: 14.8
898: 24.4
899: 16.5
900: 17.4
901: 17.2
902: 15.1
903: 22.7
904: 9.2
905: 13.4
906: 19.2
907: 24.1
908: 13.8
909: 15.3
910: 16.2
911: 16.5
912: 14.1
913: 16.2
914: 17.6
915: 10.4
916: 20.0
917: 10.7
918: 16.7
919: 11.1
920: 16.3
921: 14.0
922: 13.0
923: 13.1
924: 11.3
925: 17.3
926: 23.9
927: 13.3
928: 22.5
929: 26.8
930: 23.6
931: 21.3
932: 8.4
933: 17.8
934: 19.2
935: 8.8
936: 14.0
937: 17.0
938: 12.5
939: 22.6
940: 12.6
941: 12.4
942: 17.8
943: 15.3
944: 16.3
945: 19.8
946: 8.0
947: 19.9
948: 13.4
949: 16.4
950: 19.9
951: 14.5
952: 26.6
953: 17.5
954: 10.2
955: 16.1
956: 13.4
957: 22.2
958: 12.7
959: 14.4
960: 9.3
961: 19.3
962: 15.6
963: 15.5
964: 10.5
965: 8.4
966: 16.6
967: 13.7
968: 13.1
969: 13.9
970: 19.5
971: 16.8
972: 13.3
973: 10.8
974: 14.3
975: 9.4
976: 10.8
977: 10.9
978: 23.4
979: 17.1
980: 14.2
981: 19.2
982: 8.9
983: 16.1
984: 15.8
985: 30.0
986: 14.8
987: 19.8
988: 9.5
989: 15.2
990: 15.7
991: 8.2
992: 16.0
993: 7.2
994: 13.2
995: 22.4
996: 24.4
997: 14.7
998: 14.1
999: 15.2
