0: 66.4
1: 84.5
2: 60.6
3: 87.3
4: 59.9
5: 51.2
6: 70.0
7: 84.0
8: 67.1
9: 77.8
10: 81.3
11: 71.4
12: 93.3
13: 77.6
14: 90.1
15: 86.1
16: 93.2
17: 90.9
18: 89.1
19: 93.5
20: 93.6
21: 83.4
22: 90.3
23: 78.8
24: 89.1
25: 72.5
26: 94.1
27: 89.6
28: 75.4
29: 92.2
30: 87.9
31: 65.1
32: 87.9
33: 91.2
34: 59.4
35: 63.6
36: 70.1
37: 72.8
38: 88.9
39: 94.5
40: 79.8
41: 88.3
42: 85.8
43: 89.7
44: 80.6
45: 88.1
46: 83.3
47: 58.6
48: 74.1
49: 84.2
50: 84.0
51: 73.6
52: 72.1
53: 74.3
54: 83.5
55: 81.2
56: 88.6
57: 65.6
58: 83.9
59: 80.2
60: 81.0
61: 81.9
62: 77.4
63: 80.5
64: 90.6
65: 93.5
66: 87.9
67: 92.1
68: 79.4
69: 76.3
70: 91.9
71: 82.9
72: 77.8
73: 87.8
74: 82.8
75: 69.5
76: 61.9
77: 83.9
78: 87.9
79: 68.7
80: 64.9
81: 80.0
82: 74.9
83: 83.0
84: 85.7
85: 71.8
86: 79.5
87: 73.3
88: 81.4
89: 74.9
90: 62.5
91: 84.9
92: 88.3
93: 90.2
94: 79.9
95: 83.6
96: 64.4
97: 81.1
98: 68.7
99: 58.1
100: 72.9
101: 78.6
102: 72.3
103: 22.4
104: 80.1
105: 61.3
106: 89.4
107: 70.6
108: 77.5
109: 63.5
110: 83.4
111: 77.2
112: 68.1
113: 70.2
114: 81.7
115: 81.8
116: 77.1
117: 70.9
118: 93.2
119: 74.2
120: 78.9
121: 71.8
122: 75.2
123: 89.7
124: 72.2
125: 69.4
126: 73.0
127: 83.8
128: 75.2
129: 78.1
130: 61.4
131: 70.6
132: 64.3
133: 66.3
134: 45.0
135: 82.4
136: 86.1
137: 78.9
138: 69.4
139: 73.9
140: 68.5
141: 80.8
142: 80.5
143: 70.8
144: 71.2
145: 82.0
146: 66.3
147: 77.2
148: 75.8
149: 80.2
150: 67.4
151: 81.9
152: 37.6
153: 67.5
154: 75.8
155: 79.9
156: 95.0
157: 81.9
158: 87.5
159: 71.3
160: 85.8
161: 59.4
162: 79.9
163: 87.7
164: 82.2
165: 81.3
166: 84.8
167: 81.7
168: 82.1
169: 85.7
170: 66.7
171: 71.0
172: 57.5
173: 67.0
174: 86.1
175: 80.1
176: 71.5
177: 80.8
178: 70.4
179: 85.9
180: 66.5
181: 87.7
182: 73.6
183: 83.6
184: 79.5
185: 72.0
186: 61.5
187: 64.8
188: 86.8
189: 59.5
190: 71.9
191: 53.8
192: 84.4
193: 76.2
194: 84.8
195: 55.2
196: 82.7
197: 65.9
198: 91.7
199: 72.4
200: 78.2
201: 78.4
202: 82.9
203: 68.0
204: 71.0
205: 72.9
206: 67.7
207: 89.0
208: 77.5
209: 84.2
210: 89.4
211: 87.5
212: 92.3
213: 55.2
214: 79.3
215: 56.5
216: 86.8
217: 83.3
218: 86.3
219: 62.8
220: 49.4
221: 71.9
222: 48.6
223: 46.7
224: 64.1
225: 66.8
226: 56.0
227: 91.4
228: 85.3
229: 84.5
230: 91.2
231: 70.4
232: 79.7
233: 83.7
234: 80.5
235: 88.8
236: 64.7
237: 65.6
238: 78.3
239: 62.1
240: 89.5
241: 87.6
242: 75.2
243: 77.1
244: 82.5
245: 88.6
246: 82.6
247: 81.6
248: 81.7
249: 82.3
250: 86.1
251: 90.6
252: 80.4
253: 70.5
254: 92.7
255: 92.7
256: 92.7
257: 90.7
258: 92.8
259: 75.6
260: 91.4
261: 62.5
262: 91.9
263: 73.0
264: 47.7
265: 81.4
266: 89.7
267: 87.5
268: 92.4
269: 76.5
270: 78.7
271: 76.7
272: 74.0
273: 72.9
274: 93.3
275: 71.7
276: 85.6
277: 89.7
278: 73.8
279: 82.1
280: 78.1
281: 43.3
282: 85.8
283: 76.9
284: 87.6
285: 80.4
286: 90.7
287: 62.6
288: 83.9
289: 83.7
290: 84.6
291: 68.5
292: 89.1
293: 57.5
294: 87.3
295: 76.8
296: 77.0
297: 92.3
298: 65.4
299: 62.0
300: 87.1
301: 81.9
302: 92.4
303: 84.9
304: 68.4
305: 87.1
306: 86.2
307: 72.6
308: 71.1
309: 88.2
310: 29.8
311: 67.2
312: 48.7
313: 55.7
314: 82.7
315: 86.1
316: 71.2
317: 64.5
318: 86.5
319: 66.4
320: 69.8
321: 67.0
322: 63.0
323: 84.9
324: 83.2
325: 40.7
326: 63.3
327: 68.7
328: 81.8
329: 60.7
330: 81.9
331: 84.6
332: 82.6
333: 75.4
334: 88.0
335: 82.9
336: 93.6
337: 80.7
338: 82.7
339: 71.8
340: 81.0
341: 90.2
342: 52.4
343: 66.8
344: 83.3
345: 71.4
346: 70.7
347: 73.6
348: 82.8
349: 91.3
350: 88.0
351: 42.4
352: 84.2
353: 75.7
354: 81.6
355: 58.5
356: 76.3
357: 83.6
358: 85.9
359: 90.8
360: 76.0
361: 77.0
362: 75.7
363: 87.4
364: 56.3
365: 63.3
366: 91.2
367: 89.6
368: 70.5
369: 81.9
370: 65.4
371: 71.5
372: 73.3
373: 67.8
374: 89.8
375: 61.5
376: 90.6
377: 88.3
378: 78.9
379: 64.1
380: 74.2
381: 64.4
382: 75.9
383: 83.1
384: 70.5
385: 72.6
386: 61.2
387: 85.9
388: 51.0
389: 61.2
390: 75.4
391: 51.6
392: 72.6
393: 78.0
394: 71.1
395: 86.5
396: 42.6
397: 75.3
398: 87.4
399: 87.8
400: 82.7
401: 83.8
402: 84.6
403: 82.4
404: 76.6
405: 81.8
406: 90.4
407: 59.0
408: 67.7
409: 92.9
410: 55.3
411: 80.3
412: 88.8
413: 84.1
414: 86.0
415: 88.5
416: 87.6
417: 69.6
418: 82.8
419: 87.2
420: 72.0
421: 79.5
422: 88.0
423: 78.5
424: 84.0
425: 75.4
426: 76.5
427: 91.5
428: 74.7
429: 77.4
430: 75.6
431: 50.7
432: 43.7
433: 85.1
434: 41.1
435: 90.4
436: 70.6
437: 72.6
438: 68.6
439: 66.6
440: 64.2
441: 88.8
442: 81.2
443: 94.2
444: 76.0
445: 89.9
446: 58.9
447: 87.9
448: 88.6
449: 83.3
450: 72.3
451: 66.4
452: 91.3
453: 95.8
454: 83.1
455: 87.7
456: 95.7
457: 89.1
458: 51.7
459: 90.9
460: 77.4
461: 76.6
462: 63.7
463: 79.2
464: 88.4
465: 58.4
466: 81.0
467: 74.5
468: 85.4
469: 84.9
470: 89.3
471: 88.8
472: 54.6
473: 74.6
474: 83.6
475: 67.3
476: 87.4
477: 86.6
478: 59.8
479: 60.4
480: 82.2
481: 40.0
482: 11.8
483: 52.6
484: 90.8
485: 72.7
486: 14.1
487: 81.1
488: 89.2
489: 73.1
490: 85.7
491: 83.3
492: 86.9
493: 73.9
494: 53.1
495: 81.8
496: 80.9
497: 77.3
498: 77.0
499: 95.5
500: 62.1
501: 82.9
502: 88.9
503: 63.5
504: 87.5
505: 79.6
506: 77.7
507: 92.0
508: 92.9
509: 67.7
510: 71.2
511: 89.1
512: 67.9
513: 94.8
514: 73.8
515: 86.5
516: 79.9
517: 74.4
518: 52.6
519: 92.8
520: 53.9
521: 74.2
522: 91.8
523: 66.6
524: 73.2
525: 84.1
526: 94.4
527: 80.2
528: 81.4
529: 79.4
530: 79.6
531: 74.2
532: 90.5
533: 85.0
534: 44.3
535: 82.8
536: 44.1
537: 66.1
538: 70.8
539: 72.9
540: 80.5
541: 89.6
542: 92.5
543: 88.2
544: 85.4
545: 89.9
546: 85.9
547: 69.4
548: 89.0
549: 91.4
550: 68.4
551: 86.7
552: 82.8
553: 79.3
554: 79.6
555: 73.1
556: 83.3
557: 49.0
558: 90.5
559: 84.3
560: 80.1
561: 92.4
562: 83.7
563: 81.7
564: 94.0
565: 83.3
566: 88.7
567: 88.2
568: 43.6
569: 77.2
570: 92.1
571: 62.9
572: 65.9
573: 90.7
574: 69.5
575: 79.7
576: 69.0
577: 80.7
578: 87.3
579: 74.4
580: 93.9
581: 93.1
582: 94.7
583: 61.9
584: 86.1
585: 90.9
586: 93.2
587: 72.2
588: 64.4
589: 86.6
590: 75.9
591: 84.3
592: 86.7
593: 61.1
594: 87.0
595: 90.4
596: 60.8
597: 88.5
598: 74.0
599: 88.0
600: 85.8
601: 62.5
602: 82.8
603: 85.7
604: 81.3
605: 92.9
606: 70.7
607: 88.2
608: 80.6
609: 63.1
610: 69.4
611: 90.3
612: 65.3
613: 86.1
614: 86.0
615: 77.6
616: 71.6
617: 74.3
618: 68.9
619: 75.8
620: 73.1
621: 60.8
622: 48.2
623: 91.0
624: 84.3
625: 70.8
626: 82.8
627: 62.6
628: 91.0
629: 34.5
630: 76.5
631: 79.6
632: 81.9
633: 82.7
634: 79.5
635: 78.7
636: 88.7
637: 87.4
638: 42.5
639: 80.5
640: 82.3
641: 91.8
642: 89.5
643: 48.2
644: 88.3
645: 63.8
646: 62.3
647: 85.4
648: 75.2
649: 81.2
650: 85.0
651: 63.9
652: 89.5
653: 63.0
654: 66.6
655: 81.7
656: 85.0
657: 86.4
658: 81.7
659: 80.3
660: 75.6
661: 73.6
662: 74.0
663: 88.7
664: 72.2
665: 67.0
666: 79.6
667: 83.5
668: 78.1
669: 88.3
670: 81.1
671: 84.5
672: 86.3
673: 44.6
674: 70.9
675: 91.9
676: 75.2
677: 90.8
678: 49.8
679: 80.2
680: 89.3
681: 83.9
682: 83.0
683: 91.9
684: 80.0
685: 83.8
686: 60.7
687: 73.9
688: 85.7
689: 81.1
690: 76.2
691: 71.2
692: 50.9
693: 84.8
694: 83.3
695: 69.9
696: 58.3
697: 78.4
698: 71.8
699: 82.0
700: 63.4
701: 80.8
702: 93.3
703: 82.7
704: 47.1
705: 88.2
706: 77.2
707: 52.5
708: 85.7
709: 78.9
710: 61.6
711: 35.1
712: 59.8
713: 71.1
714: 91.1
715: 73.2
716: 63.5
717: 95.9
718: 69.3
719: 80.1
720: 76.4
721: 90.3
722: 70.6
723: 68.4
724: 75.7
725: 66.5
726: 74.6
727: 79.3
728: 87.6
729: 89.3
730: 85.4
731: 66.0
732: 76.9
733: 87.0
734: 86.1
735: 84.0
736: 74.2
737: 85.5
738: 67.2
739: 77.6
740: 64.8
741: 83.3
742: 75.5
743: 64.3
744: 50.8
745: 83.1
746: 74.2
747: 72.9
748: 59.3
749: 84.5
750: 79.2
751: 77.3
752: 81.3
753: 85.9
754: 84.8
755: 73.3
756: 85.1
757: 85.2
758: 66.3
759: 74.0
760: 78.1
761: 78.0
762: 77.4
763: 85.1
764: 80.9
765: 84.1
766: 86.0
767: 78.2
768: 93.9
769: 77.8
770: 80.3
771: 67.6
772: 70.7
773: 92.4
774: 91.0
775: 81.3
776: 75.8
777: 89.5
778: 85.5
779: 89.7
780: 91.5
781: 88.3
782: 91.5
783: 82.4
784: 92.8
785: 76.4
786: 75.4
787: 86.3
788: 80.4
789: 79.9
790: 87.0
791: 67.2
792: 81.0
793: 79.6
794: 37.6
795: 57.0
796: 87.3
797: 77.5
798: 75.4
799: 63.7
800: 88.5
801: 87.7
802: 82.5
803: 79.8
804: 73.8
805: 83.2
806: 53.0
807: 66.9
808: 92.1
809: 61.2
810: 72.4
811: 78.4
812: 65.1
813: 93.1
814: 84.3
815: 83.8
816: 26.0
817: 85.7
818: 36.4
819: 45.6
820: 54.5
821: 77.6
822: 88.1
823: 91.6
824: 85.7
825: 65.0
826: 62.5
827: 87.7
828: 60.9
829: 55.7
830: 74.0
831: 73.3
832: 86.9
833: 69.9
834: 52.6
835: 63.5
836: 82.5
837: 87.2
838: 91.4
839: 95.2
840: 55.8
841: 56.7
842: 86.3
843: 76.6
844: 88.3
845: 91.6
846: 72.6
847: 83.1
848: 81.9
849: 88.2
850: 92.7
851: 79.0
852: 86.1
853: 93.9
854: 71.8
855: 86.0
856: 60.9
857: 79.2
858: 83.8
859: 66.6
860: 70.2
861: 83.3
862: 79.9
863: 76.7
864: 93.5
865: 92.5
866: 93.1
867: 88.7
868: 86.6
869: 84.2
870: 59.2
871: 75.9
872: 89.0
873: 66.9
874: 91.9
875: 75.6
876: 76.8
877: 83.9
878: 78.1
879: 83.9
880: 89.1
881: 78.2
882: 84.7
883: 92.8
884: 78.3
885: 86.5
886: 86.7
887: 78.6
888: 72.2
889: 73.0
890: 92.1
891: 71.9
892: 46.5
893: 77.7
894: 73.7
895: 71.5
896: 82.5
897: 88.4
898: 91.9
899: 80.9
900: 81.8
901: 64.7
902: 74.2
903: 74.4
904: 73.3
905: 80.5
906: 78.0
907: 80.3
908: 87.7
909: 85.2
910: 85.6
911: 88.8
912: 66.1
913: 52.4
914: 72.8
915: 87.1
916: 72.4
917: 68.8
918: 91.4
919: 89.6
920: 86.1
921: 77.1
922: 72.1
923: 62.4
924: 80.8
925: 80.8
926: 86.9
927: 89.9
928: 85.2
929: 80.4
930: 93.4
931: 63.3
932: 81.1
933: 95.2
934: 78.3
935: 83.8
936: 83.3
937: 80.9
938: 85.4
939: 74.6
940: 77.8
941: 79.2
942: 91.7
943: 74.4
944: 85.0
945: 84.9
946: 70.1
947: 92.0
948: 79.7
949: 85.9
950: 79.0
951: 70.7
952: 92.2
953: 90.9
954: 66.4
955: 85.6
956: 60.1
957: 83.1
958: 84.1
959: 92.9
960: 92.5
961: 73.3
962: 79.8
963: 57.3
964: 91.9
965: 81.7
966: 90.3
967: 73.2
968: 81.0
969: 86.5
970: 84.9
971: 86.8
972: 49.9
973: 73.6
974: 79.4
975: 70.5
976: 68.4
977: 82.8
978: 83.4
979: 94.9
980: 71.2
981: 87.4
982: 84.9
983: 80.1
984: 90.6
985: 81.6
986: 89.1
987: 72.0
988: 48.7
989: 43.2
990: 91.3
991: 70.3
992: 79.6
993: 77.1
994: 77.5
995: 88.9
996: 92.3
997: 44.3
998: 49.1
999: 91.2
