0: 38.4
1: 26.3
2: 16.6
3: 18.4
4: 17.6
5: 14.4
6: 18.5
7: 19.3
8: 15.5
9: 16.4
10: 14.5
11: 16.1
12: 16.6
13: 13.2
14: 16.6
15: 18.1
16: 20.0
17: 20.8
18: 23.6
19: 19.7
20: 25.0
21: 17.9
22: 18.4
23: 18.5
24: 22.7
25: 20.4
26: 23.4
27: 16.2
28: 15.9
29: 17.6
30: 17.4
31: 14.5
32: 61.3
33: 28.3
34: 15.5
35: 14.8
36: 18.2
37: 19.7
38: 19.4
39: 20.1
40: 15.8
41: 27.0
42: 26.0
43: 24.3
44: 19.7
45: 20.1
46: 19.2
47: 16.2
48: 22.2
49: 19.7
50: 19.2
51: 17.8
52: 19.2
53: 17.3
54: 17.0
55: 17.7
56: 14.5
57: 16.2
58: 18.1
59: 18.5
60: 16.2
61: 19.3
62: 18.3
63: 23.7
64: 20.0
65: 18.8
66: 18.8
67: 18.4
68: 14.7
69: 15.6
70: 17.7
71: 18.8
72: 17.3
73: 17.3
74: 16.6
75: 17.5
76: 23.6
77: 15.6
78: 14.2
79: 17.2
80: 20.3
81: 17.8
82: 19.6
83: 18.3
84: 18.2
85: 12.8
86: 16.5
87: 12.8
88: 20.2
89: 15.2
90: 15.0
91: 17.6
92: 19.2
93: 16.5
94: 13.4
95: 17.6
96: 16.1
97: 19.2
98: 18.4
99: 19.6
100: 16.4
101: 15.5
102: 19.2
103: 16.3
104: 18.3
105: 12.6
106: 21.8
107: 16.7
108: 17.3
109: 15.1
110: 18.7
111: 18.0
112: 20.0
113: 19.2
114: 15.1
115: 17.5
116: 20.3
117: 19.3
118: 19.6
119: 16.1
120: 16.9
121: 15.6
122: 16.4
123: 23.5
124: 15.9
125: 20.0
126: 15.6
127: 18.3
128: 19.1
129: 16.7
130: 15.7
131: 17.6
132: 15.2
133: 18.6
134: 14.8
135: 16.3
136: 15.8
137: 21.3
138: 17.2
139: 19.5
140: 15.0
141: 16.6
142: 16.9
143: 16.0
144: 12.7
145: 19.8
146: 17.8
147: 15.9
148: 19.4
149: 19.1
150: 17.5
151: 16.8
152: 13.3
153: 18.2
154: 18.7
155: 20.2
156: 14.8
157: 18.7
158: 20.8
159: 16.7
160: 19.5
161: 17.1
162: 16.8
163: 17.1
164: 18.6
165: 14.9
166: 16.1
167: 12.9
168: 17.5
169: 15.1
170: 14.5
171: 15.9
172: 17.6
173: 14.4
174: 18.6
175: 17.8
176: 17.2
177: 19.4
178: 15.5
179: 16.7
180: 18.2
181: 18.2
182: 17.8
183: 18.9
184: 14.9
185: 19.2
186: 17.6
187: 18.2
188: 15.4
189: 17.6
190: 17.9
191: 14.5
192: 22.7
193: 17.2
194: 16.6
195: 16.5
196: 22.0
197: 14.0
198: 15.9
199: 19.0
200: 17.4
201: 15.5
202: 15.5
203: 17.6
204: 16.7
205: 17.7
206: 17.6
207: 16.5
208: 16.9
209: 16.4
210: 14.6
211: 16.1
212: 20.5
213: 14.0
214: 16.6
215: 15.1
216: 27.9
217: 15.5
218: 21.5
219: 14.0
220: 13.7
221: 18.2
222: 16.8
223: 18.3
224: 16.1
225: 15.5
226: 17.9
227: 17.2
228: 28.4
229: 17.6
230: 16.7
231: 17.0
232: 16.9
233: 19.3
234: 15.4
235: 22.3
236: 15.0
237: 16.0
238: 13.8
239: 16.6
240: 19.8
241: 17.3
242: 16.4
243: 16.0
244: 22.5
245: 14.7
246: 18.7
247: 20.9
248: 19.0
249: 16.6
250: 25.4
251: 14.2
252: 25.5
253: 16.2
254: 18.5
255: 22.7
256: 18.8
257: 20.3
258: 21.4
259: 18.0
260: 14.7
261: 15.4
262: 32.5
263: 18.7
264: 13.5
265: 16.8
266: 15.7
267: 24.1
268: 16.6
269: 16.9
270: 18.9
271: 14.7
272: 16.8
273: 15.9
274: 17.1
275: 18.3
276: 21.3
277: 15.7
278: 18.2
279: 18.6
280: 16.7
281: 20.0
282: 16.9
283: 14.1
284: 17.1
285: 16.0
286: 15.5
287: 18.3
288: 22.2
289: 15.0
290: 17.5
291: 15.8
292: 19.5
293: 11.5
294: 16.2
295: 15.3
296: 16.7
297: 18.0
298: 19.5
299: 13.7
300: 17.5
301: 20.3
302: 19.2
303: 20.1
304: 17.2
305: 16.0
306: 22.1
307: 15.1
308: 17.2
309: 15.6
310: 18.6
311: 16.7
312: 21.2
313: 15.9
314: 19.4
315: 17.3
316: 17.5
317: 16.1
318: 13.5
319: 18.3
320: 16.3
321: 16.4
322: 16.2
323: 17.1
324: 15.0
325: 18.7
326: 15.6
327: 17.5
328: 18.9
329: 17.9
330: 17.2
331: 17.4
332: 15.1
333: 18.1
334: 16.9
335: 17.3
336: 18.1
337: 18.2
338: 16.0
339: 16.8
340: 20.9
341: 20.6
342: 21.1
343: 19.7
344: 14.7
345: 17.1
346: 17.2
347: 17.2
348: 16.2
349: 14.7
350: 18.9
351: 20.3
352: 14.3
353: 17.0
354: 17.0
355: 20.5
356: 17.6
357: 16.9
358: 15.6
359: 20.7
360: 16.6
361: 17.4
362: 15.9
363: 19.2
364: 17.8
365: 17.9
366: 18.3
367: 17.9
368: 21.4
369: 20.4
370: 18.7
371: 17.5
372: 16.0
373: 16.7
374: 19.1
375: 18.3
376: 19.6
377: 17.1
378: 15.4
379: 16.8
380: 17.7
381: 20.2
382: 15.9
383: 16.6
384: 17.0
385: 17.7
386: 15.4
387: 16.4
388: 17.6
389: 18.3
390: 14.9
391: 15.2
392: 18.8
393: 14.0
394: 15.8
395: 16.7
396: 18.7
397: 19.1
398: 16.9
399: 18.2
400: 15.8
401: 16.0
402: 17.6
403: 12.8
404: 15.8
405: 16.9
406: 20.7
407: 22.6
408: 13.8
409: 22.6
410: 18.4
411: 14.8
412: 20.7
413: 17.5
414: 20.5
415: 17.6
416: 24.9
417: 17.5
418: 15.8
419: 18.3
420: 14.8
421: 18.0
422: 23.5
423: 22.6
424: 18.0
425: 14.5
426: 17.3
427: 30.6
428: 17.3
429: 16.1
430: 18.1
431: 17.3
432: 17.5
433: 22.4
434: 18.2
435: 21.6
436: 14.4
437: 17.0
438: 17.5
439: 20.1
440: 16.0
441: 17.6
442: 20.1
443: 20.9
444: 18.2
445: 17.5
446: 17.3
447: 17.8
448: 20.3
449: 17.7
450: 14.9
451: 17.5
452: 18.6
453: 16.0
454: 22.7
455: 14.6
456: 26.1
457: 17.3
458: 13.9
459: 18.6
460: 18.3
461: 16.5
462: 15.8
463: 20.7
464: 17.0
465: 21.0
466: 19.9
467: 21.3
468: 14.5
469: 17.1
470: 16.3
471: 18.1
472: 16.4
473: 19.3
474: 17.9
475: 12.6
476: 21.3
477: 17.4
478: 17.3
479: 18.1
480: 20.4
481: 16.3
482: 18.6
483: 14.1
484: 17.5
485: 15.4
486: 14.5
487: 16.5
488: 16.6
489: 19.9
490: 19.0
491: 16.7
492: 16.1
493: 15.3
494: 14.5
495: 12.6
496: 16.9
497: 15.5
498: 14.4
499: 17.5
500: 15.6
501: 19.5
502: 18.0
503: 22.3
504: 18.8
505: 20.3
506: 16.0
507: 16.7
508: 24.6
509: 20.7
510: 16.1
511: 16.3
512: 18.1
513: 21.5
514: 17.1
515: 20.4
516: 17.4
517: 19.8
518: 17.1
519: 19.6
520: 13.9
521: 15.6
522: 20.4
523: 19.6
524: 15.8
525: 16.9
526: 21.6
527: 17.5
528: 18.1
529: 16.9
530: 15.1
531: 15.5
532: 15.2
533: 18.0
534: 19.4
535: 16.1
536: 15.1
537: 19.4
538: 15.7
539: 16.1
540: 16.5
541: 21.2
542: 17.8
543: 19.5
544: 16.7
545: 20.4
546: 20.4
547: 22.3
548: 19.7
549: 20.4
550: 19.8
551: 16.3
552: 20.1
553: 17.8
554: 19.0
555: 21.3
556: 20.8
557: 16.1
558: 17.4
559: 27.8
560: 20.1
561: 16.1
562: 18.5
563: 17.2
564: 21.6
565: 14.8
566: 18.7
567: 20.4
568: 17.4
569: 17.8
570: 14.8
571: 14.0
572: 17.0
573: 16.7
574: 18.9
575: 20.2
576: 20.0
577: 17.3
578: 17.9
579: 19.3
580: 16.7
581: 25.7
582: 31.4
583: 15.2
584: 16.2
585: 17.1
586: 23.7
587: 17.4
588: 13.2
589: 17.9
590: 19.9
591: 18.6
592: 18.3
593: 15.0
594: 19.6
595: 18.5
596: 17.6
597: 16.1
598: 18.1
599: 17.0
600: 16.1
601: 14.5
602: 17.3
603: 13.7
604: 18.1
605: 16.0
606: 14.3
607: 18.7
608: 17.9
609: 18.6
610: 15.8
611: 14.0
612: 17.1
613: 15.2
614: 16.7
615: 17.3
616: 13.2
617: 18.1
618: 16.3
619: 18.4
620: 17.7
621: 16.3
622: 16.0
623: 13.3
624: 17.4
625: 17.7
626: 16.5
627: 17.0
628: 19.1
629: 16.8
630: 17.7
631: 19.6
632: 17.6
633: 16.0
634: 17.1
635: 15.6
636: 19.6
637: 17.3
638: 16.4
639: 16.9
640: 26.6
641: 17.2
642: 19.1
643: 16.9
644: 17.8
645: 16.3
646: 16.9
647: 16.2
648: 18.3
649: 17.6
650: 20.1
651: 12.6
652: 17.1
653: 14.6
654: 13.3
655: 15.8
656: 19.3
657: 20.1
658: 15.8
659: 16.1
660: 20.2
661: 19.8
662: 19.5
663: 25.4
664: 14.1
665: 17.1
666: 18.5
667: 20.1
668: 20.4
669: 17.8
670: 16.5
671: 16.0
672: 18.7
673: 15.2
674: 18.6
675: 18.8
676: 18.0
677: 18.4
678: 16.7
679: 16.0
680: 18.7
681: 14.5
682: 17.0
683: 17.9
684: 16.4
685: 18.2
686: 17.5
687: 11.7
688: 19.0
689: 16.6
690: 20.3
691: 15.2
692: 18.0
693: 19.1
694: 17.3
695: 15.8
696: 17.5
697: 17.3
698: 19.1
699: 15.1
700: 18.3
701: 16.5
702: 17.5
703: 18.3
704: 14.6
705: 15.5
706: 18.7
707: 17.3
708: 22.4
709: 18.8
710: 16.5
711: 13.6
712: 14.7
713: 18.5
714: 23.8
715: 14.7
716: 18.5
717: 19.2
718: 15.7
719: 15.7
720: 19.7
721: 20.4
722: 15.0
723: 14.0
724: 14.9
725: 15.6
726: 16.6
727: 17.9
728: 15.7
729: 18.5
730: 17.1
731: 17.3
732: 15.2
733: 19.8
734: 16.0
735: 16.3
736: 19.7
737: 13.7
738: 20.7
739: 16.9
740: 15.1
741: 19.5
742: 16.8
743: 17.3
744: 16.4
745: 17.6
746: 14.5
747: 17.6
748: 14.6
749: 17.9
750: 17.5
751: 16.5
752: 13.1
753: 13.5
754: 16.7
755: 17.6
756: 18.1
757: 17.7
758: 17.0
759: 14.4
760: 15.8
761: 13.4
762: 15.6
763: 16.5
764: 15.9
765: 18.4
766: 16.7
767: 15.5
768: 17.4
769: 16.9
770: 15.4
771: 15.1
772: 19.2
773: 14.2
774: 20.9
775: 19.1
776: 18.0
777: 18.2
778: 17.0
779: 16.9
780: 19.9
781: 17.4
782: 16.0
783: 19.6
784: 22.7
785: 17.8
786: 15.9
787: 17.0
788: 17.7
789: 15.8
790: 17.9
791: 15.8
792: 20.4
793: 19.6
794: 19.5
795: 14.8
796: 15.9
797: 17.2
798: 19.2
799: 17.7
800: 18.8
801: 18.3
802: 16.9
803: 16.3
804: 17.2
805: 17.9
806: 14.8
807: 13.5
808: 19.5
809: 18.5
810: 20.3
811: 16.6
812: 16.4
813: 19.7
814: 14.6
815: 18.0
816: 17.4
817: 17.7
818: 17.2
819: 12.4
820: 19.2
821: 15.4
822: 18.7
823: 18.2
824: 19.4
825: 15.6
826: 14.9
827: 17.7
828: 16.6
829: 10.4
830: 15.8
831: 17.2
832: 13.3
833: 16.9
834: 16.8
835: 16.3
836: 17.6
837: 18.5
838: 16.7
839: 18.4
840: 16.4
841: 17.9
842: 14.0
843: 16.2
844: 17.2
845: 15.9
846: 20.9
847: 19.6
848: 15.6
849: 23.8
850: 18.5
851: 16.8
852: 18.9
853: 18.9
854: 17.2
855: 17.6
856: 16.4
857: 22.8
858: 16.8
859: 16.9
860: 21.0
861: 21.2
862: 17.4
863: 18.2
864: 22.5
865: 20.9
866: 16.4
867: 14.8
868: 13.2
869: 16.7
870: 20.0
871: 15.5
872: 15.4
873: 16.5
874: 17.7
875: 18.1
876: 14.6
877: 18.5
878: 16.6
879: 14.6
880: 21.6
881: 13.8
882: 15.7
883: 13.9
884: 17.3
885: 18.7
886: 16.6
887: 15.4
888: 15.2
889: 17.7
890: 19.2
891: 18.3
892: 16.2
893: 18.3
894: 16.5
895: 18.3
896: 17.2
897: 17.0
898: 17.6
899: 18.1
900: 16.7
901: 17.7
902: 17.6
903: 15.7
904: 14.5
905: 17.4
906: 18.5
907: 13.9
908: 17.2
909: 26.0
910: 13.8
911: 16.1
912: 18.1
913: 18.3
914: 17.5
915: 17.8
916: 15.2
917: 15.9
918: 18.5
919: 17.5
920: 18.5
921: 17.9
922: 17.5
923: 19.0
924: 14.8
925: 19.8
926: 21.8
927: 20.6
928: 14.2
929: 4.1
930: 22.2
931: 17.5
932: 18.0
933: 14.6
934: 22.6
935: 16.6
936: 18.1
937: 20.7
938: 16.8
939: 15.2
940: 14.9
941: 17.0
942: 23.2
943: 18.3
944: 15.3
945: 15.4
946: 19.9
947: 16.7
948: 16.5
949: 19.7
950: 21.7
951: 13.1
952: 18.9
953: 23.6
954: 14.7
955: 11.3
956: 17.9
957: 16.7
958: 19.0
959: 16.0
960: 20.1
961: 18.3
962: 15.6
963: 15.1
964: 19.5
965: 16.2
966: 17.5
967: 18.0
968: 21.2
969: 16.4
970: 19.4
971: 16.0
972: 16.7
973: 21.6
974: 16.8
975: 16.6
976: 15.4
977: 20.6
978: 25.5
979: 19.6
980: 16.4
981: 18.4
982: 18.8
983: 19.5
984: 30.6
985: 20.9
986: 19.6
987: 13.8
988: 16.8
989: 17.7
990: 22.8
991: 16.8
992: 16.5
993: 17.2
994: 15.6
995: 20.0
996: 20.5
997: 14.6
998: 17.4
999: 26.1
