0: 94.1
1: 91.9
2: 92.3
3: 93.6
4: 92.2
5: 91.1
6: 92.2
7: 93.8
8: 22.8
9: 23.7
10: 23.0
11: 11.9
12: 22.2
13: 16.1
14: 26.9
15: 13.5
16: 12.9
17: 21.0
18: 32.5
19: 18.1
20: 16.9
21: 23.2
22: 24.9
23: 22.0
24: 33.2
25: 24.7
26: 18.6
27: 13.4
28: 13.0
29: 16.6
30: 22.4
31: 11.2
32: 23.1
33: 36.8
34: 15.3
35: 25.1
36: 23.8
37: 18.7
38: 17.3
39: 21.2
40: 19.2
41: 20.8
42: 18.8
43: 15.1
44: 19.2
45: 13.8
46: 15.6
47: 18.9
48: 18.2
49: 23.2
50: 13.1
51: 22.7
52: 23.8
53: 12.4
54: 12.9
55: 19.0
56: 19.6
57: 21.1
58: 14.8
59: 20.9
60: 15.1
61: 28.6
62: 17.2
63: 19.3
64: 25.6
65: 24.6
66: 13.1
67: 18.3
68: 17.6
69: 13.4
70: 16.2
71: 22.9
72: 17.1
73: 12.9
74: 13.7
75: 14.8
76: 20.1
77: 17.7
78: 31.0
79: 22.4
80: 13.8
81: 25.0
82: 17.6
83: 22.7
84: 17.7
85: 16.2
86: 16.7
87: 13.0
88: 20.7
89: 13.9
90: 27.8
91: 23.5
92: 19.9
93: 30.9
94: 15.5
95: 12.0
96: 20.2
97: 24.2
98: 17.9
99: 17.1
100: 24.6
101: 17.3
102: 14.2
103: 17.3
104: 15.3
105: 22.6
106: 21.3
107: 21.2
108: 23.4
109: 13.1
110: 14.8
111: 15.4
112: 12.0
113: 14.7
114: 20.1
115: 17.5
116: 14.0
117: 19.2
118: 24.3
119: 13.3
120: 16.7
121: 20.4
122: 19.0
123: 12.0
124: 14.3
125: 15.3
126: 17.7
127: 17.4
128: 21.6
129: 23.2
130: 18.8
131: 16.3
132: 25.3
133: 20.2
134: 16.5
135: 26.3
136: 24.0
137: 23.9
138: 10.3
139: 14.3
140: 11.7
141: 14.4
142: 15.8
143: 12.2
144: 19.2
145: 15.8
146: 21.8
147: 19.7
148: 19.5
149: 23.4
150: 12.2
151: 22.7
152: 13.0
153: 23.3
154: 19.1
155: 15.4
156: 18.7
157: 14.0
158: 16.0
159: 21.5
160: 23.7
161: 25.6
162: 17.6
163: 26.6
164: 13.6
165: 16.4
166: 16.0
167: 17.1
168: 16.9
169: 16.2
170: 12.6
171: 12.6
172: 25.2
173: 12.0
174: 17.1
175: 15.3
176: 15.4
177: 26.8
178: 24.9
179: 12.6
180: 18.4
181: 19.7
182: 20.6
183: 16.1
184: 16.7
185: 17.8
186: 15.9
187: 14.9
188: 18.7
189: 21.8
190: 15.2
191: 13.7
192: 22.5
193: 12.2
194: 16.0
195: 17.7
196: 18.1
197: 12.6
198: 21.0
199: 17.9
200: 17.1
201: 13.8
202: 17.9
203: 13.7
204: 15.2
205: 19.8
206: 20.4
207: 28.2
208: 18.4
209: 14.3
210: 23.4
211: 11.4
212: 16.9
213: 13.7
214: 11.7
215: 15.2
216: 23.8
217: 18.1
218: 12.8
219: 12.7
220: 16.1
221: 26.4
222: 21.0
223: 12.5
224: 23.0
225: 12.4
226: 17.5
227: 16.3
228: 25.2
229: 22.9
230: 13.7
231: 22.7
232: 22.3
233: 25.0
234: 22.8
235: 28.2
236: 13.4
237: 23.1
238: 11.3
239: 12.9
240: 17.4
241: 16.8
242: 14.9
243: 18.9
244: 20.2
245: 24.5
246: 28.1
247: 14.0
248: 18.4
249: 14.4
250: 26.7
251: 23.8
252: 19.5
253: 23.8
254: 27.2
255: 23.4
256: 19.0
257: 22.6
258: 22.9
259: 13.0
260: 16.4
261: 15.4
262: 16.9
263: 25.4
264: 11.1
265: 30.5
266: 25.2
267: 17.1
268: 26.2
269: 16.6
270: 16.1
271: 12.9
272: 16.9
273: 13.7
274: 12.3
275: 23.5
276: 15.1
277: 28.1
278: 15.1
279: 16.5
280: 18.0
281: 12.7
282: 16.3
283: 15.2
284: 14.1
285: 22.7
286: 12.9
287: 20.6
288: 23.9
289: 21.5
290: 14.3
291: 9.8
292: 23.0
293: 11.8
294: 17.1
295: 13.5
296: 14.2
297: 15.8
298: 15.6
299: 13.7
300: 16.0
301: 20.6
302: 23.6
303: 14.2
304: 15.3
305: 13.8
306: 13.7
307: 16.2
308: 21.4
309: 13.1
310: 23.4
311: 18.2
312: 17.9
313: 18.6
314: 17.7
315: 15.2
316: 13.5
317: 20.2
318: 14.9
319: 27.5
320: 14.7
321: 10.6
322: 20.7
323: 24.1
324: 19.3
325: 14.9
326: 11.7
327: 16.0
328: 14.8
329: 13.9
330: 19.7
331: 11.0
332: 21.4
333: 12.5
334: 19.9
335: 16.8
336: 25.6
337: 13.8
338: 13.1
339: 14.2
340: 17.2
341: 17.0
342: 13.2
343: 22.8
344: 17.8
345: 13.9
346: 23.9
347: 14.5
348: 25.7
349: 14.5
350: 17.7
351: 13.9
352: 20.9
353: 21.4
354: 18.7
355: 13.7
356: 12.7
357: 25.0
358: 15.2
359: 19.1
360: 21.8
361: 13.9
362: 17.0
363: 24.1
364: 16.3
365: 19.0
366: 12.9
367: 12.5
368: 17.5
369: 14.8
370: 16.0
371: 15.7
372: 19.5
373: 15.3
374: 17.8
375: 19.9
376: 15.4
377: 22.3
378: 20.2
379: 11.5
380: 14.0
381: 26.7
382: 13.3
383: 17.1
384: 21.2
385: 16.9
386: 11.4
387: 13.6
388: 11.5
389: 24.5
390: 9.6
391: 18.9
392: 13.5
393: 13.2
394: 17.1
395: 19.1
396: 16.1
397: 27.8
398: 14.1
399: 17.5
400: 13.4
401: 12.2
402: 13.0
403: 17.5
404: 12.2
405: 14.3
406: 19.6
407: 17.2
408: 24.1
409: 18.4
410: 12.8
411: 16.4
412: 15.0
413: 14.4
414: 18.4
415: 19.0
416: 22.8
417: 14.4
418: 21.4
419: 15.3
420: 14.5
421: 12.2
422: 22.3
423: 19.5
424: 12.5
425: 25.2
426: 13.2
427: 24.8
428: 14.0
429: 13.5
430: 35.1
431: 23.0
432: 21.2
433: 23.4
434: 13.5
435: 27.3
436: 23.4
437: 18.6
438: 15.2
439: 20.3
440: 12.3
441: 21.1
442: 21.7
443: 27.0
444: 13.0
445: 20.1
446: 18.4
447: 21.8
448: 26.8
449: 20.8
450: 22.3
451: 15.4
452: 25.4
453: 23.7
454: 19.1
455: 14.1
456: 24.5
457: 20.6
458: 19.7
459: 18.8
460: 19.7
461: 13.1
462: 16.8
463: 12.4
464: 15.1
465: 12.7
466: 24.6
467: 21.1
468: 17.9
469: 12.8
470: 18.0
471: 18.1
472: 20.7
473: 11.5
474: 14.3
475: 18.2
476: 33.3
477: 14.8
478: 12.4
479: 21.0
480: 19.2
481: 14.1
482: 14.8
483: 13.5
484: 23.3
485: 9.8
486: 13.3
487: 21.9
488: 24.0
489: 12.7
490: 17.6
491: 13.7
492: 23.8
493: 19.7
494: 11.2
495: 18.5
496: 13.9
497: 16.3
498: 19.8
499: 24.0
500: 11.9
501: 16.9
502: 27.5
503: 24.4
504: 26.5
505: 26.1
506: 11.4
507: 15.4
508: 23.3
509: 25.4
510: 19.6
511: 21.3
512: 23.2
513: 18.0
514: 18.7
515: 17.2
516: 20.4
517: 22.5
518: 23.0
519: 18.7
520: 15.3
521: 15.9
522: 22.0
523: 23.3
524: 14.1
525: 21.4
526: 20.4
527: 10.9
528: 18.2
529: 17.2
530: 14.4
531: 24.9
532: 16.2
533: 22.8
534: 14.5
535: 16.4
536: 18.9
537: 15.0
538: 13.9
539: 23.3
540: 17.3
541: 14.3
542: 25.6
543: 13.4
544: 15.6
545: 16.0
546: 16.1
547: 23.0
548: 22.8
549: 19.9
550: 14.0
551: 15.0
552: 17.1
553: 25.5
554: 29.3
555: 21.3
556: 21.1
557: 16.3
558: 23.3
559: 18.0
560: 25.4
561: 17.6
562: 21.6
563: 29.4
564: 20.7
565: 23.7
566: 18.3
567: 18.2
568: 23.5
569: 18.4
570: 25.0
571: 19.0
572: 15.6
573: 15.5
574: 15.5
575: 14.0
576: 14.2
577: 20.4
578: 14.2
579: 17.0
580: 17.1
581: 24.0
582: 31.4
583: 19.3
584: 23.1
585: 22.2
586: 21.5
587: 12.0
588: 24.3
589: 23.2
590: 17.1
591: 17.2
592: 20.2
593: 15.7
594: 30.0
595: 14.7
596: 16.8
597: 16.3
598: 13.3
599: 17.9
600: 19.9
601: 12.5
602: 16.9
603: 29.7
604: 14.9
605: 24.4
606: 11.1
607: 24.3
608: 14.5
609: 22.0
610: 12.7
611: 19.8
612: 19.4
613: 15.5
614: 13.5
615: 17.9
616: 17.0
617: 19.8
618: 11.0
619: 21.0
620: 21.4
621: 18.9
622: 12.4
623: 22.1
624: 25.1
625: 21.0
626: 13.2
627: 17.0
628: 14.7
629: 10.3
630: 17.2
631: 12.3
632: 18.2
633: 16.4
634: 18.8
635: 19.9
636: 32.5
637: 19.6
638: 17.1
639: 21.2
640: 15.8
641: 14.4
642: 14.4
643: 21.5
644: 23.1
645: 11.1
646: 11.0
647: 14.0
648: 22.3
649: 19.2
650: 16.4
651: 10.9
652: 25.3
653: 14.0
654: 18.6
655: 22.4
656: 21.0
657: 22.0
658: 19.6
659: 15.0
660: 16.3
661: 17.2
662: 16.1
663: 32.9
664: 19.5
665: 15.8
666: 24.6
667: 17.7
668: 24.4
669: 17.1
670: 12.4
671: 16.7
672: 16.2
673: 26.0
674: 24.8
675: 24.1
676: 12.6
677: 17.2
678: 17.2
679: 12.8
680: 13.7
681: 18.8
682: 21.0
683: 16.0
684: 16.5
685: 12.7
686: 19.2
687: 22.7
688: 12.7
689: 15.5
690: 8.9
691: 16.5
692: 15.2
693: 12.7
694: 15.0
695: 20.9
696: 21.4
697: 22.2
698: 16.0
699: 18.4
700: 14.6
701: 10.0
702: 29.4
703: 19.9
704: 14.6
705: 25.0
706: 14.1
707: 14.6
708: 16.1
709: 17.4
710: 28.7
711: 16.7
712: 15.2
713: 13.1
714: 24.3
715: 10.7
716: 14.9
717: 28.3
718: 23.6
719: 13.5
720: 22.6
721: 12.6
722: 13.7
723: 14.6
724: 22.2
725: 12.8
726: 14.1
727: 18.9
728: 28.1
729: 22.2
730: 14.4
731: 13.8
732: 14.7
733: 24.4
734: 14.1
735: 14.4
736: 12.5
737: 17.2
738: 28.6
739: 25.3
740: 18.1
741: 12.0
742: 16.0
743: 16.2
744: 21.8
745: 13.8
746: 15.7
747: 28.5
748: 21.1
749: 24.1
750: 14.1
751: 13.1
752: 15.8
753: 18.5
754: 27.4
755: 12.8
756: 12.9
757: 11.5
758: 12.3
759: 12.7
760: 14.6
761: 29.5
762: 12.7
763: 14.4
764: 20.9
765: 27.5
766: 16.9
767: 12.8
768: 16.0
769: 19.1
770: 20.8
771: 21.0
772: 13.7
773: 20.2
774: 21.1
775: 15.5
776: 16.2
777: 13.1
778: 21.8
779: 15.9
780: 13.4
781: 12.0
782: 26.9
783: 20.7
784: 33.7
785: 15.5
786: 22.2
787: 25.2
788: 13.0
789: 17.6
790: 24.4
791: 17.2
792: 14.2
793: 20.8
794: 15.7
795: 16.4
796: 20.2
797: 25.6
798: 13.3
799: 17.7
800: 28.4
801: 17.4
802: 19.4
803: 15.3
804: 14.5
805: 11.9
806: 11.7
807: 16.3
808: 28.7
809: 20.7
810: 13.4
811: 17.9
812: 14.6
813: 17.3
814: 16.0
815: 21.0
816: 16.5
817: 15.8
818: 13.3
819: 16.7
820: 12.3
821: 15.7
822: 20.4
823: 16.4
824: 29.1
825: 19.7
826: 16.1
827: 13.7
828: 21.8
829: 14.6
830: 12.4
831: 23.6
832: 13.6
833: 12.6
834: 12.7
835: 17.5
836: 16.8
837: 16.2
838: 30.9
839: 13.7
840: 15.9
841: 14.8
842: 16.5
843: 19.2
844: 23.5
845: 19.1
846: 19.4
847: 14.6
848: 19.9
849: 17.4
850: 21.7
851: 15.2
852: 16.4
853: 29.7
854: 13.6
855: 16.5
856: 18.0
857: 21.0
858: 13.4
859: 16.7
860: 18.2
861: 26.0
862: 20.5
863: 22.5
864: 23.3
865: 27.8
866: 21.5
867: 16.7
868: 21.3
869: 19.0
870: 25.6
871: 22.3
872: 17.8
873: 24.0
874: 12.8
875: 19.3
876: 26.7
877: 13.1
878: 14.7
879: 17.0
880: 26.1
881: 15.4
882: 23.2
883: 16.8
884: 20.3
885: 13.5
886: 15.9
887: 15.7
888: 11.2
889: 20.5
890: 25.4
891: 22.1
892: 17.9
893: 21.3
894: 19.8
895: 20.5
896: 21.0
897: 23.2
898: 39.7
899: 15.0
900: 14.5
901: 20.8
902: 22.3
903: 11.0
904: 20.3
905: 30.5
906: 18.0
907: 27.4
908: 32.7
909: 23.2
910: 26.6
911: 18.2
912: 12.6
913: 23.5
914: 17.0
915: 16.3
916: 12.6
917: 13.4
918: 21.9
919: 24.6
920: 12.9
921: 21.1
922: 12.6
923: 23.2
924: 24.8
925: 21.9
926: 21.4
927: 17.5
928: 12.6
929: 22.3
930: 22.5
931: 18.9
932: 26.1
933: 23.3
934: 28.4
935: 13.0
936: 21.7
937: 19.1
938: 14.5
939: 19.1
940: 18.4
941: 12.2
942: 16.0
943: 16.1
944: 13.1
945: 17.8
946: 15.0
947: 14.9
948: 23.2
949: 18.6
950: 20.6
951: 14.3
952: 16.2
953: 16.6
954: 12.5
955: 17.0
956: 22.7
957: 18.8
958: 17.5
959: 21.9
960: 30.5
961: 13.7
962: 15.2
963: 25.4
964: 19.4
965: 16.1
966: 20.2
967: 22.8
968: 15.3
969: 15.9
970: 17.1
971: 17.3
972: 22.5
973: 17.6
974: 22.3
975: 31.7
976: 13.1
977: 13.8
978: 18.0
979: 27.7
980: 10.9
981: 18.1
982: 24.4
983: 16.1
984: 20.2
985: 36.2
986: 11.5
987: 9.9
988: 22.4
989: 17.8
990: 18.7
991: 21.2
992: 18.8
993: 19.1
994: 11.7
995: 35.9
996: 21.8
997: 11.5
998: 12.3
999: 19.8
