0: 12.1
1: 22.8
2: 19.2
3: 20.0
4: 21.8
5: 12.5
6: 15.2
7: 12.8
8: 17.0
9: 23.5
10: 24.6
11: 17.3
12: 28.2
13: 21.5
14: 19.5
15: 24.4
16: 21.2
17: 23.6
18: 33.1
19: 20.7
20: 22.1
21: 15.7
22: 17.1
23: 22.8
24: 21.9
25: 13.5
26: 20.5
27: 23.0
28: 17.5
29: 15.7
30: 23.9
31: 18.2
32: 22.4
33: 15.7
34: 16.4
35: 17.4
36: 20.6
37: 19.7
38: 21.5
39: 26.6
40: 19.6
41: 26.1
42: 28.0
43: 35.6
44: 18.0
45: 20.4
46: 21.8
47: 18.6
48: 14.7
49: 13.0
50: 23.0
51: 16.7
52: 14.5
53: 10.7
54: 22.5
55: 18.0
56: 29.3
57: 15.4
58: 22.1
59: 13.7
60: 24.9
61: 16.8
62: 13.2
63: 31.0
64: 23.3
65: 30.6
66: 16.0
67: 15.5
68: 12.5
69: 12.0
70: 12.7
71: 24.7
72: 13.6
73: 12.3
74: 18.2
75: 28.5
76: 19.5
77: 26.4
78: 22.2
79: 15.1
80: 12.7
81: 23.0
82: 12.8
83: 19.5
84: 14.7
85: 21.7
86: 24.2
87: 15.1
88: 19.1
89: 13.3
90: 20.6
91: 25.0
92: 15.2
93: 25.6
94: 13.1
95: 18.3
96: 22.0
97: 14.9
98: 18.7
99: 18.8
100: 12.2
101: 15.8
102: 11.6
103: 14.7
104: 12.4
105: 14.4
106: 29.6
107: 18.3
108: 25.8
109: 16.5
110: 20.5
111: 25.9
112: 17.1
113: 21.1
114: 22.6
115: 20.1
116: 18.6
117: 31.9
118: 32.1
119: 14.8
120: 15.6
121: 26.5
122: 22.7
123: 28.2
124: 23.5
125: 25.8
126: 17.0
127: 17.2
128: 19.1
129: 17.8
130: 20.2
131: 20.7
132: 16.7
133: 24.8
134: 14.0
135: 16.8
136: 25.2
137: 21.1
138: 13.3
139: 16.1
140: 19.7
141: 17.1
142: 17.2
143: 13.0
144: 24.3
145: 12.5
146: 19.0
147: 20.0
148: 19.2
149: 20.1
150: 15.8
151: 13.5
152: 23.0
153: 22.7
154: 17.9
155: 16.8
156: 23.5
157: 23.9
158: 18.8
159: 12.9
160: 11.5
161: 23.5
162: 13.7
163: 22.0
164: 12.6
165: 20.3
166: 25.1
167: 21.9
168: 19.7
169: 17.4
170: 16.1
171: 20.9
172: 19.5
173: 17.2
174: 17.5
175: 20.1
176: 21.2
177: 25.9
178: 12.4
179: 12.3
180: 14.0
181: 20.5
182: 21.7
183: 19.0
184: 18.3
185: 20.4
186: 14.2
187: 21.9
188: 12.2
189: 13.5
190: 14.7
191: 14.3
192: 22.1
193: 15.1
194: 19.7
195: 12.2
196: 20.6
197: 15.2
198: 21.4
199: 19.0
200: 15.5
201: 22.4
202: 15.8
203: 16.0
204: 22.4
205: 17.5
206: 12.5
207: 24.1
208: 18.9
209: 18.5
210: 17.3
211: 20.6
212: 24.8
213: 18.4
214: 9.8
215: 23.1
216: 18.1
217: 20.1
218: 15.1
219: 13.8
220: 22.6
221: 20.1
222: 18.9
223: 25.1
224: 21.1
225: 24.4
226: 23.0
227: 20.4
228: 18.7
229: 14.5
230: 22.6
231: 13.8
232: 14.1
233: 19.5
234: 18.4
235: 22.4
236: 20.1
237: 11.9
238: 12.8
239: 12.4
240: 16.6
241: 20.5
242: 13.7
243: 17.3
244: 16.3
245: 16.5
246: 18.8
247: 28.1
248: 24.0
249: 26.7
250: 14.3
251: 17.9
252: 17.7
253: 25.2
254: 21.0
255: 17.7
256: 14.3
257: 16.7
258: 25.1
259: 27.8
260: 25.3
261: 17.5
262: 29.9
263: 15.7
264: 8.8
265: 15.6
266: 14.2
267: 28.2
268: 21.8
269: 14.8
270: 14.6
271: 13.5
272: 11.2
273: 14.6
274: 24.3
275: 18.2
276: 22.5
277: 29.3
278: 18.3
279: 19.7
280: 14.1
281: 13.1
282: 16.0
283: 16.5
284: 18.7
285: 20.4
286: 17.4
287: 15.4
288: 15.1
289: 19.7
290: 21.2
291: 13.7
292: 13.7
293: 18.1
294: 19.5
295: 15.6
296: 20.7
297: 24.8
298: 17.4
299: 13.8
300: 23.2
301: 25.6
302: 34.9
303: 25.9
304: 24.3
305: 23.9
306: 22.1
307: 32.9
308: 17.2
309: 21.6
310: 19.9
311: 16.6
312: 19.7
313: 20.6
314: 14.3
315: 14.8
316: 13.7
317: 22.4
318: 16.1
319: 13.8
320: 13.2
321: 16.9
322: 10.4
323: 23.6
324: 14.0
325: 25.0
326: 12.5
327: 24.1
328: 20.5
329: 27.0
330: 16.6
331: 20.3
332: 14.0
333: 25.3
334: 15.6
335: 18.5
336: 15.8
337: 18.3
338: 16.3
339: 15.5
340: 13.2
341: 26.6
342: 14.6
343: 16.4
344: 18.2
345: 15.5
346: 13.2
347: 15.5
348: 20.0
349: 29.0
350: 15.1
351: 19.9
352: 25.6
353: 14.4
354: 15.6
355: 12.1
356: 13.9
357: 23.7
358: 23.3
359: 23.1
360: 11.7
361: 14.6
362: 24.3
363: 23.1
364: 16.2
365: 22.5
366: 22.7
367: 22.6
368: 17.2
369: 18.6
370: 22.9
371: 17.4
372: 16.5
373: 15.0
374: 24.5
375: 15.1
376: 18.8
377: 13.2
378: 22.7
379: 13.6
380: 20.6
381: 27.4
382: 15.3
383: 24.1
384: 15.7
385: 26.4
386: 23.7
387: 11.9
388: 25.1
389: 14.7
390: 19.6
391: 15.3
392: 21.2
393: 27.4
394: 19.8
395: 19.7
396: 13.7
397: 15.4
398: 26.2
399: 22.4
400: 11.7
401: 11.9
402: 14.6
403: 19.0
404: 16.7
405: 13.5
406: 14.3
407: 14.1
408: 13.6
409: 19.0
410: 14.5
411: 16.2
412: 16.7
413: 19.1
414: 14.4
415: 17.6
416: 20.5
417: 20.1
418: 25.4
419: 18.1
420: 14.3
421: 19.8
422: 14.4
423: 29.1
424: 26.6
425: 13.2
426: 22.6
427: 22.8
428: 12.9
429: 14.7
430: 21.1
431: 15.5
432: 18.2
433: 31.6
434: 13.6
435: 15.5
436: 27.0
437: 24.5
438: 19.5
439: 14.3
440: 16.4
441: 14.7
442: 15.3
443: 28.0
444: 13.1
445: 13.1
446: 18.8
447: 25.4
448: 20.3
449: 18.2
450: 20.6
451: 26.3
452: 24.3
453: 28.3
454: 13.1
455: 22.0
456: 24.1
457: 18.0
458: 13.9
459: 23.0
460: 15.3
461: 12.9
462: 26.2
463: 13.4
464: 14.4
465: 13.6
466: 31.1
467: 16.3
468: 16.7
469: 17.2
470: 27.7
471: 16.2
472: 13.4
473: 23.6
474: 21.2
475: 19.6
476: 16.7
477: 16.1
478: 16.7
479: 12.7
480: 14.9
481: 16.6
482: 24.4
483: 17.7
484: 20.7
485: 15.0
486: 13.0
487: 19.5
488: 28.2
489: 21.5
490: 24.3
491: 17.7
492: 17.0
493: 12.7
494: 17.1
495: 11.0
496: 15.5
497: 16.6
498: 25.1
499: 23.0
500: 22.1
501: 19.9
502: 24.8
503: 21.6
504: 16.2
505: 25.3
506: 16.6
507: 17.7
508: 14.3
509: 19.4
510: 16.5
511: 27.4
512: 16.2
513: 23.8
514: 18.6
515: 15.7
516: 21.9
517: 18.0
518: 12.6
519: 18.3
520: 20.1
521: 21.5
522: 12.8
523: 32.6
524: 17.0
525: 22.5
526: 18.4
527: 21.5
528: 18.2
529: 13.3
530: 16.7
531: 19.7
532: 14.3
533: 18.3
534: 13.4
535: 22.4
536: 16.5
537: 13.1
538: 20.8
539: 18.2
540: 14.9
541: 24.4
542: 27.7
543: 29.0
544: 18.1
545: 27.3
546: 24.5
547: 16.3
548: 17.1
549: 17.1
550: 18.4
551: 25.2
552: 16.0
553: 26.2
554: 21.0
555: 17.7
556: 25.7
557: 11.6
558: 23.0
559: 18.2
560: 18.3
561: 26.7
562: 26.9
563: 27.0
564: 24.7
565: 17.4
566: 12.9
567: 22.3
568: 14.4
569: 18.4
570: 25.8
571: 15.5
572: 15.9
573: 15.0
574: 16.9
575: 19.1
576: 13.0
577: 20.3
578: 17.1
579: 17.2
580: 13.0
581: 17.2
582: 24.9
583: 18.6
584: 24.3
585: 16.6
586: 19.2
587: 20.1
588: 20.6
589: 20.2
590: 25.1
591: 16.0
592: 13.8
593: 21.4
594: 19.3
595: 22.5
596: 13.0
597: 17.0
598: 17.7
599: 15.6
600: 13.3
601: 14.9
602: 16.4
603: 14.2
604: 22.1
605: 18.5
606: 10.3
607: 20.5
608: 21.6
609: 18.8
610: 15.0
611: 25.3
612: 20.6
613: 20.4
614: 13.5
615: 13.0
616: 16.5
617: 21.6
618: 20.1
619: 19.9
620: 12.7
621: 15.6
622: 13.7
623: 19.6
624: 13.3
625: 21.3
626: 15.7
627: 13.0
628: 15.9
629: 21.5
630: 15.1
631: 12.1
632: 22.1
633: 14.0
634: 19.7
635: 14.5
636: 27.1
637: 20.3
638: 25.3
639: 21.1
640: 20.9
641: 17.9
642: 29.4
643: 15.8
644: 12.5
645: 18.7
646: 11.5
647: 19.2
648: 21.7
649: 19.6
650: 18.1
651: 20.9
652: 27.1
653: 19.5
654: 12.6
655: 24.7
656: 21.2
657: 25.6
658: 15.4
659: 15.3
660: 17.6
661: 21.0
662: 13.2
663: 31.9
664: 14.3
665: 23.1
666: 15.1
667: 26.1
668: 21.3
669: 15.1
670: 19.0
671: 17.5
672: 14.0
673: 21.9
674: 23.8
675: 18.4
676: 17.5
677: 19.4
678: 20.6
679: 12.2
680: 21.1
681: 14.9
682: 26.0
683: 25.2
684: 20.8
685: 23.4
686: 22.4
687: 15.0
688: 21.3
689: 11.4
690: 10.4
691: 13.6
692: 16.5
693: 14.2
694: 16.9
695: 12.1
696: 26.2
697: 20.4
698: 24.3
699: 23.6
700: 22.3
701: 14.6
702: 20.4
703: 21.5
704: 14.2
705: 19.2
706: 14.1
707: 19.8
708: 15.3
709: 22.3
710: 14.1
711: 14.6
712: 13.8
713: 18.2
714: 24.1
715: 14.9
716: 19.6
717: 20.1
718: 16.3
719: 13.9
720: 12.3
721: 12.8
722: 22.1
723: 16.4
724: 18.6
725: 16.5
726: 17.8
727: 12.2
728: 15.3
729: 21.6
730: 22.7
731: 17.9
732: 15.5
733: 19.1
734: 19.5
735: 19.6
736: 18.2
737: 17.4
738: 14.9
739: 13.5
740: 18.0
741: 12.0
742: 18.6
743: 24.0
744: 24.2
745: 13.2
746: 13.1
747: 18.5
748: 15.4
749: 13.3
750: 23.9
751: 23.0
752: 13.2
753: 22.2
754: 19.6
755: 23.9
756: 19.4
757: 19.9
758: 18.3
759: 15.7
760: 17.4
761: 19.0
762: 15.4
763: 19.3
764: 18.6
765: 16.8
766: 20.0
767: 13.5
768: 27.9
769: 17.5
770: 15.0
771: 12.9
772: 21.8
773: 19.0
774: 21.3
775: 14.9
776: 23.4
777: 16.3
778: 22.0
779: 13.5
780: 18.3
781: 15.0
782: 25.1
783: 17.0
784: 25.0
785: 14.2
786: 12.2
787: 27.2
788: 15.0
789: 18.3
790: 21.0
791: 20.7
792: 21.1
793: 21.7
794: 15.4
795: 25.0
796: 20.2
797: 15.3
798: 17.7
799: 15.5
800: 21.1
801: 20.6
802: 13.2
803: 10.4
804: 22.3
805: 13.3
806: 15.1
807: 19.9
808: 23.7
809: 12.7
810: 12.6
811: 18.4
812: 14.4
813: 19.7
814: 19.5
815: 18.5
816: 12.0
817: 16.7
818: 16.3
819: 20.1
820: 26.0
821: 13.8
822: 20.2
823: 21.6
824: 23.2
825: 17.2
826: 11.7
827: 27.4
828: 14.8
829: 18.5
830: 19.5
831: 14.5
832: 16.5
833: 12.0
834: 15.3
835: 13.8
836: 13.2
837: 18.5
838: 22.3
839: 17.3
840: 14.3
841: 20.5
842: 18.7
843: 13.5
844: 16.4
845: 13.5
846: 12.8
847: 22.9
848: 17.3
849: 22.6
850: 24.1
851: 19.1
852: 23.8
853: 23.7
854: 13.1
855: 17.9
856: 17.9
857: 22.4
858: 20.4
859: 13.1
860: 22.8
861: 25.8
862: 23.5
863: 23.6
864: 20.5
865: 21.5
866: 21.2
867: 23.4
868: 22.5
869: 23.0
870: 25.8
871: 14.9
872: 13.8
873: 24.2
874: 22.8
875: 18.7
876: 14.1
877: 16.6
878: 14.1
879: 16.6
880: 17.8
881: 19.3
882: 23.9
883: 15.3
884: 27.2
885: 14.7
886: 12.4
887: 22.6
888: 13.4
889: 22.6
890: 17.1
891: 19.8
892: 13.6
893: 13.7
894: 20.0
895: 21.1
896: 16.2
897: 14.6
898: 16.1
899: 21.4
900: 14.4
901: 18.3
902: 25.8
903: 21.1
904: 13.3
905: 24.4
906: 22.2
907: 23.2
908: 13.8
909: 20.0
910: 15.1
911: 20.3
912: 25.6
913: 19.9
914: 19.9
915: 12.7
916: 16.5
917: 12.5
918: 21.8
919: 19.0
920: 24.5
921: 16.8
922: 16.2
923: 22.9
924: 13.9
925: 15.1
926: 15.8
927: 25.2
928: 11.9
929: 24.6
930: 29.5
931: 19.3
932: 15.4
933: 30.0
934: 14.4
935: 23.3
936: 22.8
937: 15.9
938: 16.3
939: 28.6
940: 20.5
941: 17.3
942: 17.2
943: 15.3
944: 13.6
945: 15.5
946: 20.0
947: 14.5
948: 18.0
949: 14.1
950: 16.8
951: 19.0
952: 27.0
953: 25.7
954: 16.4
955: 16.0
956: 19.2
957: 29.7
958: 24.5
959: 26.8
960: 29.6
961: 15.6
962: 16.2
963: 14.5
964: 27.1
965: 15.7
966: 22.0
967: 26.5
968: 28.2
969: 21.2
970: 25.0
971: 13.1
972: 17.8
973: 19.4
974: 14.0
975: 15.3
976: 24.0
977: 21.0
978: 22.0
979: 25.8
980: 19.0
981: 21.4
982: 22.6
983: 23.0
984: 22.1
985: 20.0
986: 20.6
987: 19.6
988: 15.7
989: 16.5
990: 16.7
991: 10.5
992: 12.7
993: 18.7
994: 12.3
995: 36.1
996: 16.7
997: 15.3
998: 12.7
999: 13.9
