0: 53.2
1: 84.3
2: 77.1
3: 74.3
4: 68.1
5: 74.4
6: 71.4
7: 77.2
8: 75.3
9: 58.8
10: 80.0
11: 80.7
12: 84.5
13: 74.7
14: 78.6
15: 83.1
16: 83.4
17: 84.3
18: 85.8
19: 85.7
20: 84.5
21: 65.9
22: 81.6
23: 79.6
24: 82.7
25: 76.5
26: 86.3
27: 80.5
28: 77.9
29: 87.5
30: 83.6
31: 75.8
32: 82.0
33: 81.2
34: 72.2
35: 81.9
36: 82.0
37: 75.4
38: 78.6
39: 83.4
40: 67.6
41: 85.2
42: 69.8
43: 84.3
44: 78.0
45: 82.5
46: 82.8
47: 72.5
48: 83.5
49: 78.8
50: 83.3
51: 75.0
52: 82.1
53: 71.6
54: 69.6
55: 82.6
56: 86.0
57: 75.1
58: 78.4
59: 76.2
60: 71.8
61: 66.8
62: 75.8
63: 86.7
64: 82.1
65: 82.2
66: 78.7
67: 78.8
68: 77.3
69: 73.3
70: 83.5
71: 61.1
72: 78.0
73: 73.2
74: 70.9
75: 82.5
76: 81.7
77: 78.4
78: 78.4
79: 70.7
80: 71.4
81: 80.4
82: 84.0
83: 81.8
84: 83.0
85: 69.7
86: 76.4
87: 65.7
88: 84.5
89: 82.6
90: 82.7
91: 85.9
92: 74.0
93: 76.6
94: 62.1
95: 66.8
96: 69.0
97: 76.3
98: 61.1
99: 72.8
100: 80.0
101: 48.0
102: 76.5
103: 79.4
104: 67.7
105: 80.4
106: 81.5
107: 81.9
108: 77.3
109: 77.7
110: 82.1
111: 78.3
112: 74.9
113: 72.1
114: 73.8
115: 77.9
116: 65.9
117: 75.9
118: 83.9
119: 79.5
120: 76.2
121: 83.9
122: 80.1
123: 78.3
124: 69.7
125: 79.0
126: 74.9
127: 80.3
128: 78.3
129: 81.3
130: 55.9
131: 72.7
132: 73.8
133: 85.6
134: 73.9
135: 80.9
136: 76.9
137: 80.1
138: 70.1
139: 79.4
140: 77.4
141: 84.0
142: 82.5
143: 71.9
144: 79.8
145: 73.2
146: 78.5
147: 78.0
148: 78.6
149: 81.4
150: 74.1
151: 69.9
152: 61.6
153: 80.3
154: 73.7
155: 71.7
156: 72.2
157: 84.5
158: 80.1
159: 78.4
160: 76.4
161: 70.9
162: 77.7
163: 74.2
164: 74.1
165: 81.1
166: 64.1
167: 68.9
168: 72.9
169: 82.1
170: 65.3
171: 78.3
172: 81.9
173: 59.5
174: 77.3
175: 81.0
176: 73.1
177: 78.2
178: 79.8
179: 82.7
180: 76.2
181: 79.2
182: 73.3
183: 65.9
184: 81.6
185: 67.5
186: 69.2
187: 68.0
188: 71.0
189: 70.3
190: 78.2
191: 73.8
192: 83.4
193: 75.2
194: 72.4
195: 67.1
196: 80.4
197: 60.8
198: 82.5
199: 82.9
200: 76.7
201: 47.6
202: 65.8
203: 72.5
204: 78.5
205: 70.6
206: 59.6
207: 79.1
208: 71.4
209: 73.3
210: 75.4
211: 74.3
212: 73.5
213: 67.0
214: 76.9
215: 66.4
216: 76.9
217: 82.6
218: 82.9
219: 67.3
220: 60.9
221: 74.1
222: 61.4
223: 86.5
224: 91.2
225: 72.7
226: 86.5
227: 72.7
228: 84.3
229: 73.4
230: 86.1
231: 90.7
232: 84.8
233: 72.2
234: 81.6
235: 89.2
236: 72.1
237: 74.3
238: 84.7
239: 75.9
240: 89.5
241: 87.5
242: 78.3
243: 77.7
244: 85.3
245: 76.0
246: 86.3
247: 78.7
248: 92.7
249: 85.3
250: 88.5
251: 91.4
252: 79.0
253: 72.6
254: 84.3
255: 86.2
256: 90.2
257: 93.0
258: 87.8
259: 66.4
260: 79.6
261: 70.7
262: 84.1
263: 84.6
264: 58.2
265: 92.0
266: 69.2
267: 83.3
268: 90.5
269: 76.2
270: 81.8
271: 84.3
272: 85.5
273: 73.1
274: 85.2
275: 77.5
276: 85.9
277: 79.5
278: 79.2
279: 85.4
280: 70.8
281: 80.0
282: 93.6
283: 66.2
284: 94.0
285: 76.5
286: 66.0
287: 65.7
288: 77.4
289: 70.0
290: 72.1
291: 69.1
292: 78.3
293: 64.2
294: 50.5
295: 81.3
296: 82.8
297: 65.3
298: 83.6
299: 48.7
300: 79.8
301: 91.5
302: 92.4
303: 86.7
304: 84.2
305: 74.1
306: 85.5
307: 79.9
308: 91.8
309: 92.4
310: 74.1
311: 82.7
312: 71.9
313: 92.6
314: 81.4
315: 74.7
316: 75.8
317: 76.3
318: 90.2
319: 73.1
320: 77.8
321: 75.9
322: 78.7
323: 85.4
324: 81.4
325: 74.8
326: 93.7
327: 77.7
328: 67.8
329: 81.5
330: 72.9
331: 82.4
332: 90.2
333: 89.3
334: 91.1
335: 75.4
336: 87.0
337: 76.8
338: 82.4
339: 82.0
340: 70.0
341: 84.9
342: 70.0
343: 55.1
344: 85.2
345: 77.3
346: 81.0
347: 74.9
348: 80.8
349: 77.3
350: 81.5
351: 76.4
352: 83.5
353: 83.9
354: 64.7
355: 61.3
356: 70.8
357: 81.4
358: 81.6
359: 70.8
360: 83.8
361: 78.1
362: 80.1
363: 88.0
364: 93.3
365: 89.2
366: 82.6
367: 74.7
368: 91.2
369: 77.4
370: 88.6
371: 63.8
372: 80.2
373: 66.4
374: 87.9
375: 78.7
376: 91.4
377: 79.1
378: 76.4
379: 56.8
380: 67.9
381: 83.4
382: 76.3
383: 76.2
384: 88.6
385: 89.8
386: 85.4
387: 67.6
388: 84.9
389: 87.0
390: 79.2
391: 73.1
392: 83.7
393: 87.9
394: 67.0
395: 53.6
396: 69.6
397: 87.3
398: 81.5
399: 82.6
400: 76.0
401: 74.3
402: 78.1
403: 73.8
404: 74.6
405: 86.4
406: 90.4
407: 80.4
408: 82.1
409: 91.9
410: 70.2
411: 51.1
412: 73.4
413: 88.3
414: 63.5
415: 66.8
416: 82.3
417: 80.4
418: 78.6
419: 87.1
420: 84.4
421: 74.8
422: 79.8
423: 67.6
424: 71.9
425: 55.3
426: 71.0
427: 91.6
428: 70.5
429: 74.4
430: 88.8
431: 79.1
432: 65.4
433: 87.2
434: 89.6
435: 88.0
436: 78.8
437: 91.8
438: 85.6
439: 81.4
440: 76.6
441: 88.5
442: 47.6
443: 87.5
444: 86.8
445: 84.6
446: 90.5
447: 85.9
448: 86.9
449: 78.1
450: 75.8
451: 64.3
452: 71.9
453: 84.7
454: 82.3
455: 71.7
456: 89.9
457: 92.1
458: 79.9
459: 69.5
460: 62.4
461: 74.0
462: 66.6
463: 72.9
464: 88.6
465: 89.1
466: 95.1
467: 69.3
468: 68.2
469: 83.3
470: 92.7
471: 89.0
472: 91.1
473: 79.5
474: 77.7
475: 75.4
476: 83.6
477: 74.9
478: 79.3
479: 75.6
480: 80.3
481: 73.4
482: 83.5
483: 58.7
484: 81.8
485: 64.5
486: 76.9
487: 91.2
488: 80.4
489: 90.6
490: 89.5
491: 76.6
492: 88.1
493: 70.2
494: 82.5
495: 79.0
496: 81.8
497: 91.3
498: 65.1
499: 95.2
500: 70.8
501: 75.8
502: 80.5
503: 94.4
504: 77.0
505: 88.9
506: 76.6
507: 89.8
508: 90.8
509: 92.0
510: 78.0
511: 86.2
512: 87.7
513: 89.4
514: 82.8
515: 71.2
516: 84.2
517: 87.3
518: 57.9
519: 85.2
520: 81.6
521: 75.5
522: 81.7
523: 72.1
524: 62.5
525: 83.0
526: 83.0
527: 69.5
528: 86.9
529: 70.0
530: 70.9
531: 79.1
532: 93.0
533: 72.0
534: 81.4
535: 88.9
536: 81.8
537: 87.3
538: 92.8
539: 89.1
540: 91.9
541: 75.8
542: 85.7
543: 86.4
544: 70.3
545: 82.3
546: 84.1
547: 85.2
548: 83.7
549: 92.2
550: 91.2
551: 87.1
552: 71.9
553: 79.5
554: 91.8
555: 83.7
556: 94.3
557: 80.4
558: 85.3
559: 91.7
560: 86.3
561: 82.6
562: 88.5
563: 90.9
564: 93.6
565: 87.4
566: 78.3
567: 94.1
568: 78.8
569: 72.8
570: 91.5
571: 61.6
572: 81.0
573: 94.0
574: 73.1
575: 83.8
576: 71.5
577: 90.1
578: 70.1
579: 75.9
580: 89.6
581: 93.8
582: 93.5
583: 78.4
584: 81.6
585: 79.4
586: 88.7
587: 76.6
588: 70.3
589: 78.4
590: 83.3
591: 77.8
592: 70.9
593: 59.2
594: 93.1
595: 69.2
596: 86.5
597: 92.7
598: 92.0
599: 79.5
600: 88.7
601: 76.1
602: 71.2
603: 81.0
604: 76.2
605: 95.1
606: 63.5
607: 82.4
608: 71.8
609: 90.2
610: 82.6
611: 90.3
612: 81.1
613: 73.9
614: 80.3
615: 90.8
616: 80.7
617: 57.9
618: 67.3
619: 90.9
620: 83.8
621: 77.1
622: 63.1
623: 91.0
624: 60.0
625: 87.2
626: 83.0
627: 72.4
628: 85.9
629: 78.6
630: 78.7
631: 86.0
632: 57.5
633: 81.7
634: 62.0
635: 86.8
636: 88.7
637: 72.7
638: 71.3
639: 81.1
640: 81.5
641: 79.9
642: 93.1
643: 76.1
644: 79.6
645: 75.5
646: 70.9
647: 81.4
648: 70.8
649: 82.7
650: 78.0
651: 74.9
652: 94.7
653: 59.7
654: 71.5
655: 91.3
656: 84.1
657: 85.8
658: 88.3
659: 80.5
660: 86.9
661: 74.8
662: 69.1
663: 88.7
664: 60.8
665: 90.9
666: 77.7
667: 83.3
668: 92.4
669: 87.5
670: 86.8
671: 78.1
672: 80.2
673: 77.4
674: 82.7
675: 88.4
676: 70.6
677: 86.1
678: 85.6
679: 72.6
680: 93.4
681: 75.5
682: 79.4
683: 76.4
684: 75.1
685: 79.5
686: 72.5
687: 71.0
688: 84.6
689: 72.9
690: 67.0
691: 84.6
692: 87.7
693: 86.4
694: 80.4
695: 69.1
696: 72.1
697: 88.6
698: 77.1
699: 84.9
700: 78.9
701: 65.0
702: 93.3
703: 71.5
704: 68.0
705: 63.8
706: 93.1
707: 91.9
708: 79.9
709: 82.6
710: 82.4
711: 52.3
712: 57.4
713: 87.6
714: 83.7
715: 75.8
716: 70.9
717: 89.4
718: 66.9
719: 77.6
720: 85.9
721: 85.0
722: 80.5
723: 87.1
724: 83.7
725: 88.3
726: 75.6
727: 82.3
728: 85.9
729: 90.2
730: 85.6
731: 84.6
732: 70.9
733: 73.5
734: 53.0
735: 85.4
736: 84.1
737: 81.7
738: 78.6
739: 75.8
740: 66.7
741: 80.4
742: 82.2
743: 85.2
744: 83.3
745: 83.2
746: 71.7
747: 80.9
748: 74.2
749: 67.6
750: 64.1
751: 74.5
752: 90.9
753: 73.1
754: 85.3
755: 68.4
756: 71.7
757: 75.6
758: 60.2
759: 84.7
760: 74.7
761: 57.7
762: 84.2
763: 77.1
764: 73.4
765: 89.2
766: 90.7
767: 70.3
768: 91.6
769: 82.3
770: 86.9
771: 85.2
772: 85.6
773: 90.2
774: 84.1
775: 77.1
776: 87.9
777: 74.5
778: 88.7
779: 76.5
780: 92.5
781: 84.8
782: 91.5
783: 85.9
784: 91.2
785: 82.6
786: 87.9
787: 86.3
788: 78.9
789: 76.3
790: 90.7
791: 70.8
792: 84.5
793: 86.4
794: 72.6
795: 86.5
796: 89.4
797: 87.4
798: 86.9
799: 82.8
800: 75.8
801: 77.6
802: 79.1
803: 70.9
804: 71.4
805: 50.7
806: 68.0
807: 66.9
808: 91.0
809: 81.8
810: 66.5
811: 70.2
812: 67.4
813: 88.9
814: 79.2
815: 74.4
816: 75.6
817: 83.3
818: 88.6
819: 52.5
820: 88.7
821: 62.9
822: 90.6
823: 91.0
824: 91.6
825: 79.6
826: 66.9
827: 87.7
828: 89.8
829: 55.9
830: 71.3
831: 78.8
832: 84.9
833: 83.0
834: 72.6
835: 77.6
836: 75.3
837: 82.1
838: 83.9
839: 86.9
840: 84.1
841: 90.3
842: 72.8
843: 83.2
844: 86.6
845: 59.7
846: 57.2
847: 76.0
848: 81.5
849: 85.7
850: 84.6
851: 70.4
852: 75.7
853: 91.2
854: 88.4
855: 81.5
856: 74.8
857: 87.1
858: 78.5
859: 84.0
860: 85.1
861: 89.4
862: 65.9
863: 90.8
864: 93.5
865: 94.2
866: 82.5
867: 90.1
868: 91.1
869: 87.9
870: 73.9
871: 61.4
872: 84.3
873: 94.1
874: 92.1
875: 86.2
876: 63.7
877: 61.7
878: 87.4
879: 82.3
880: 89.1
881: 58.0
882: 60.3
883: 92.2
884: 75.7
885: 82.5
886: 89.5
887: 78.9
888: 69.8
889: 93.3
890: 82.3
891: 78.9
892: 76.8
893: 79.2
894: 79.4
895: 80.6
896: 84.8
897: 83.4
898: 78.9
899: 88.3
900: 90.7
901: 83.5
902: 80.1
903: 77.1
904: 59.9
905: 90.5
906: 93.1
907: 67.8
908: 86.3
909: 92.3
910: 78.2
911: 92.3
912: 73.1
913: 79.5
914: 86.9
915: 78.3
916: 86.1
917: 79.3
918: 91.4
919: 78.3
920: 89.0
921: 90.8
922: 84.7
923: 88.8
924: 75.2
925: 79.7
926: 88.4
927: 85.8
928: 85.6
929: 72.6
930: 89.8
931: 80.6
932: 82.4
933: 91.1
934: 93.4
935: 83.4
936: 68.2
937: 86.7
938: 77.2
939: 93.1
940: 78.2
941: 74.3
942: 86.5
943: 82.9
944: 79.8
945: 69.3
946: 83.2
947: 90.8
948: 80.4
949: 83.8
950: 90.6
951: 70.0
952: 86.3
953: 84.7
954: 68.7
955: 75.4
956: 87.1
957: 84.2
958: 85.8
959: 87.1
960: 92.5
961: 80.8
962: 80.5
963: 83.0
964: 82.6
965: 75.6
966: 84.0
967: 89.1
968: 74.2
969: 83.4
970: 96.4
971: 91.9
972: 88.5
973: 79.6
974: 58.5
975: 76.7
976: 88.0
977: 86.8
978: 91.1
979: 90.0
980: 75.0
981: 87.1
982: 85.2
983: 74.9
984: 90.3
985: 81.7
986: 85.7
987: 70.0
988: 85.0
989: 93.0
990: 96.5
991: 63.5
992: 71.8
993: 60.3
994: 66.1
995: 90.6
996: 90.4
997: 69.2
998: 83.6
999: 90.3
