0: 41.8
1: 86.3
2: 72.5
3: 57.7
4: 68.5
5: 78.9
6: 77.9
7: 82.2
8: 37.7
9: 83.8
10: 57.1
11: 78.1
12: 87.4
13: 84.1
14: 84.6
15: 83.3
16: 90.0
17: 84.6
18: 92.4
19: 87.7
20: 77.9
21: 73.2
22: 65.1
23: 81.3
24: 80.0
25: 86.9
26: 86.8
27: 85.6
28: 82.3
29: 88.6
30: 88.8
31: 74.8
32: 83.6
33: 89.0
34: 76.3
35: 80.2
36: 80.8
37: 82.2
38: 90.5
39: 89.1
40: 73.3
41: 91.6
42: 88.6
43: 86.6
44: 82.4
45: 81.4
46: 86.0
47: 76.4
48: 88.9
49: 82.4
50: 77.5
51: 81.6
52: 56.7
53: 73.2
54: 83.7
55: 84.1
56: 88.7
57: 85.0
58: 80.0
59: 87.1
60: 67.5
61: 76.7
62: 87.0
63: 90.4
64: 69.9
65: 85.3
66: 66.3
67: 83.5
68: 81.6
69: 78.0
70: 86.6
71: 73.8
72: 65.6
73: 72.8
74: 58.9
75: 64.7
76: 87.6
77: 88.9
78: 83.6
79: 72.3
80: 70.4
81: 83.0
82: 86.9
83: 78.5
84: 82.9
85: 70.1
86: 63.9
87: 80.6
88: 90.0
89: 66.9
90: 82.0
91: 86.2
92: 88.6
93: 81.8
94: 58.3
95: 83.3
96: 77.8
97: 77.2
98: 75.4
99: 80.0
100: 74.7
101: 73.7
102: 64.8
103: 63.9
104: 57.1
105: 56.3
106: 86.6
107: 64.4
108: 66.1
109: 54.5
110: 61.6
111: 73.0
112: 60.3
113: 81.3
114: 83.3
115: 78.1
116: 76.7
117: 68.7
118: 83.8
119: 65.2
120: 77.7
121: 77.7
122: 86.9
123: 87.7
124: 66.8
125: 77.3
126: 70.8
127: 74.2
128: 78.2
129: 69.4
130: 73.1
131: 76.3
132: 79.6
133: 88.4
134: 80.1
135: 87.0
136: 86.2
137: 77.1
138: 75.4
139: 81.6
140: 75.5
141: 85.8
142: 86.8
143: 79.5
144: 80.1
145: 90.3
146: 72.7
147: 81.5
148: 82.4
149: 84.9
150: 63.8
151: 74.5
152: 80.5
153: 61.1
154: 79.5
155: 72.8
156: 87.0
157: 86.7
158: 82.4
159: 72.4
160: 80.3
161: 82.4
162: 66.8
163: 73.1
164: 73.2
165: 76.4
166: 83.2
167: 82.5
168: 79.3
169: 74.4
170: 83.8
171: 79.2
172: 80.6
173: 83.8
174: 75.2
175: 74.5
176: 72.9
177: 84.5
178: 73.4
179: 82.9
180: 75.4
181: 71.6
182: 78.8
183: 64.3
184: 76.5
185: 84.2
186: 78.4
187: 77.6
188: 81.5
189: 73.4
190: 77.7
191: 74.0
192: 84.8
193: 75.2
194: 87.7
195: 74.7
196: 91.5
197: 80.8
198: 80.5
199: 86.1
200: 70.9
201: 76.9
202: 70.2
203: 63.1
204: 69.2
205: 85.0
206: 80.5
207: 74.7
208: 58.9
209: 72.6
210: 86.3
211: 72.2
212: 76.4
213: 60.0
214: 75.4
215: 62.5
216: 86.1
217: 82.5
218: 74.5
219: 51.6
220: 66.4
221: 76.3
222: 62.8
223: 75.5
224: 78.7
225: 65.3
226: 74.3
227: 74.2
228: 76.3
229: 78.9
230: 74.4
231: 73.3
232: 85.2
233: 73.6
234: 80.7
235: 85.5
236: 61.0
237: 65.9
238: 75.6
239: 69.3
240: 84.0
241: 83.3
242: 75.1
243: 83.3
244: 85.5
245: 87.5
246: 78.3
247: 88.5
248: 87.1
249: 90.6
250: 87.1
251: 88.3
252: 81.4
253: 84.3
254: 89.1
255: 83.0
256: 87.5
257: 87.8
258: 78.2
259: 67.8
260: 89.1
261: 83.3
262: 86.4
263: 90.0
264: 61.9
265: 83.9
266: 83.2
267: 83.5
268: 80.7
269: 78.5
270: 72.8
271: 67.8
272: 77.7
273: 66.8
274: 92.9
275: 75.8
276: 76.1
277: 78.0
278: 65.8
279: 90.6
280: 76.4
281: 86.0
282: 87.2
283: 81.9
284: 84.9
285: 74.6
286: 85.5
287: 68.4
288: 78.1
289: 64.7
290: 73.9
291: 58.4
292: 62.1
293: 65.1
294: 72.2
295: 62.0
296: 84.6
297: 87.6
298: 73.9
299: 64.0
300: 66.8
301: 73.7
302: 86.2
303: 86.7
304: 78.5
305: 63.6
306: 84.3
307: 85.5
308: 61.9
309: 85.0
310: 85.7
311: 71.2
312: 76.6
313: 87.3
314: 82.5
315: 65.7
316: 69.2
317: 73.8
318: 69.4
319: 69.7
320: 61.2
321: 58.6
322: 78.5
323: 71.6
324: 51.5
325: 67.4
326: 89.0
327: 71.6
328: 81.0
329: 84.5
330: 81.4
331: 81.5
332: 80.6
333: 66.9
334: 70.1
335: 80.6
336: 88.1
337: 78.8
338: 83.2
339: 77.2
340: 62.0
341: 85.6
342: 74.5
343: 79.0
344: 85.8
345: 77.4
346: 67.5
347: 71.2
348: 68.1
349: 83.3
350: 75.4
351: 68.2
352: 88.5
353: 89.1
354: 76.4
355: 79.7
356: 66.9
357: 65.7
358: 62.9
359: 65.0
360: 56.6
361: 66.8
362: 57.5
363: 71.1
364: 69.1
365: 82.1
366: 83.1
367: 65.2
368: 84.9
369: 82.9
370: 70.7
371: 61.5
372: 61.1
373: 62.1
374: 86.8
375: 65.1
376: 82.9
377: 79.6
378: 85.5
379: 65.0
380: 73.2
381: 88.0
382: 85.0
383: 78.7
384: 84.6
385: 76.3
386: 83.3
387: 84.2
388: 79.9
389: 64.9
390: 78.5
391: 82.7
392: 57.8
393: 83.1
394: 54.2
395: 63.3
396: 62.5
397: 75.7
398: 85.8
399: 80.7
400: 68.1
401: 76.8
402: 90.4
403: 75.9
404: 71.7
405: 79.1
406: 86.2
407: 87.8
408: 89.6
409: 90.8
410: 57.0
411: 60.8
412: 66.4
413: 81.7
414: 87.9
415: 72.4
416: 76.0
417: 77.7
418: 75.7
419: 81.9
420: 64.1
421: 78.3
422: 73.1
423: 58.8
424: 63.0
425: 55.3
426: 66.5
427: 86.0
428: 78.8
429: 76.6
430: 88.0
431: 76.9
432: 77.5
433: 78.4
434: 63.3
435: 86.8
436: 73.3
437: 87.6
438: 84.8
439: 65.6
440: 59.8
441: 83.5
442: 81.0
443: 82.3
444: 82.7
445: 86.4
446: 71.9
447: 87.1
448: 82.6
449: 85.4
450: 87.3
451: 73.4
452: 81.1
453: 89.9
454: 70.8
455: 85.9
456: 91.4
457: 87.0
458: 78.4
459: 74.6
460: 68.8
461: 53.6
462: 57.4
463: 80.5
464: 85.1
465: 80.6
466: 87.9
467: 63.9
468: 69.0
469: 72.5
470: 88.7
471: 89.7
472: 80.2
473: 82.9
474: 30.3
475: 68.7
476: 81.3
477: 62.3
478: 73.6
479: 60.2
480: 81.5
481: 73.6
482: 68.0
483: 66.3
484: 76.1
485: 69.5
486: 74.6
487: 71.4
488: 81.7
489: 88.4
490: 87.4
491: 86.5
492: 72.3
493: 56.2
494: 85.5
495: 70.4
496: 84.8
497: 79.3
498: 74.6
499: 91.2
500: 72.9
501: 82.5
502: 91.5
503: 90.2
504: 86.3
505: 89.0
506: 67.9
507: 83.6
508: 88.2
509: 84.7
510: 72.0
511: 89.6
512: 81.5
513: 92.0
514: 84.2
515: 79.9
516: 59.7
517: 79.6
518: 68.7
519: 85.3
520: 85.5
521: 82.4
522: 68.9
523: 88.4
524: 68.3
525: 71.3
526: 88.7
527: 68.8
528: 69.8
529: 74.9
530: 70.2
531: 56.0
532: 86.0
533: 49.2
534: 83.0
535: 59.4
536: 70.6
537: 77.9
538: 72.5
539: 72.6
540: 65.9
541: 71.9
542: 86.5
543: 81.4
544: 68.3
545: 86.4
546: 88.7
547: 88.2
548: 78.3
549: 87.1
550: 80.0
551: 85.1
552: 85.2
553: 85.8
554: 75.4
555: 65.7
556: 75.6
557: 61.2
558: 84.8
559: 85.8
560: 86.6
561: 87.5
562: 86.6
563: 83.5
564: 87.9
565: 76.3
566: 87.6
567: 70.3
568: 58.5
569: 75.1
570: 85.0
571: 77.2
572: 74.0
573: 90.7
574: 81.5
575: 83.4
576: 80.7
577: 79.7
578: 65.7
579: 69.0
580: 74.7
581: 75.8
582: 85.1
583: 74.1
584: 75.0
585: 88.3
586: 78.1
587: 66.7
588: 68.7
589: 69.4
590: 86.6
591: 89.1
592: 78.2
593: 86.6
594: 87.0
595: 77.2
596: 89.8
597: 81.5
598: 88.1
599: 83.7
600: 86.2
601: 59.2
602: 80.4
603: 78.6
604: 77.3
605: 91.2
606: 60.2
607: 84.7
608: 91.7
609: 87.6
610: 63.7
611: 85.6
612: 87.5
613: 85.7
614: 85.1
615: 86.4
616: 75.8
617: 64.9
618: 74.0
619: 86.7
620: 79.9
621: 75.3
622: 74.7
623: 85.5
624: 63.1
625: 75.6
626: 71.5
627: 59.0
628: 89.3
629: 65.9
630: 63.8
631: 80.5
632: 81.9
633: 63.3
634: 86.3
635: 78.8
636: 83.4
637: 90.5
638: 65.7
639: 85.0
640: 86.7
641: 80.0
642: 89.0
643: 73.1
644: 85.3
645: 65.7
646: 68.8
647: 87.9
648: 86.1
649: 89.2
650: 65.0
651: 65.5
652: 65.6
653: 52.2
654: 86.9
655: 82.8
656: 65.8
657: 89.2
658: 77.6
659: 65.2
660: 84.4
661: 84.3
662: 73.3
663: 82.6
664: 54.4
665: 83.7
666: 86.5
667: 79.3
668: 82.9
669: 85.1
670: 76.2
671: 76.5
672: 82.2
673: 78.7
674: 65.0
675: 79.8
676: 77.1
677: 66.2
678: 84.5
679: 81.5
680: 85.0
681: 78.3
682: 81.5
683: 55.6
684: 89.9
685: 71.0
686: 59.0
687: 52.9
688: 75.5
689: 80.6
690: 67.1
691: 83.7
692: 65.4
693: 69.0
694: 66.4
695: 66.0
696: 73.4
697: 85.5
698: 64.3
699: 71.4
700: 71.6
701: 56.8
702: 88.5
703: 66.3
704: 74.1
705: 82.2
706: 77.1
707: 74.9
708: 83.2
709: 80.1
710: 88.6
711: 55.9
712: 44.8
713: 74.2
714: 88.4
715: 69.5
716: 71.6
717: 89.3
718: 82.1
719: 65.6
720: 70.6
721: 72.1
722: 59.7
723: 83.5
724: 68.6
725: 78.6
726: 77.2
727: 68.9
728: 80.0
729: 84.9
730: 62.6
731: 79.2
732: 72.3
733: 74.8
734: 57.4
735: 70.1
736: 80.2
737: 79.8
738: 61.4
739: 87.3
740: 45.3
741: 81.2
742: 83.1
743: 77.9
744: 84.0
745: 79.2
746: 56.4
747: 82.7
748: 82.7
749: 85.4
750: 72.1
751: 77.9
752: 78.7
753: 83.2
754: 65.5
755: 84.3
756: 81.0
757: 78.9
758: 65.4
759: 88.8
760: 83.0
761: 71.1
762: 84.6
763: 78.1
764: 70.4
765: 87.3
766: 90.7
767: 79.5
768: 75.2
769: 78.1
770: 62.8
771: 83.9
772: 87.6
773: 86.3
774: 66.3
775: 70.1
776: 83.6
777: 79.0
778: 86.5
779: 85.8
780: 85.9
781: 80.6
782: 86.1
783: 74.3
784: 63.1
785: 59.8
786: 82.4
787: 84.0
788: 84.8
789: 81.3
790: 76.0
791: 46.8
792: 79.1
793: 82.5
794: 58.7
795: 64.6
796: 88.4
797: 84.2
798: 67.9
799: 87.1
800: 86.5
801: 80.8
802: 83.0
803: 75.3
804: 79.0
805: 81.4
806: 75.6
807: 65.7
808: 91.8
809: 73.5
810: 68.6
811: 60.2
812: 66.0
813: 45.4
814: 85.3
815: 81.0
816: 41.1
817: 67.4
818: 78.3
819: 55.6
820: 80.4
821: 64.2
822: 81.9
823: 72.6
824: 82.7
825: 61.1
826: 79.6
827: 57.0
828: 86.1
829: 48.0
830: 69.9
831: 77.7
832: 65.6
833: 60.3
834: 70.0
835: 85.2
836: 81.7
837: 64.7
838: 88.4
839: 69.3
840: 51.0
841: 62.1
842: 65.9
843: 82.7
844: 88.3
845: 71.0
846: 61.6
847: 77.1
848: 63.6
849: 80.2
850: 86.9
851: 74.6
852: 77.0
853: 76.1
854: 72.9
855: 74.7
856: 65.1
857: 86.4
858: 80.7
859: 65.5
860: 84.5
861: 70.7
862: 77.1
863: 83.6
864: 89.6
865: 88.7
866: 87.1
867: 83.5
868: 81.2
869: 88.1
870: 74.9
871: 66.9
872: 84.0
873: 79.2
874: 82.1
875: 87.2
876: 62.3
877: 79.7
878: 61.0
879: 65.3
880: 83.5
881: 53.4
882: 68.9
883: 84.3
884: 80.6
885: 75.4
886: 76.2
887: 86.3
888: 60.0
889: 86.8
890: 80.7
891: 79.4
892: 81.9
893: 79.8
894: 85.3
895: 84.4
896: 81.5
897: 87.1
898: 83.4
899: 89.5
900: 73.3
901: 57.9
902: 82.8
903: 64.3
904: 56.0
905: 87.4
906: 75.1
907: 82.6
908: 81.7
909: 86.8
910: 79.5
911: 83.5
912: 84.3
913: 83.3
914: 86.2
915: 81.9
916: 78.4
917: 64.1
918: 85.3
919: 79.7
920: 74.3
921: 86.1
922: 62.8
923: 81.3
924: 81.9
925: 83.0
926: 84.5
927: 75.2
928: 69.7
929: 78.0
930: 80.6
931: 72.5
932: 72.9
933: 91.8
934: 79.2
935: 80.4
936: 74.1
937: 89.0
938: 79.3
939: 88.4
940: 69.7
941: 68.9
942: 86.9
943: 79.2
944: 85.5
945: 80.0
946: 88.7
947: 89.3
948: 70.7
949: 84.2
950: 86.8
951: 50.0
952: 76.1
953: 82.1
954: 76.3
955: 85.3
956: 77.2
957: 80.8
958: 88.1
959: 86.1
960: 86.8
961: 80.1
962: 75.3
963: 64.7
964: 73.5
965: 67.5
966: 89.2
967: 81.6
968: 69.1
969: 80.5
970: 84.5
971: 88.3
972: 75.8
973: 78.8
974: 62.1
975: 77.6
976: 70.9
977: 85.3
978: 81.5
979: 86.2
980: 62.6
981: 87.9
982: 88.8
983: 82.8
984: 84.6
985: 86.3
986: 76.1
987: 48.9
988: 76.3
989: 83.8
990: 69.5
991: 77.7
992: 79.7
993: 85.1
994: 78.7
995: 88.4
996: 87.0
997: 64.0
998: 73.1
999: 90.8
