0: 28.2
1: 33.3
2: 16.9
3: 20.5
4: 25.7
5: 18.8
6: 23.0
7: 22.1
8: 18.8
9: 16.2
10: 14.4
11: 17.1
12: 16.8
13: 19.0
14: 28.2
15: 24.8
16: 18.6
17: 19.9
18: 19.3
19: 17.5
20: 18.8
21: 20.7
22: 21.7
23: 18.2
24: 18.1
25: 16.3
26: 25.2
27: 19.0
28: 25.6
29: 19.8
30: 31.2
31: 21.7
32: 14.0
33: 23.3
34: 16.9
35: 14.0
36: 16.7
37: 24.8
38: 19.6
39: 25.2
40: 17.4
41: 21.5
42: 22.6
43: 21.4
44: 26.5
45: 23.0
46: 20.5
47: 14.9
48: 14.0
49: 22.3
50: 19.6
51: 26.6
52: 27.1
53: 10.9
54: 19.5
55: 22.9
56: 28.2
57: 20.3
58: 16.1
59: 23.6
60: 16.5
61: 21.3
62: 12.4
63: 24.2
64: 16.8
65: 14.8
66: 13.3
67: 18.6
68: 20.7
69: 12.1
70: 21.7
71: 24.6
72: 20.2
73: 12.7
74: 13.6
75: 20.1
76: 17.3
77: 20.2
78: 24.9
79: 12.6
80: 15.7
81: 13.6
82: 13.3
83: 16.3
84: 21.8
85: 11.9
86: 20.4
87: 23.3
88: 19.6
89: 19.6
90: 21.9
91: 15.5
92: 19.9
93: 23.4
94: 20.5
95: 19.0
96: 23.8
97: 19.4
98: 17.7
99: 21.5
100: 11.9
101: 24.1
102: 11.7
103: 22.1
104: 19.2
105: 13.0
106: 18.1
107: 14.3
108: 12.8
109: 18.3
110: 21.9
111: 14.9
112: 16.8
113: 21.1
114: 15.9
115: 13.3
116: 12.3
117: 16.4
118: 30.7
119: 21.1
120: 17.2
121: 16.7
122: 19.6
123: 27.1
124: 23.9
125: 21.3
126: 21.2
127: 21.9
128: 18.7
129: 23.1
130: 13.1
131: 19.7
132: 21.6
133: 22.1
134: 14.7
135: 21.0
136: 23.6
137: 21.4
138: 21.2
139: 16.1
140: 17.5
141: 17.8
142: 19.0
143: 20.1
144: 20.5
145: 18.1
146: 20.1
147: 15.3
148: 15.1
149: 25.8
150: 15.1
151: 13.4
152: 14.9
153: 19.3
154: 17.6
155: 23.9
156: 12.5
157: 25.7
158: 16.6
159: 11.7
160: 16.8
161: 19.3
162: 20.4
163: 19.3
164: 17.1
165: 13.9
166: 19.8
167: 19.0
168: 27.8
169: 21.4
170: 18.9
171: 13.8
172: 24.3
173: 17.4
174: 21.9
175: 18.9
176: 17.5
177: 17.6
178: 14.4
179: 19.9
180: 22.3
181: 13.1
182: 19.4
183: 20.3
184: 23.4
185: 23.7
186: 13.8
187: 12.1
188: 24.7
189: 16.8
190: 16.6
191: 21.0
192: 18.4
193: 16.9
194: 20.5
195: 16.7
196: 24.4
197: 12.2
198: 14.8
199: 18.8
200: 18.7
201: 16.5
202: 17.8
203: 16.0
204: 14.2
205: 13.8
206: 18.6
207: 15.6
208: 19.6
209: 22.6
210: 18.6
211: 19.6
212: 15.5
213: 20.4
214: 13.9
215: 21.6
216: 14.2
217: 20.0
218: 21.0
219: 16.3
220: 25.3
221: 17.4
222: 14.2
223: 20.4
224: 24.8
225: 12.9
226: 15.7
227: 21.3
228: 21.4
229: 19.8
230: 19.4
231: 16.8
232: 20.9
233: 22.5
234: 16.7
235: 25.1
236: 20.3
237: 21.1
238: 16.9
239: 19.1
240: 19.0
241: 24.0
242: 23.2
243: 19.1
244: 15.4
245: 21.2
246: 15.4
247: 27.2
248: 27.3
249: 15.2
250: 15.0
251: 15.4
252: 14.2
253: 14.5
254: 24.5
255: 14.6
256: 13.8
257: 23.3
258: 20.2
259: 17.4
260: 15.2
261: 20.0
262: 15.9
263: 22.1
264: 10.8
265: 23.5
266: 22.3
267: 15.8
268: 23.6
269: 12.3
270: 16.8
271: 22.7
272: 21.3
273: 21.9
274: 14.7
275: 24.2
276: 26.1
277: 21.6
278: 12.7
279: 15.2
280: 17.6
281: 20.6
282: 29.6
283: 24.5
284: 13.4
285: 20.7
286: 16.1
287: 21.4
288: 26.3
289: 16.8
290: 20.0
291: 22.6
292: 21.0
293: 14.5
294: 19.7
295: 20.8
296: 24.3
297: 27.9
298: 24.3
299: 14.6
300: 19.0
301: 19.2
302: 22.1
303: 24.7
304: 17.9
305: 14.2
306: 14.7
307: 24.1
308: 20.5
309: 14.7
310: 12.9
311: 19.1
312: 18.8
313: 18.5
314: 19.7
315: 21.2
316: 17.1
317: 18.9
318: 18.6
319: 16.8
320: 15.8
321: 12.9
322: 14.0
323: 23.3
324: 20.8
325: 14.3
326: 23.7
327: 17.0
328: 16.1
329: 22.1
330: 13.2
331: 22.5
332: 15.0
333: 24.3
334: 22.7
335: 14.5
336: 15.8
337: 20.2
338: 18.9
339: 25.0
340: 19.4
341: 14.9
342: 13.5
343: 14.3
344: 24.6
345: 20.6
346: 16.5
347: 15.9
348: 15.7
349: 18.0
350: 21.0
351: 23.6
352: 15.4
353: 25.9
354: 19.4
355: 23.1
356: 20.7
357: 21.7
358: 25.5
359: 22.4
360: 16.6
361: 23.9
362: 24.3
363: 15.2
364: 25.8
365: 22.0
366: 23.3
367: 20.0
368: 21.6
369: 19.1
370: 22.2
371: 15.1
372: 15.7
373: 20.2
374: 21.6
375: 19.7
376: 17.4
377: 14.7
378: 20.3
379: 20.7
380: 16.7
381: 27.6
382: 13.7
383: 24.4
384: 16.6
385: 17.0
386: 21.9
387: 16.8
388: 20.2
389: 18.4
390: 19.8
391: 18.4
392: 20.4
393: 18.0
394: 12.2
395: 17.2
396: 17.8
397: 21.0
398: 14.8
399: 20.7
400: 21.9
401: 19.8
402: 21.1
403: 19.0
404: 22.9
405: 19.6
406: 25.7
407: 18.7
408: 14.4
409: 21.7
410: 16.9
411: 21.4
412: 15.3
413: 19.1
414: 13.7
415: 15.5
416: 21.9
417: 15.2
418: 22.3
419: 16.3
420: 12.5
421: 15.5
422: 18.6
423: 31.7
424: 23.9
425: 19.6
426: 19.0
427: 32.9
428: 14.0
429: 16.4
430: 19.7
431: 21.9
432: 15.7
433: 14.0
434: 19.6
435: 26.2
436: 17.9
437: 20.3
438: 19.9
439: 24.2
440: 21.1
441: 28.2
442: 14.3
443: 24.1
444: 17.1
445: 21.3
446: 13.1
447: 24.5
448: 23.9
449: 27.7
450: 25.5
451: 17.0
452: 25.6
453: 17.9
454: 13.6
455: 19.3
456: 20.9
457: 20.2
458: 19.5
459: 22.0
460: 20.3
461: 11.8
462: 24.7
463: 20.3
464: 15.5
465: 15.6
466: 22.2
467: 31.3
468: 14.0
469: 15.5
470: 19.1
471: 21.3
472: 20.9
473: 21.6
474: 19.1
475: 16.6
476: 17.9
477: 20.2
478: 21.0
479: 19.8
480: 14.6
481: 17.0
482: 16.9
483: 11.0
484: 18.9
485: 12.3
486: 8.8
487: 17.3
488: 20.3
489: 21.3
490: 16.2
491: 18.3
492: 24.1
493: 11.6
494: 22.9
495: 20.5
496: 22.9
497: 15.8
498: 16.9
499: 22.2
500: 15.3
501: 13.4
502: 16.3
503: 29.1
504: 24.2
505: 24.4
506: 19.0
507: 20.9
508: 20.0
509: 14.7
510: 19.1
511: 27.4
512: 14.9
513: 25.7
514: 20.7
515: 22.4
516: 16.6
517: 19.6
518: 21.0
519: 25.7
520: 13.7
521: 16.4
522: 15.3
523: 23.0
524: 14.1
525: 15.8
526: 17.3
527: 21.4
528: 22.8
529: 21.6
530: 19.7
531: 17.8
532: 27.2
533: 21.8
534: 25.6
535: 18.3
536: 15.0
537: 21.5
538: 23.9
539: 14.1
540: 23.8
541: 15.6
542: 28.5
543: 16.6
544: 21.5
545: 20.9
546: 20.7
547: 26.5
548: 17.7
549: 23.3
550: 20.4
551: 23.2
552: 20.4
553: 21.8
554: 24.3
555: 15.5
556: 27.3
557: 18.3
558: 20.2
559: 24.4
560: 27.9
561: 13.5
562: 22.4
563: 27.9
564: 20.8
565: 16.5
566: 19.8
567: 13.9
568: 22.1
569: 16.7
570: 25.8
571: 18.6
572: 12.8
573: 25.8
574: 15.7
575: 14.9
576: 12.5
577: 18.2
578: 16.9
579: 22.6
580: 16.4
581: 15.9
582: 23.0
583: 21.7
584: 19.8
585: 20.3
586: 28.9
587: 21.2
588: 17.2
589: 23.2
590: 20.5
591: 12.9
592: 21.5
593: 19.1
594: 25.1
595: 19.6
596: 16.0
597: 24.2
598: 21.7
599: 21.2
600: 19.4
601: 12.9
602: 19.8
603: 14.2
604: 24.8
605: 31.4
606: 16.1
607: 18.2
608: 19.3
609: 20.4
610: 24.9
611: 20.7
612: 13.9
613: 12.0
614: 15.1
615: 17.5
616: 19.3
617: 20.5
618: 19.4
619: 12.8
620: 19.8
621: 15.5
622: 12.2
623: 23.5
624: 24.2
625: 13.6
626: 25.2
627: 16.6
628: 15.8
629: 13.1
630: 14.5
631: 19.1
632: 23.5
633: 20.4
634: 20.3
635: 22.1
636: 23.4
637: 22.9
638: 15.0
639: 14.0
640: 28.0
641: 26.5
642: 16.4
643: 12.2
644: 17.3
645: 15.1
646: 15.5
647: 22.8
648: 15.3
649: 18.8
650: 19.5
651: 12.9
652: 31.4
653: 15.5
654: 18.4
655: 14.3
656: 21.7
657: 17.5
658: 20.6
659: 20.1
660: 25.5
661: 18.1
662: 24.4
663: 26.4
664: 17.0
665: 13.2
666: 17.4
667: 15.8
668: 19.7
669: 28.6
670: 14.6
671: 16.9
672: 13.3
673: 17.1
674: 22.7
675: 19.5
676: 12.6
677: 17.5
678: 23.7
679: 20.0
680: 14.4
681: 17.4
682: 28.4
683: 20.4
684: 23.8
685: 23.6
686: 15.4
687: 11.2
688: 22.8
689: 15.0
690: 19.7
691: 20.7
692: 15.6
693: 15.8
694: 17.5
695: 20.8
696: 25.2
697: 24.6
698: 16.1
699: 14.5
700: 19.2
701: 11.6
702: 17.0
703: 11.8
704: 20.6
705: 17.4
706: 16.8
707: 13.3
708: 18.9
709: 19.2
710: 18.2
711: 11.9
712: 14.2
713: 23.4
714: 27.4
715: 17.6
716: 12.7
717: 19.0
718: 16.3
719: 19.2
720: 21.3
721: 14.2
722: 19.7
723: 16.4
724: 19.2
725: 20.2
726: 19.9
727: 25.0
728: 17.1
729: 27.3
730: 21.9
731: 19.3
732: 21.0
733: 13.0
734: 19.7
735: 13.6
736: 17.9
737: 17.5
738: 23.1
739: 22.3
740: 11.7
741: 22.2
742: 19.7
743: 20.0
744: 15.5
745: 18.2
746: 16.0
747: 25.6
748: 19.2
749: 15.9
750: 17.0
751: 14.7
752: 17.2
753: 13.9
754: 15.5
755: 19.9
756: 23.3
757: 15.2
758: 13.6
759: 23.3
760: 21.0
761: 21.3
762: 22.2
763: 23.5
764: 21.3
765: 23.0
766: 22.7
767: 15.4
768: 20.9
769: 12.6
770: 24.1
771: 15.2
772: 18.0
773: 14.2
774: 23.8
775: 20.7
776: 21.8
777: 15.4
778: 19.8
779: 16.9
780: 26.0
781: 23.1
782: 16.6
783: 13.3
784: 18.4
785: 13.2
786: 17.5
787: 16.3
788: 25.4
789: 12.1
790: 21.3
791: 13.1
792: 19.5
793: 19.1
794: 20.8
795: 18.5
796: 14.2
797: 16.3
798: 13.1
799: 14.3
800: 21.5
801: 20.5
802: 14.9
803: 21.5
804: 19.7
805: 14.9
806: 12.5
807: 22.5
808: 19.9
809: 17.8
810: 21.1
811: 20.6
812: 17.9
813: 19.7
814: 22.2
815: 18.5
816: 19.2
817: 20.1
818: 17.8
819: 19.6
820: 25.3
821: 14.7
822: 19.0
823: 18.0
824: 23.0
825: 19.7
826: 20.1
827: 17.4
828: 22.5
829: 17.7
830: 13.3
831: 17.8
832: 20.4
833: 24.1
834: 11.7
835: 22.4
836: 20.0
837: 27.5
838: 25.5
839: 25.5
840: 14.4
841: 13.3
842: 18.4
843: 24.3
844: 20.6
845: 17.9
846: 21.2
847: 22.4
848: 24.7
849: 29.2
850: 24.0
851: 23.1
852: 14.7
853: 19.4
854: 23.6
855: 16.6
856: 17.7
857: 19.4
858: 20.0
859: 24.4
860: 23.8
861: 25.2
862: 23.2
863: 15.2
864: 22.8
865: 26.5
866: 20.2
867: 16.2
868: 15.2
869: 15.3
870: 22.3
871: 12.4
872: 23.5
873: 21.3
874: 18.2
875: 26.1
876: 24.7
877: 14.4
878: 13.6
879: 23.4
880: 21.3
881: 18.1
882: 17.7
883: 15.8
884: 16.8
885: 22.0
886: 24.4
887: 19.4
888: 16.2
889: 18.0
890: 22.1
891: 15.1
892: 23.5
893: 15.3
894: 21.2
895: 23.7
896: 12.3
897: 13.4
898: 13.0
899: 17.4
900: 20.8
901: 15.0
902: 18.0
903: 20.5
904: 15.2
905: 20.8
906: 21.6
907: 21.0
908: 17.3
909: 15.9
910: 14.4
911: 15.3
912: 19.8
913: 13.6
914: 18.4
915: 18.7
916: 19.3
917: 13.6
918: 23.8
919: 22.0
920: 16.3
921: 21.0
922: 23.6
923: 22.2
924: 19.3
925: 20.9
926: 26.8
927: 17.1
928: 11.9
929: 31.1
930: 21.8
931: 25.3
932: 22.1
933: 27.0
934: 24.2
935: 31.5
936: 22.3
937: 21.7
938: 25.4
939: 16.0
940: 15.6
941: 18.5
942: 17.3
943: 18.4
944: 13.5
945: 22.6
946: 23.8
947: 14.9
948: 19.9
949: 16.8
950: 22.8
951: 18.3
952: 16.6
953: 27.3
954: 16.1
955: 18.8
956: 14.8
957: 15.3
958: 25.1
959: 24.7
960: 20.4
961: 21.2
962: 13.1
963: 21.7
964: 15.1
965: 18.5
966: 15.7
967: 21.7
968: 16.0
969: 21.1
970: 14.6
971: 20.7
972: 15.4
973: 18.8
974: 16.8
975: 19.6
976: 23.8
977: 21.2
978: 26.0
979: 21.9
980: 11.2
981: 21.2
982: 22.7
983: 13.7
984: 21.7
985: 16.8
986: 12.2
987: 15.4
988: 17.0
989: 20.3
990: 28.9
991: 23.2
992: 12.7
993: 24.6
994: 14.2
995: 25.3
996: 29.3
997: 19.8
998: 20.8
999: 19.7
