0: 94.1
1: 91.9
2: 92.3
3: 93.6
4: 92.2
5: 91.1
6: 92.2
7: 93.8
8: 90.6
9: 92.8
10: 90.5
11: 89.0
12: 94.1
13: 89.1
14: 90.1
15: 94.4
16: 93.2
17: 90.9
18: 92.4
19: 93.5
20: 93.6
21: 90.1
22: 90.3
23: 92.0
24: 92.5
25: 94.1
26: 94.9
27: 89.6
28: 87.8
29: 92.2
30: 92.4
31: 90.5
32: 93.6
33: 93.1
34: 82.6
35: 90.4
36: 89.6
37: 94.2
38: 95.0
39: 94.5
40: 84.8
41: 92.5
42: 91.8
43: 92.4
44: 90.1
45: 91.6
46: 90.3
47: 84.3
48: 95.8
49: 92.4
50: 94.3
51: 91.8
52: 91.3
53: 86.9
54: 90.9
55: 93.3
56: 94.3
57: 89.5
58: 90.5
59: 91.8
60: 94.1
61: 81.9
62: 92.6
63: 94.4
64: 92.9
65: 93.5
66: 93.4
67: 93.2
68: 86.6
69: 85.2
70: 91.9
71: 89.0
72: 93.0
73: 87.8
74: 86.3
75: 93.9
76: 91.9
77: 92.3
78: 88.2
79: 91.8
80: 80.5
81: 90.7
82: 99.6
83: 92.4
84: 92.8
85: 81.3
86: 89.0
87: 84.1
88: 95.5
89: 93.7
90: 93.1
91: 94.6
92: 92.3
93: 91.7
94: 80.5
95: 92.2
96: 88.0
97: 90.3
98: 89.4
99: 89.7
100: 89.4
101: 92.9
102: 91.9
103: 87.8
104: 88.9
105: 89.3
106: 95.1
107: 89.0
108: 90.7
109: 87.5
110: 90.4
111: 89.3
112: 90.7
113: 88.8
114: 88.8
115: 85.9
116: 87.9
117: 88.9
118: 93.2
119: 88.4
120: 88.9
121: 93.0
122: 90.3
123: 92.4
124: 90.6
125: 87.8
126: 87.5
127: 90.0
128: 91.8
129: 88.8
130: 83.3
131: 93.3
132: 84.3
133: 93.4
134: 87.5
135: 92.4
136: 91.7
137: 88.7
138: 78.6
139: 92.9
140: 86.9
141: 92.6
142: 91.0
143: 84.6
144: 90.6
145: 93.8
146: 89.3
147: 91.3
148: 89.2
149: 90.1
150: 88.8
151: 71.7
152: 79.7
153: 86.7
154: 76.0
155: 83.3
156: 95.0
157: 93.1
158: 91.9
159: 85.8
160: 85.2
161: 84.2
162: 87.7
163: 89.6
164: 86.0
165: 91.6
166: 91.2
167: 89.8
168: 86.2
169: 89.8
170: 87.7
171: 87.0
172: 92.6
173: 83.3
174: 90.0
175: 57.4
176: 67.9
177: 87.4
178: 88.7
179: 89.3
180: 87.8
181: 92.6
182: 85.8
183: 90.7
184: 89.4
185: 89.6
186: 88.8
187: 80.4
188: 90.3
189: 79.0
190: 83.8
191: 80.8
192: 89.9
193: 90.3
194: 91.6
195: 81.2
196: 94.7
197: 90.2
198: 91.7
199: 67.9
200: 86.3
201: 88.3
202: 89.8
203: 88.0
204: 91.2
205: 88.8
206: 86.3
207: 90.3
208: 87.1
209: 87.1
210: 89.4
211: 89.0
212: 94.7
213: 73.9
214: 80.3
215: 90.6
216: 90.0
217: 87.5
218: 90.4
219: 75.2
220: 89.5
221: 91.8
222: 83.4
223: 88.5
224: 92.6
225: 69.5
226: 87.0
227: 91.4
228: 90.6
229: 86.3
230: 91.9
231: 90.9
232: 89.6
233: 88.1
234: 86.4
235: 92.5
236: 77.2
237: 91.8
238: 85.6
239: 87.0
240: 89.5
241: 87.6
242: 82.9
243: 85.3
244: 91.5
245: 92.0
246: 92.7
247: 93.0
248: 92.7
249: 92.6
250: 92.6
251: 87.0
252: 92.5
253: 92.8
254: 90.0
255: 89.9
256: 92.7
257: 92.1
258: 92.8
259: 86.9
260: 85.3
261: 81.4
262: 84.4
263: 90.5
264: 64.4
265: 76.5
266: 86.9
267: 88.0
268: 90.0
269: 79.6
270: 84.5
271: 88.4
272: 84.1
273: 87.0
274: 93.3
275: 87.4
276: 95.7
277: 91.3
278: 89.7
279: 93.6
280: 71.9
281: 86.9
282: 93.3
283: 83.1
284: 90.3
285: 83.9
286: 82.0
287: 83.4
288: 87.7
289: 56.7
290: 73.3
291: 80.6
292: 89.5
293: 76.5
294: 85.0
295: 82.7
296: 79.0
297: 91.3
298: 85.9
299: 68.8
300: 82.9
301: 89.6
302: 92.4
303: 87.9
304: 88.6
305: 85.7
306: 85.0
307: 90.1
308: 91.3
309: 88.0
310: 82.2
311: 86.9
312: 87.8
313: 90.8
314: 83.2
315: 88.5
316: 80.0
317: 73.2
318: 87.0
319: 61.0
320: 87.0
321: 81.7
322: 89.4
323: 93.0
324: 81.3
325: 90.3
326: 89.6
327: 77.9
328: 85.7
329: 87.8
330: 73.9
331: 77.4
332: 92.9
333: 93.2
334: 88.9
335: 77.2
336: 89.9
337: 85.3
338: 77.2
339: 66.9
340: 74.9
341: 86.6
342: 82.5
343: 73.2
344: 86.2
345: 74.9
346: 85.5
347: 66.0
348: 85.3
349: 82.9
350: 80.3
351: 83.1
352: 95.0
353: 85.2
354: 70.5
355: 77.1
356: 57.5
357: 90.8
358: 78.8
359: 84.2
360: 79.4
361: 89.3
362: 88.4
363: 85.7
364: 86.3
365: 76.2
366: 89.3
367: 87.1
368: 84.3
369: 84.2
370: 69.0
371: 67.0
372: 64.6
373: 60.9
374: 82.3
375: 68.8
376: 80.6
377: 74.1
378: 69.1
379: 58.1
380: 80.1
381: 88.2
382: 84.4
383: 83.7
384: 67.2
385: 73.1
386: 67.4
387: 65.1
388: 79.2
389: 68.9
390: 67.1
391: 65.2
392: 64.7
393: 88.0
394: 61.7
395: 65.9
396: 67.4
397: 83.7
398: 81.5
399: 84.3
400: 63.5
401: 68.9
402: 70.7
403: 87.1
404: 64.2
405: 67.5
406: 90.4
407: 78.4
408: 81.6
409: 86.1
410: 72.2
411: 65.8
412: 68.7
413: 70.4
414: 72.1
415: 71.5
416: 77.0
417: 73.4
418: 65.2
419: 71.7
420: 64.3
421: 61.7
422: 82.7
423: 62.6
424: 86.9
425: 60.8
426: 53.2
427: 71.4
428: 64.6
429: 56.0
430: 88.8
431: 56.9
432: 65.4
433: 87.2
434: 88.0
435: 91.6
436: 84.1
437: 89.2
438: 83.2
439: 85.1
440: 81.6
441: 94.2
442: 50.2
443: 93.9
444: 92.0
445: 85.3
446: 87.9
447: 88.3
448: 65.3
449: 90.6
450: 91.9
451: 91.2
452: 91.9
453: 95.8
454: 92.0
455: 59.7
456: 95.7
457: 86.9
458: 77.0
459: 85.2
460: 87.0
461: 78.3
462: 85.4
463: 83.0
464: 88.8
465: 89.8
466: 95.1
467: 78.0
468: 61.5
469: 66.9
470: 92.1
471: 92.8
472: 75.6
473: 59.6
474: 67.0
475: 56.7
476: 89.5
477: 65.2
478: 64.0
479: 88.7
480: 65.2
481: 57.7
482: 79.9
483: 49.1
484: 66.3
485: 60.6
486: 55.1
487: 59.1
488: 91.7
489: 91.0
490: 93.0
491: 91.6
492: 93.1
493: 83.5
494: 60.1
495: 61.9
496: 90.4
497: 63.5
498: 87.6
499: 95.5
500: 63.3
501: 60.0
502: 95.4
503: 94.3
504: 91.1
505: 89.6
506: 59.6
507: 75.9
508: 92.9
509: 93.1
510: 58.7
511: 93.5
512: 66.0
513: 94.8
514: 61.7
515: 91.3
516: 72.9
517: 93.0
518: 65.9
519: 92.8
520: 60.9
521: 64.3
522: 90.4
523: 66.3
524: 72.0
525: 82.4
526: 64.4
527: 61.0
528: 90.4
529: 68.7
530: 84.2
531: 63.5
532: 91.2
533: 58.0
534: 63.9
535: 62.5
536: 61.4
537: 65.5
538: 63.4
539: 66.0
540: 73.9
541: 85.5
542: 92.5
543: 86.7
544: 64.2
545: 92.1
546: 89.0
547: 84.5
548: 87.0
549: 90.2
550: 80.2
551: 83.4
552: 86.5
553: 28.8
554: 22.2
555: 17.4
556: 15.6
557: 19.0
558: 18.4
559: 11.3
560: 15.2
561: 17.4
562: 14.1
563: 19.9
564: 16.4
565: 19.8
566: 23.7
567: 21.5
568: 18.9
569: 17.4
570: 21.4
571: 14.1
572: 18.4
573: 15.0
574: 16.9
575: 19.3
576: 19.7
577: 14.8
578: 18.5
579: 20.0
580: 17.2
581: 21.9
582: 28.2
583: 19.9
584: 17.7
585: 20.1
586: 17.8
587: 20.8
588: 21.1
589: 18.9
590: 18.2
591: 17.2
592: 17.3
593: 19.9
594: 42.5
595: 18.8
596: 18.1
597: 16.4
598: 20.3
599: 16.3
600: 15.0
601: 17.9
602: 19.8
603: 21.3
604: 16.3
605: 16.2
606: 17.1
607: 12.0
608: 21.9
609: 22.2
610: 17.1
611: 17.8
612: 23.2
613: 14.1
614: 12.2
615: 18.4
616: 14.0
617: 18.5
618: 17.6
619: 16.2
620: 15.0
621: 18.0
622: 17.6
623: 14.4
624: 22.8
625: 18.9
626: 23.1
627: 16.4
628: 17.7
629: 16.4
630: 16.9
631: 20.4
632: 17.4
633: 14.4
634: 21.3
635: 23.1
636: 32.0
637: 21.7
638: 17.8
639: 18.5
640: 19.2
641: 18.0
642: 21.7
643: 19.5
644: 12.6
645: 16.3
646: 15.3
647: 20.6
648: 17.6
649: 17.7
650: 20.1
651: 13.7
652: 20.9
653: 18.1
654: 16.1
655: 14.3
656: 17.1
657: 20.7
658: 19.6
659: 17.0
660: 14.4
661: 17.0
662: 17.5
663: 16.9
664: 12.9
665: 17.3
666: 18.7
667: 16.3
668: 20.0
669: 16.7
670: 20.7
671: 14.3
672: 17.7
673: 16.6
674: 17.8
675: 18.3
676: 14.6
677: 19.8
678: 19.4
679: 18.6
680: 15.5
681: 14.9
682: 34.2
683: 19.1
684: 18.5
685: 19.2
686: 19.6
687: 12.9
688: 15.5
689: 16.6
690: 17.7
691: 14.8
692: 19.0
693: 17.5
694: 21.9
695: 17.3
696: 15.3
697: 25.6
698: 16.0
699: 16.5
700: 14.8
701: 9.9
702: 21.5
703: 14.5
704: 18.4
705: 16.9
706: 24.0
707: 21.1
708: 17.4
709: 16.7
710: 19.5
711: 15.1
712: 14.2
713: 19.8
714: 19.1
715: 18.0
716: 19.6
717: 21.9
718: 14.9
719: 17.3
720: 16.5
721: 19.6
722: 19.9
723: 17.6
724: 20.1
725: 12.2
726: 19.2
727: 19.3
728: 21.2
729: 12.4
730: 14.2
731: 16.7
732: 16.4
733: 20.6
734: 19.2
735: 13.4
736: 19.6
737: 17.6
738: 12.6
739: 16.2
740: 13.4
741: 17.9
742: 17.1
743: 13.5
744: 22.2
745: 12.8
746: 13.0
747: 21.0
748: 21.3
749: 15.7
750: 17.3
751: 13.4
752: 20.3
753: 17.3
754: 16.7
755: 15.5
756: 20.0
757: 13.4
758: 15.6
759: 17.4
760: 15.0
761: 17.0
762: 14.8
763: 18.6
764: 13.0
765: 17.4
766: 16.2
767: 17.8
768: 22.1
769: 21.6
770: 14.3
771: 14.5
772: 17.3
773: 20.4
774: 23.0
775: 13.6
776: 19.3
777: 21.9
778: 19.5
779: 19.3
780: 17.7
781: 18.9
782: 28.4
783: 16.5
784: 15.9
785: 15.3
786: 20.0
787: 18.4
788: 19.5
789: 18.5
790: 20.6
791: 12.8
792: 18.0
793: 19.4
794: 18.0
795: 15.1
796: 16.3
797: 21.5
798: 16.8
799: 16.6
800: 22.0
801: 19.5
802: 14.9
803: 16.2
804: 18.9
805: 18.5
806: 19.7
807: 10.5
808: 22.9
809: 16.5
810: 15.7
811: 17.1
812: 14.2
813: 18.1
814: 15.4
815: 15.9
816: 11.7
817: 20.1
818: 16.9
819: 14.3
820: 17.0
821: 15.9
822: 16.1
823: 13.0
824: 20.9
825: 16.4
826: 14.9
827: 15.1
828: 16.8
829: 9.5
830: 11.5
831: 20.7
832: 16.2
833: 18.4
834: 16.1
835: 16.3
836: 15.5
837: 16.7
838: 23.8
839: 16.3
840: 13.8
841: 19.2
842: 17.3
843: 18.0
844: 23.2
845: 18.2
846: 18.7
847: 16.9
848: 17.8
849: 22.2
850: 13.9
851: 13.0
852: 17.0
853: 18.6
854: 18.1
855: 13.6
856: 17.1
857: 16.2
858: 16.3
859: 16.7
860: 16.2
861: 22.0
862: 17.6
863: 12.7
864: 27.4
865: 26.2
866: 17.1
867: 18.3
868: 20.8
869: 16.3
870: 18.4
871: 19.0
872: 19.4
873: 17.2
874: 16.1
875: 18.8
876: 21.3
877: 14.1
878: 13.2
879: 13.8
880: 21.3
881: 14.4
882: 19.9
883: 16.2
884: 21.4
885: 13.3
886: 18.5
887: 17.8
888: 12.1
889: 17.3
890: 11.9
891: 15.6
892: 20.1
893: 14.6
894: 22.6
895: 17.7
896: 15.2
897: 16.0
898: 18.6
899: 20.3
900: 20.6
901: 18.8
902: 19.6
903: 16.3
904: 12.6
905: 16.9
906: 19.5
907: 13.5
908: 14.1
909: 19.1
910: 18.6
911: 20.8
912: 20.3
913: 14.9
914: 17.5
915: 17.2
916: 16.2
917: 16.6
918: 19.4
919: 21.5
920: 15.8
921: 15.1
922: 19.3
923: 16.4
924: 14.9
925: 14.8
926: 17.9
927: 17.9
928: 22.1
929: 23.0
930: 23.7
931: 16.3
932: 14.6
933: 18.2
934: 19.4
935: 19.3
936: 14.7
937: 18.2
938: 17.0
939: 15.4
940: 17.0
941: 17.5
942: 24.4
943: 15.6
944: 14.0
945: 14.3
946: 16.8
947: 20.8
948: 19.1
949: 19.5
950: 17.0
951: 12.4
952: 15.4
953: 21.2
954: 14.2
955: 22.2
956: 19.9
957: 20.5
958: 20.6
959: 21.4
960: 17.7
961: 15.9
962: 13.1
963: 18.7
964: 18.4
965: 14.2
966: 17.5
967: 16.3
968: 12.9
969: 19.1
970: 24.7
971: 17.1
972: 15.3
973: 14.6
974: 14.5
975: 16.3
976: 20.1
977: 17.2
978: 12.6
979: 23.3
980: 17.3
981: 18.7
982: 20.6
983: 15.5
984: 16.1
985: 22.5
986: 13.4
987: 10.3
988: 16.6
989: 20.1
990: 14.1
991: 22.7
992: 17.1
993: 16.0
994: 15.9
995: 19.8
996: 15.0
997: 13.1
998: 19.6
999: 24.8
