0: 27.7
1: 58.9
2: 21.7
3: 43.4
4: 63.9
5: 88.3
6: 63.3
7: 83.2
8: 50.9
9: 58.6
10: 73.6
11: 78.9
12: 91.0
13: 79.7
14: 90.1
15: 88.1
16: 85.4
17: 85.2
18: 89.2
19: 93.5
20: 91.1
21: 66.8
22: 62.9
23: 78.5
24: 86.1
25: 86.7
26: 94.4
27: 74.0
28: 77.7
29: 85.7
30: 92.4
31: 80.0
32: 88.7
33: 93.1
34: 68.8
35: 75.3
36: 89.6
37: 75.4
38: 77.4
39: 93.8
40: 71.0
41: 87.5
42: 89.0
43: 92.4
44: 81.0
45: 80.7
46: 87.6
47: 71.4
48: 64.0
49: 60.0
50: 77.2
51: 74.6
52: 86.5
53: 57.9
54: 73.7
55: 87.8
56: 84.7
57: 76.7
58: 70.8
59: 68.8
60: 86.4
61: 79.1
62: 67.2
63: 94.4
64: 50.0
65: 86.2
66: 81.0
67: 71.0
68: 85.2
69: 71.2
70: 85.0
71: 70.5
72: 80.4
73: 69.3
74: 58.1
75: 65.1
76: 86.4
77: 66.7
78: 88.2
79: 77.2
80: 68.5
81: 89.9
82: 64.0
83: 80.4
84: 78.0
85: 80.4
86: 69.4
87: 19.5
88: 15.0
89: 12.8
90: 12.6
91: 11.2
92: 16.4
93: 13.4
94: 11.2
95: 13.5
96: 14.4
97: 13.7
98: 15.5
99: 11.9
100: 7.6
101: 12.5
102: 12.4
103: 11.8
104: 22.1
105: 12.6
106: 17.2
107: 8.6
108: 15.6
109: 7.9
110: 13.0
111: 9.8
112: 14.0
113: 13.0
114: 11.5
115: 10.7
116: 13.1
117: 9.6
118: 11.2
119: 8.1
120: 11.8
121: 14.5
122: 11.5
123: 24.2
124: 10.3
125: 12.8
126: 13.4
127: 11.7
128: 11.1
129: 9.6
130: 13.4
131: 13.0
132: 12.5
133: 14.8
134: 11.4
135: 16.8
136: 10.9
137: 11.0
138: 14.4
139: 12.1
140: 15.5
141: 15.2
142: 13.2
143: 14.4
144: 16.1
145: 15.8
146: 12.9
147: 7.7
148: 15.7
149: 14.4
150: 12.4
151: 8.5
152: 11.4
153: 10.4
154: 12.6
155: 17.9
156: 7.5
157: 14.8
158: 8.8
159: 13.5
160: 13.6
161: 9.0
162: 13.7
163: 13.5
164: 11.4
165: 11.7
166: 12.4
167: 13.0
168: 14.0
169: 12.5
170: 13.8
171: 13.5
172: 14.7
173: 15.3
174: 18.8
175: 11.4
176: 11.5
177: 13.4
178: 14.9
179: 11.3
180: 10.6
181: 15.0
182: 14.6
183: 8.7
184: 13.7
185: 20.8
186: 9.7
187: 13.8
188: 10.8
189: 8.7
190: 10.2
191: 9.9
192: 22.5
193: 13.8
194: 12.7
195: 11.5
196: 12.3
197: 13.9
198: 6.8
199: 14.5
200: 15.3
201: 8.7
202: 17.0
203: 13.6
204: 15.3
205: 15.2
206: 15.8
207: 18.3
208: 13.9
209: 10.8
210: 20.0
211: 8.6
212: 9.5
213: 9.5
214: 12.5
215: 13.8
216: 22.7
217: 11.0
218: 14.4
219: 9.7
220: 12.5
221: 13.4
222: 16.9
223: 9.1
224: 21.2
225: 13.9
226: 15.1
227: 17.0
228: 15.8
229: 12.9
230: 14.9
231: 16.1
232: 10.8
233: 17.0
234: 13.9
235: 9.1
236: 11.3
237: 13.1
238: 13.7
239: 12.4
240: 13.4
241: 15.1
242: 9.6
243: 5.1
244: 20.7
245: 10.5
246: 12.3
247: 15.8
248: 10.1
249: 12.0
250: 10.9
251: 16.8
252: 13.4
253: 25.0
254: 14.9
255: 14.8
256: 7.5
257: 12.7
258: 22.8
259: 12.5
260: 19.6
261: 11.9
262: 5.0
263: 10.2
264: 15.8
265: 14.2
266: 14.1
267: 20.3
268: 10.4
269: 13.3
270: 10.1
271: 19.2
272: 13.2
273: 15.7
274: 17.2
275: 17.6
276: 12.5
277: 12.8
278: 19.6
279: 17.4
280: 15.3
281: 12.2
282: 11.9
283: 15.4
284: 17.9
285: 13.2
286: 17.4
287: 10.0
288: 8.9
289: 14.7
290: 7.2
291: 10.1
292: 12.5
293: 9.1
294: 17.9
295: 11.4
296: 10.8
297: 11.4
298: 13.7
299: 11.5
300: 16.9
301: 16.6
302: 17.7
303: 15.4
304: 10.8
305: 14.8
306: 10.4
307: 11.4
308: 14.4
309: 14.1
310: 13.4
311: 9.8
312: 12.7
313: 14.5
314: 8.6
315: 11.3
316: 9.5
317: 16.0
318: 19.8
319: 14.7
320: 11.1
321: 10.3
322: 20.3
323: 17.7
324: 16.1
325: 9.5
326: 14.5
327: 10.9
328: 13.8
329: 10.1
330: 14.9
331: 20.7
332: 16.5
333: 13.2
334: 17.3
335: 14.9
336: 15.4
337: 12.7
338: 12.2
339: 12.0
340: 13.9
341: 15.1
342: 9.8
343: 12.8
344: 14.9
345: 12.3
346: 10.7
347: 10.7
348: 9.5
349: 7.3
350: 11.4
351: 12.3
352: 16.4
353: 11.9
354: 15.5
355: 14.0
356: 10.0
357: 16.9
358: 13.7
359: 10.5
360: 13.3
361: 13.2
362: 12.2
363: 14.5
364: 14.0
365: 15.5
366: 11.9
367: 10.5
368: 19.8
369: 16.7
370: 21.8
371: 13.4
372: 13.7
373: 11.5
374: 12.3
375: 12.7
376: 10.8
377: 14.9
378: 11.6
379: 14.9
380: 8.4
381: 9.5
382: 11.9
383: 16.7
384: 11.1
385: 14.9
386: 10.6
387: 11.4
388: 11.3
389: 11.2
390: 10.1
391: 11.6
392: 13.8
393: 12.1
394: 9.4
395: 10.6
396: 10.4
397: 12.3
398: 7.6
399: 14.9
400: 13.5
401: 14.2
402: 11.1
403: 10.9
404: 12.4
405: 15.1
406: 11.1
407: 8.6
408: 12.9
409: 12.8
410: 9.4
411: 13.5
412: 10.2
413: 15.1
414: 14.7
415: 11.4
416: 19.9
417: 9.2
418: 13.3
419: 12.4
420: 9.4
421: 9.5
422: 8.8
423: 21.0
424: 8.2
425: 18.9
426: 13.0
427: 31.4
428: 16.8
429: 11.0
430: 17.5
431: 11.2
432: 13.3
433: 19.2
434: 16.0
435: 9.0
436: 15.3
437: 7.1
438: 17.5
439: 10.7
440: 9.0
441: 11.1
442: 9.7
443: 15.4
444: 15.5
445: 12.5
446: 5.7
447: 15.9
448: 13.6
449: 19.9
450: 12.7
451: 18.4
452: 10.2
453: 12.0
454: 15.0
455: 15.9
456: 10.8
457: 8.2
458: 17.1
459: 13.1
460: 13.4
461: 17.8
462: 13.1
463: 13.8
464: 8.7
465: 14.4
466: 8.5
467: 13.9
468: 11.2
469: 10.2
470: 14.3
471: 5.1
472: 13.7
473: 13.4
474: 10.3
475: 15.1
476: 15.5
477: 15.5
478: 12.3
479: 12.5
480: 12.1
481: 12.4
482: 10.0
483: 8.2
484: 19.6
485: 15.2
486: 10.0
487: 13.5
488: 11.6
489: 7.2
490: 16.8
491: 13.3
492: 14.4
493: 13.9
494: 13.2
495: 9.4
496: 18.1
497: 20.5
498: 9.4
499: 12.1
500: 12.3
501: 13.0
502: 11.2
503: 16.3
504: 10.4
505: 13.7
506: 13.6
507: 10.2
508: 20.4
509: 13.4
510: 19.6
511: 14.0
512: 16.2
513: 25.1
514: 12.5
515: 10.7
516: 12.3
517: 14.0
518: 8.1
519: 7.5
520: 14.4
521: 11.4
522: 11.3
523: 14.6
524: 8.0
525: 15.8
526: 15.6
527: 8.5
528: 19.1
529: 11.8
530: 13.8
531: 10.9
532: 12.0
533: 12.5
534: 14.7
535: 13.0
536: 10.9
537: 11.2
538: 11.0
539: 14.2
540: 13.7
541: 11.5
542: 25.3
543: 11.9
544: 11.8
545: 19.0
546: 21.4
547: 8.0
548: 9.7
549: 14.9
550: 14.0
551: 11.1
552: 16.9
553: 10.2
554: 21.4
555: 9.6
556: 10.9
557: 15.8
558: 16.4
559: 9.7
560: 15.2
561: 15.4
562: 12.6
563: 6.3
564: 8.1
565: 8.9
566: 10.4
567: 10.4
568: 14.7
569: 15.9
570: 16.8
571: 7.6
572: 17.3
573: 7.2
574: 13.7
575: 14.9
576: 13.1
577: 18.7
578: 18.0
579: 12.3
580: 13.5
581: 13.9
582: 19.0
583: 9.0
584: 12.1
585: 19.4
586: 19.1
587: 11.3
588: 17.3
589: 9.5
590: 12.4
591: 15.5
592: 10.5
593: 10.0
594: 11.5
595: 16.7
596: 15.8
597: 8.5
598: 17.4
599: 14.5
600: 15.9
601: 14.4
602: 13.6
603: 14.7
604: 12.4
605: 16.1
606: 14.5
607: 15.5
608: 15.3
609: 11.6
610: 17.1
611: 25.5
612: 11.7
613: 16.4
614: 9.9
615: 14.7
616: 9.5
617: 11.4
618: 12.3
619: 15.1
620: 15.8
621: 9.1
622: 11.5
623: 9.3
624: 13.2
625: 16.7
626: 17.8
627: 11.1
628: 10.6
629: 15.0
630: 17.3
631: 8.3
632: 14.7
633: 16.6
634: 11.2
635: 7.6
636: 17.5
637: 12.3
638: 10.0
639: 15.9
640: 23.1
641: 12.0
642: 16.1
643: 16.8
644: 13.8
645: 8.6
646: 11.0
647: 12.4
648: 9.8
649: 16.2
650: 11.6
651: 7.7
652: 20.0
653: 9.1
654: 14.5
655: 18.7
656: 13.1
657: 17.4
658: 15.0
659: 12.8
660: 15.4
661: 14.2
662: 13.5
663: 24.4
664: 10.8
665: 11.2
666: 9.0
667: 13.3
668: 12.4
669: 14.5
670: 15.8
671: 13.1
672: 15.6
673: 13.5
674: 7.6
675: 9.3
676: 6.8
677: 20.6
678: 17.2
679: 17.7
680: 12.9
681: 19.3
682: 13.7
683: 12.2
684: 9.3
685: 12.9
686: 9.0
687: 11.0
688: 12.4
689: 7.7
690: 15.8
691: 11.6
692: 12.4
693: 17.9
694: 15.3
695: 11.7
696: 13.6
697: 21.2
698: 13.8
699: 15.3
700: 12.1
701: 8.5
702: 17.7
703: 12.8
704: 9.9
705: 11.2
706: 19.1
707: 16.3
708: 11.0
709: 9.2
710: 7.7
711: 13.5
712: 11.6
713: 11.1
714: 16.9
715: 9.6
716: 10.5
717: 21.4
718: 15.0
719: 9.4
720: 15.2
721: 15.5
722: 14.7
723: 9.8
724: 12.6
725: 9.6
726: 11.5
727: 17.1
728: 22.0
729: 12.3
730: 9.5
731: 14.3
732: 9.7
733: 11.1
734: 15.2
735: 16.2
736: 15.7
737: 10.1
738: 17.8
739: 14.8
740: 10.0
741: 11.9
742: 19.9
743: 13.3
744: 14.0
745: 13.2
746: 10.5
747: 20.2
748: 10.5
749: 12.4
750: 11.0
751: 13.1
752: 9.8
753: 14.3
754: 14.7
755: 20.5
756: 20.5
757: 10.4
758: 14.1
759: 10.0
760: 13.6
761: 8.5
762: 15.0
763: 12.2
764: 15.4
765: 17.5
766: 17.0
767: 11.7
768: 16.0
769: 16.0
770: 9.2
771: 14.7
772: 10.8
773: 15.3
774: 9.8
775: 14.1
776: 12.7
777: 17.1
778: 10.1
779: 12.5
780: 15.3
781: 16.6
782: 15.0
783: 14.6
784: 17.3
785: 17.6
786: 12.0
787: 9.2
788: 7.8
789: 11.9
790: 10.2
791: 12.4
792: 16.4
793: 10.2
794: 16.9
795: 10.3
796: 11.7
797: 17.9
798: 16.3
799: 10.5
800: 13.8
801: 18.5
802: 12.8
803: 9.4
804: 11.3
805: 16.8
806: 11.0
807: 6.3
808: 15.1
809: 9.1
810: 13.4
811: 8.6
812: 9.2
813: 15.7
814: 12.9
815: 10.6
816: 10.0
817: 14.3
818: 11.9
819: 5.7
820: 9.0
821: 16.2
822: 14.4
823: 12.9
824: 21.9
825: 11.1
826: 12.5
827: 16.8
828: 16.0
829: 6.7
830: 14.1
831: 19.1
832: 12.1
833: 10.9
834: 6.7
835: 14.3
836: 16.1
837: 9.0
838: 13.4
839: 13.0
840: 11.7
841: 12.6
842: 9.7
843: 13.4
844: 13.2
845: 9.1
846: 8.4
847: 14.2
848: 10.0
849: 12.5
850: 16.1
851: 12.4
852: 13.2
853: 19.4
854: 10.6
855: 16.5
856: 17.0
857: 14.9
858: 10.6
859: 5.8
860: 12.5
861: 12.2
862: 10.3
863: 18.1
864: 25.0
865: 14.3
866: 8.0
867: 15.7
868: 8.1
869: 7.9
870: 16.0
871: 9.2
872: 10.4
873: 8.6
874: 16.0
875: 10.3
876: 13.6
877: 10.9
878: 13.5
879: 12.9
880: 22.9
881: 8.9
882: 12.1
883: 10.1
884: 15.2
885: 17.4
886: 12.4
887: 15.1
888: 10.3
889: 15.7
890: 10.5
891: 7.8
892: 11.3
893: 12.3
894: 9.7
895: 15.3
896: 7.8
897: 10.7
898: 15.4
899: 26.2
900: 14.4
901: 18.5
902: 11.8
903: 10.2
904: 11.9
905: 6.7
906: 20.9
907: 17.9
908: 12.2
909: 11.7
910: 14.7
911: 10.7
912: 15.7
913: 14.5
914: 8.8
915: 13.9
916: 11.1
917: 12.1
918: 14.9
919: 8.6
920: 10.9
921: 9.5
922: 10.8
923: 12.2
924: 14.7
925: 12.7
926: 18.5
927: 12.2
928: 11.8
929: 32.3
930: 19.2
931: 14.8
932: 10.9
933: 11.6
934: 8.6
935: 20.9
936: 13.4
937: 11.4
938: 14.6
939: 13.3
940: 8.0
941: 16.5
942: 12.0
943: 10.6
944: 14.5
945: 9.6
946: 9.7
947: 8.1
948: 13.9
949: 17.3
950: 17.4
951: 9.7
952: 15.3
953: 17.5
954: 12.6
955: 16.2
956: 12.4
957: 14.2
958: 13.8
959: 11.3
960: 9.8
961: 10.7
962: 6.9
963: 11.4
964: 9.7
965: 13.5
966: 9.1
967: 12.7
968: 10.7
969: 12.4
970: 22.8
971: 14.0
972: 11.5
973: 16.9
974: 8.1
975: 10.8
976: 13.3
977: 13.1
978: 20.5
979: 8.9
980: 10.9
981: 11.2
982: 11.4
983: 11.3
984: 12.8
985: 16.2
986: 13.9
987: 11.4
988: 12.4
989: 16.0
990: 13.2
991: 8.2
992: 10.1
993: 14.5
994: 11.8
995: 13.6
996: 18.7
997: 10.7
998: 16.0
999: 10.4
