0: 94.1
1: 91.9
2: 92.3
3: 93.6
4: 92.2
5: 91.1
6: 92.2
7: 93.8
8: 90.6
9: 92.8
10: 90.5
11: 89.0
12: 94.1
13: 89.1
14: 90.1
15: 94.4
16: 93.2
17: 90.9
18: 92.4
19: 93.5
20: 93.6
21: 90.1
22: 90.3
23: 92.0
24: 92.5
25: 94.1
26: 94.9
27: 89.6
28: 65.3
29: 14.4
30: 28.2
31: 16.7
32: 20.5
33: 21.5
34: 11.5
35: 17.8
36: 12.1
37: 19.3
38: 16.9
39: 24.0
40: 17.9
41: 28.2
42: 16.6
43: 18.8
44: 23.3
45: 15.5
46: 21.7
47: 19.7
48: 15.1
49: 18.3
50: 19.3
51: 15.9
52: 14.8
53: 20.0
54: 17.6
55: 15.0
56: 15.9
57: 15.4
58: 20.2
59: 17.2
60: 19.4
61: 14.8
62: 18.8
63: 18.4
64: 11.8
65: 17.6
66: 16.9
67: 16.7
68: 19.5
69: 12.9
70: 21.8
71: 15.9
72: 17.5
73: 14.4
74: 14.6
75: 15.8
76: 20.6
77: 28.2
78: 13.3
79: 17.7
80: 16.8
81: 15.1
82: 22.1
83: 14.1
84: 16.8
85: 15.9
86: 16.1
87: 13.4
88: 15.7
89: 15.2
90: 17.8
91: 17.1
92: 21.9
93: 15.0
94: 16.6
95: 18.5
96: 28.7
97: 21.5
98: 16.2
99: 20.3
100: 16.6
101: 14.6
102: 14.8
103: 19.1
104: 13.9
105: 20.0
106: 16.4
107: 14.8
108: 15.8
109: 16.2
110: 18.2
111: 16.0
112: 17.4
113: 15.7
114: 17.3
115: 15.6
116: 23.5
117: 15.1
118: 35.6
119: 13.4
120: 16.0
121: 19.2
122: 21.1
123: 17.6
124: 15.1
125: 14.1
126: 21.4
127: 16.5
128: 14.2
129: 16.1
130: 17.3
131: 13.3
132: 13.8
133: 16.7
134: 12.0
135: 18.6
136: 21.3
137: 15.7
138: 12.8
139: 15.2
140: 13.5
141: 26.2
142: 17.8
143: 14.0
144: 14.9
145: 15.7
146: 17.0
147: 16.3
148: 12.9
149: 18.8
150: 17.7
151: 17.4
152: 15.9
153: 17.7
154: 17.2
155: 18.2
156: 19.6
157: 17.1
158: 20.0
159: 19.5
160: 13.4
161: 17.2
162: 22.7
163: 22.2
164: 19.0
165: 14.2
166: 17.1
167: 15.8
168: 16.1
169: 18.8
170: 14.8
171: 20.7
172: 16.0
173: 10.8
174: 21.6
175: 17.2
176: 20.5
177: 19.4
178: 14.7
179: 15.5
180: 15.0
181: 16.8
182: 24.4
183: 16.5
184: 16.4
185: 20.6
186: 17.5
187: 14.3
188: 15.6
189: 13.6
190: 20.9
191: 13.0
192: 16.1
193: 17.8
194: 18.9
195: 15.8
196: 19.7
197: 16.6
198: 23.3
199: 16.2
200: 18.1
201: 16.8
202: 20.2
203: 18.4
204: 17.8
205: 13.1
206: 18.0
207: 22.4
208: 15.9
209: 19.8
210: 16.3
211: 16.3
212: 24.4
213: 14.1
214: 13.7
215: 16.6
216: 19.1
217: 16.5
218: 21.4
219: 13.8
220: 16.9
221: 17.8
222: 13.8
223: 19.6
224: 17.0
225: 19.2
226: 16.7
227: 18.1
228: 38.0
229: 14.3
230: 17.6
231: 17.4
232: 18.1
233: 17.1
234: 22.3
235: 23.7
236: 14.5
237: 14.5
238: 19.7
239: 16.7
240: 17.3
241: 19.1
242: 16.5
243: 20.2
244: 20.0
245: 22.3
246: 23.0
247: 15.7
248: 16.4
249: 24.2
250: 23.8
251: 12.4
252: 19.0
253: 15.5
254: 17.4
255: 19.8
256: 29.7
257: 23.9
258: 21.6
259: 17.2
260: 24.4
261: 16.2
262: 30.5
263: 22.4
264: 8.5
265: 14.8
266: 16.5
267: 20.7
268: 18.9
269: 16.9
270: 15.8
271: 16.2
272: 12.5
273: 17.2
274: 22.6
275: 13.8
276: 17.5
277: 29.7
278: 17.3
279: 17.4
280: 19.2
281: 19.1
282: 14.8
283: 17.1
284: 15.6
285: 5.8
286: 17.8
287: 19.2
288: 17.6
289: 18.0
290: 13.4
291: 12.6
292: 21.3
293: 13.7
294: 17.4
295: 13.7
296: 14.0
297: 15.6
298: 17.2
299: 8.7
300: 17.5
301: 16.7
302: 22.5
303: 19.9
304: 12.3
305: 15.5
306: 17.5
307: 16.8
308: 17.3
309: 14.1
310: 17.3
311: 16.1
312: 16.4
313: 13.4
314: 22.4
315: 16.4
316: 12.8
317: 15.1
318: 24.4
319: 17.4
320: 14.6
321: 17.0
322: 16.4
323: 14.8
324: 12.7
325: 13.1
326: 14.9
327: 16.1
328: 15.9
329: 15.9
330: 12.8
331: 14.6
332: 9.2
333: 17.3
334: 22.1
335: 15.2
336: 23.8
337: 16.9
338: 16.2
339: 18.6
340: 15.0
341: 26.7
342: 13.4
343: 18.1
344: 20.5
345: 16.9
346: 22.9
347: 16.1
348: 13.6
349: 22.0
350: 17.9
351: 18.5
352: 24.4
353: 12.5
354: 17.8
355: 17.1
356: 10.5
357: 15.8
358: 20.0
359: 14.1
360: 17.3
361: 24.0
362: 13.3
363: 20.9
364: 19.1
365: 15.1
366: 12.6
367: 16.3
368: 16.0
369: 11.4
370: 16.3
371: 25.3
372: 17.9
373: 18.5
374: 22.8
375: 13.4
376: 16.6
377: 16.7
378: 18.8
379: 15.6
380: 16.4
381: 23.4
382: 14.2
383: 18.0
384: 17.3
385: 19.3
386: 14.9
387: 18.8
388: 18.5
389: 21.8
390: 16.7
391: 10.8
392: 16.6
393: 19.7
394: 14.2
395: 14.2
396: 16.9
397: 20.6
398: 17.5
399: 17.4
400: 14.5
401: 15.4
402: 16.9
403: 14.3
404: 19.0
405: 18.1
406: 23.1
407: 16.3
408: 20.8
409: 18.4
410: 17.3
411: 13.3
412: 15.2
413: 16.5
414: 15.1
415: 16.4
416: 28.3
417: 21.1
418: 12.9
419: 22.3
420: 15.6
421: 17.1
422: 19.9
423: 18.1
424: 21.5
425: 16.6
426: 17.6
427: 18.1
428: 19.4
429: 12.1
430: 20.9
431: 22.0
432: 13.8
433: 25.4
434: 18.8
435: 22.7
436: 18.9
437: 15.9
438: 16.7
439: 15.8
440: 15.1
441: 24.0
442: 20.6
443: 16.9
444: 17.7
445: 12.2
446: 22.2
447: 17.0
448: 15.9
449: 22.2
450: 22.9
451: 16.4
452: 15.2
453: 23.5
454: 17.3
455: 18.7
456: 15.8
457: 14.3
458: 18.0
459: 16.8
460: 17.1
461: 11.8
462: 12.0
463: 18.9
464: 22.0
465: 16.2
466: 28.3
467: 16.4
468: 18.4
469: 19.0
470: 19.2
471: 29.9
472: 17.2
473: 15.4
474: 14.8
475: 10.4
476: 19.9
477: 14.2
478: 14.5
479: 13.6
480: 20.2
481: 17.3
482: 18.2
483: 14.3
484: 15.6
485: 16.0
486: 16.2
487: 15.6
488: 19.9
489: 17.5
490: 23.5
491: 19.6
492: 14.3
493: 13.6
494: 19.1
495: 13.9
496: 18.2
497: 13.0
498: 11.8
499: 15.3
500: 16.1
501: 10.0
502: 14.5
503: 21.8
504: 18.5
505: 23.3
506: 12.0
507: 16.9
508: 21.2
509: 19.2
510: 17.0
511: 17.1
512: 16.7
513: 16.3
514: 25.3
515: 16.1
516: 18.6
517: 15.7
518: 15.7
519: 21.5
520: 16.4
521: 14.0
522: 18.6
523: 15.6
524: 18.2
525: 16.0
526: 22.9
527: 17.4
528: 17.1
529: 16.0
530: 14.5
531: 19.2
532: 20.8
533: 19.4
534: 18.4
535: 17.1
536: 20.0
537: 15.2
538: 16.2
539: 13.3
540: 16.5
541: 18.6
542: 17.8
543: 19.3
544: 14.9
545: 21.5
546: 17.5
547: 15.6
548: 12.4
549: 18.2
550: 18.7
551: 17.9
552: 16.3
553: 20.0
554: 21.6
555: 12.6
556: 14.4
557: 15.4
558: 15.2
559: 13.3
560: 14.7
561: 29.4
562: 34.6
563: 20.9
564: 19.1
565: 15.3
566: 20.7
567: 21.8
568: 16.4
569: 16.1
570: 25.1
571: 14.7
572: 16.1
573: 18.7
574: 16.9
575: 12.9
576: 18.5
577: 21.1
578: 16.0
579: 18.4
580: 22.0
581: 21.5
582: 22.7
583: 15.4
584: 13.7
585: 16.3
586: 21.0
587: 18.4
588: 16.3
589: 17.6
590: 18.7
591: 13.7
592: 18.8
593: 13.2
594: 15.2
595: 14.7
596: 19.4
597: 17.1
598: 17.9
599: 13.9
600: 15.2
601: 14.0
602: 12.6
603: 15.2
604: 16.8
605: 26.1
606: 13.3
607: 28.3
608: 16.8
609: 19.9
610: 15.7
611: 23.2
612: 16.3
613: 21.0
614: 14.7
615: 17.1
616: 16.3
617: 19.8
618: 19.4
619: 17.2
620: 20.3
621: 19.9
622: 14.9
623: 26.0
624: 16.0
625: 16.9
626: 19.0
627: 13.8
628: 19.3
629: 18.1
630: 17.7
631: 16.2
632: 17.3
633: 19.9
634: 17.6
635: 13.5
636: 18.4
637: 19.2
638: 14.2
639: 22.2
640: 19.6
641: 18.6
642: 20.1
643: 16.7
644: 17.7
645: 14.7
646: 11.0
647: 13.7
648: 14.8
649: 15.1
650: 14.1
651: 12.5
652: 17.2
653: 11.9
654: 15.5
655: 11.4
656: 18.8
657: 17.9
658: 17.1
659: 15.8
660: 15.5
661: 15.5
662: 15.0
663: 18.1
664: 15.1
665: 17.6
666: 14.9
667: 19.9
668: 13.4
669: 22.0
670: 16.3
671: 16.8
672: 15.0
673: 10.6
674: 15.5
675: 21.7
676: 15.2
677: 15.6
678: 15.5
679: 16.3
680: 17.1
681: 16.2
682: 23.8
683: 16.7
684: 18.7
685: 15.5
686: 18.7
687: 18.9
688: 16.9
689: 15.9
690: 13.2
691: 17.2
692: 16.3
693: 16.9
694: 16.7
695: 14.3
696: 13.7
697: 24.2
698: 17.8
699: 16.6
700: 18.6
701: 18.0
702: 17.8
703: 14.4
704: 19.6
705: 19.1
706: 17.9
707: 13.2
708: 21.6
709: 21.1
710: 15.7
711: 14.0
712: 12.3
713: 18.4
714: 21.9
715: 7.9
716: 19.3
717: 18.5
718: 17.3
719: 14.8
720: 17.6
721: 19.0
722: 18.5
723: 18.8
724: 14.0
725: 13.9
726: 17.9
727: 19.0
728: 17.3
729: 20.0
730: 22.0
731: 16.4
732: 11.9
733: 23.2
734: 13.5
735: 13.3
736: 12.5
737: 17.6
738: 17.1
739: 14.2
740: 15.2
741: 16.5
742: 17.0
743: 18.3
744: 15.1
745: 19.7
746: 13.6
747: 15.4
748: 11.6
749: 12.0
750: 22.4
751: 13.8
752: 15.6
753: 19.0
754: 13.0
755: 18.8
756: 20.3
757: 11.8
758: 15.7
759: 18.3
760: 19.2
761: 12.8
762: 17.6
763: 15.1
764: 16.2
765: 19.4
766: 19.2
767: 14.7
768: 19.7
769: 19.1
770: 15.5
771: 16.6
772: 14.0
773: 15.2
774: 20.2
775: 16.8
776: 14.9
777: 21.9
778: 16.2
779: 12.7
780: 17.1
781: 14.3
782: 17.8
783: 16.7
784: 14.8
785: 16.7
786: 16.3
787: 15.8
788: 18.2
789: 17.5
790: 11.6
791: 16.2
792: 16.1
793: 17.1
794: 18.3
795: 19.9
796: 18.8
797: 21.3
798: 15.5
799: 23.5
800: 17.4
801: 19.0
802: 15.9
803: 12.6
804: 12.9
805: 16.8
806: 14.0
807: 18.0
808: 20.3
809: 24.4
810: 15.8
811: 11.2
812: 12.1
813: 15.9
814: 18.0
815: 17.3
816: 17.8
817: 15.1
818: 13.5
819: 11.3
820: 18.9
821: 15.5
822: 17.5
823: 18.2
824: 29.5
825: 14.6
826: 18.3
827: 16.1
828: 18.0
829: 6.0
830: 14.2
831: 23.9
832: 14.1
833: 15.5
834: 15.9
835: 13.6
836: 19.8
837: 17.5
838: 17.0
839: 16.0
840: 18.4
841: 16.5
842: 15.7
843: 16.5
844: 26.3
845: 15.0
846: 16.7
847: 13.3
848: 16.7
849: 29.7
850: 14.7
851: 13.9
852: 15.4
853: 20.4
854: 15.7
855: 15.8
856: 14.5
857: 20.1
858: 17.3
859: 20.0
860: 21.2
861: 24.8
862: 18.0
863: 19.0
864: 18.0
865: 16.0
866: 13.7
867: 18.8
868: 21.5
869: 17.1
870: 15.7
871: 13.7
872: 16.0
873: 21.8
874: 19.5
875: 14.8
876: 17.7
877: 16.7
878: 13.7
879: 17.5
880: 25.1
881: 14.6
882: 13.2
883: 18.3
884: 17.2
885: 17.9
886: 18.4
887: 16.1
888: 10.7
889: 22.6
890: 19.6
891: 17.0
892: 14.4
893: 17.3
894: 19.7
895: 17.2
896: 13.5
897: 14.9
898: 20.6
899: 15.6
900: 16.5
901: 13.7
902: 21.8
903: 17.8
904: 12.4
905: 20.2
906: 15.2
907: 21.2
908: 22.8
909: 23.6
910: 15.9
911: 19.2
912: 13.5
913: 18.9
914: 14.8
915: 18.8
916: 21.6
917: 15.7
918: 15.0
919: 17.5
920: 14.9
921: 14.0
922: 14.2
923: 18.5
924: 11.4
925: 12.9
926: 20.3
927: 15.2
928: 16.0
929: 27.2
930: 14.3
931: 22.0
932: 15.1
933: 19.0
934: 22.6
935: 20.4
936: 17.3
937: 18.0
938: 18.5
939: 15.6
940: 16.7
941: 14.4
942: 13.7
943: 20.0
944: 20.1
945: 17.8
946: 17.0
947: 12.3
948: 17.0
949: 25.3
950: 21.9
951: 12.8
952: 19.3
953: 16.9
954: 15.8
955: 28.9
956: 20.2
957: 21.5
958: 18.3
959: 19.6
960: 16.6
961: 12.6
962: 16.6
963: 13.7
964: 17.4
965: 14.8
966: 17.9
967: 14.5
968: 16.3
969: 20.9
970: 12.7
971: 16.0
972: 16.3
973: 17.3
974: 14.2
975: 15.8
976: 15.9
977: 20.3
978: 28.3
979: 21.7
980: 20.0
981: 19.0
982: 16.5
983: 15.2
984: 21.8
985: 27.6
986: 18.7
987: 17.0
988: 14.6
989: 14.2
990: 21.5
991: 12.7
992: 17.6
993: 11.9
994: 18.2
995: 14.7
996: 21.0
997: 11.3
998: 16.3
999: 21.9
