0: 57.5
1: 81.3
2: 83.0
3: 55.7
4: 61.8
5: 75.7
6: 73.9
7: 78.0
8: 71.9
9: 57.1
10: 70.8
11: 75.2
12: 54.5
13: 80.6
14: 80.6
15: 66.1
16: 84.3
17: 82.2
18: 84.6
19: 81.9
20: 81.9
21: 81.8
22: 77.1
23: 76.8
24: 84.0
25: 71.9
26: 83.1
27: 74.6
28: 57.7
29: 83.1
30: 75.0
31: 74.2
32: 77.3
33: 89.5
34: 70.1
35: 56.1
36: 83.3
37: 84.6
38: 80.4
39: 85.2
40: 69.6
41: 85.8
42: 84.7
43: 89.2
44: 82.6
45: 78.0
46: 81.0
47: 67.7
48: 80.9
49: 75.8
50: 83.9
51: 81.6
52: 77.2
53: 77.7
54: 78.3
55: 82.4
56: 83.7
57: 70.2
58: 80.1
59: 78.7
60: 80.6
61: 70.4
62: 57.9
63: 84.3
64: 82.4
65: 84.1
66: 77.1
67: 59.8
68: 64.5
69: 76.6
70: 68.4
71: 70.6
72: 70.8
73: 66.8
74: 69.8
75: 76.3
76: 75.8
77: 80.8
78: 73.4
79: 77.3
80: 71.1
81: 81.8
82: 65.8
83: 68.5
84: 69.5
85: 51.0
86: 73.2
87: 68.6
88: 79.4
89: 53.0
90: 55.5
91: 86.8
92: 79.4
93: 70.8
94: 63.1
95: 65.8
96: 68.3
97: 73.6
98: 68.3
99: 68.7
100: 68.3
101: 62.5
102: 75.2
103: 59.4
104: 60.2
105: 64.4
106: 80.9
107: 60.6
108: 60.0
109: 47.6
110: 69.9
111: 77.7
112: 70.1
113: 79.2
114: 62.4
115: 56.4
116: 71.8
117: 72.9
118: 87.3
119: 79.3
120: 70.4
121: 78.3
122: 59.9
123: 63.8
124: 57.6
125: 65.3
126: 71.4
127: 65.2
128: 77.1
129: 73.4
130: 72.3
131: 82.3
132: 58.9
133: 81.4
134: 78.6
135: 57.0
136: 86.3
137: 76.2
138: 69.2
139: 74.3
140: 70.9
141: 75.2
142: 70.6
143: 72.8
144: 61.9
145: 78.1
146: 77.2
147: 76.6
148: 72.6
149: 80.5
150: 77.7
151: 73.2
152: 70.1
153: 55.8
154: 72.3
155: 59.7
156: 84.4
157: 81.4
158: 77.5
159: 67.4
160: 61.7
161: 70.9
162: 70.8
163: 73.2
164: 73.1
165: 76.6
166: 74.9
167: 52.6
168: 78.7
169: 49.4
170: 54.7
171: 77.9
172: 73.5
173: 71.9
174: 76.0
175: 77.5
176: 64.2
177: 73.8
178: 58.8
179: 66.6
180: 75.9
181: 53.9
182: 74.5
183: 56.6
184: 56.1
185: 79.8
186: 77.5
187: 69.3
188: 55.2
189: 62.6
190: 73.3
191: 54.7
192: 82.8
193: 77.4
194: 74.8
195: 55.9
196: 81.4
197: 78.0
198: 74.8
199: 65.6
200: 74.9
201: 76.2
202: 79.3
203: 60.5
204: 80.9
205: 68.2
206: 69.7
207: 82.9
208: 80.9
209: 70.6
210: 83.7
211: 77.6
212: 70.4
213: 68.0
214: 79.1
215: 74.1
216: 85.6
217: 68.5
218: 55.4
219: 53.3
220: 65.5
221: 61.5
222: 53.5
223: 81.9
224: 66.0
225: 60.0
226: 56.8
227: 59.8
228: 64.1
229: 57.1
230: 60.6
231: 59.7
232: 49.6
233: 66.7
234: 67.8
235: 75.3
236: 53.2
237: 64.8
238: 67.9
239: 72.9
240: 80.4
241: 72.9
242: 71.8
243: 65.5
244: 80.3
245: 83.3
246: 71.9
247: 74.7
248: 73.5
249: 61.9
250: 67.5
251: 74.7
252: 68.9
253: 73.2
254: 71.3
255: 82.7
256: 76.3
257: 83.6
258: 77.9
259: 65.0
260: 77.9
261: 58.3
262: 81.2
263: 79.7
264: 62.6
265: 68.2
266: 69.1
267: 60.5
268: 74.6
269: 69.5
270: 82.0
271: 80.9
272: 65.7
273: 72.2
274: 83.8
275: 71.6
276: 85.9
277: 84.3
278: 83.5
279: 73.1
280: 76.3
281: 72.5
282: 84.9
283: 76.7
284: 82.9
285: 74.8
286: 68.7
287: 82.1
288: 79.0
289: 64.2
290: 77.2
291: 71.1
292: 72.9
293: 66.6
294: 70.3
295: 74.2
296: 79.6
297: 76.4
298: 77.2
299: 57.2
300: 78.8
301: 78.1
302: 88.0
303: 72.0
304: 73.4
305: 66.0
306: 81.9
307: 78.0
308: 73.5
309: 73.0
310: 53.8
311: 72.1
312: 76.3
313: 80.3
314: 63.3
315: 80.3
316: 70.7
317: 66.3
318: 85.5
319: 76.0
320: 75.1
321: 56.9
322: 65.3
323: 66.8
324: 52.5
325: 74.0
326: 70.4
327: 50.8
328: 73.2
329: 75.0
330: 71.5
331: 77.0
332: 70.0
333: 57.8
334: 78.8
335: 77.2
336: 82.5
337: 62.7
338: 54.6
339: 68.8
340: 71.2
341: 79.6
342: 53.4
343: 72.6
344: 60.0
345: 64.9
346: 62.7
347: 69.5
348: 72.5
349: 64.1
350: 64.6
351: 59.5
352: 83.4
353: 58.5
354: 76.6
355: 71.2
356: 52.3
357: 76.1
358: 63.9
359: 81.1
360: 69.8
361: 60.7
362: 63.5
363: 58.8
364: 85.0
365: 77.1
366: 64.3
367: 63.8
368: 61.4
369: 76.0
370: 65.4
371: 71.9
372: 69.1
373: 63.9
374: 77.9
375: 77.7
376: 80.5
377: 70.2
378: 75.4
379: 62.4
380: 60.6
381: 81.6
382: 64.9
383: 76.1
384: 79.7
385: 56.6
386: 48.4
387: 62.2
388: 58.9
389: 58.2
390: 59.0
391: 74.3
392: 63.8
393: 77.2
394: 74.7
395: 73.3
396: 81.5
397: 80.4
398: 81.3
399: 74.3
400: 63.1
401: 65.1
402: 73.4
403: 67.1
404: 63.5
405: 79.1
406: 80.7
407: 82.5
408: 82.7
409: 79.9
410: 67.0
411: 75.2
412: 68.8
413: 79.1
414: 77.2
415: 75.0
416: 78.8
417: 63.1
418: 73.9
419: 83.2
420: 65.4
421: 71.6
422: 80.3
423: 66.4
424: 77.9
425: 72.6
426: 66.5
427: 85.0
428: 75.0
429: 63.6
430: 80.1
431: 62.6
432: 62.2
433: 76.8
434: 80.5
435: 81.5
436: 65.3
437: 74.0
438: 75.6
439: 77.7
440: 65.1
441: 83.5
442: 74.9
443: 82.9
444: 70.7
445: 73.8
446: 68.1
447: 83.6
448: 73.8
449: 64.4
450: 80.6
451: 62.4
452: 82.2
453: 82.0
454: 75.7
455: 81.4
456: 81.2
457: 72.8
458: 57.3
459: 59.4
460: 65.3
461: 57.6
462: 82.5
463: 74.8
464: 72.0
465: 65.2
466: 86.9
467: 80.8
468: 59.9
469: 70.4
470: 82.8
471: 80.7
472: 84.4
473: 60.6
474: 78.0
475: 49.5
476: 78.8
477: 69.5
478: 75.1
479: 73.4
480: 60.3
481: 77.8
482: 82.1
483: 58.9
484: 81.5
485: 57.0
486: 66.0
487: 78.0
488: 83.1
489: 75.8
490: 79.3
491: 60.7
492: 78.7
493: 58.1
494: 62.8
495: 72.5
496: 60.0
497: 74.4
498: 75.6
499: 76.3
500: 63.7
501: 67.3
502: 77.3
503: 90.6
504: 88.1
505: 86.9
506: 61.5
507: 79.7
508: 91.5
509: 75.8
510: 77.4
511: 68.8
512: 81.1
513: 80.0
514: 79.0
515: 69.9
516: 63.5
517: 72.8
518: 70.9
519: 75.9
520: 52.7
521: 36.3
522: 75.2
523: 70.3
524: 63.5
525: 75.9
526: 78.0
527: 35.9
528: 80.1
529: 78.4
530: 81.9
531: 80.5
532: 90.2
533: 78.1
534: 82.0
535: 61.8
536: 74.1
537: 75.7
538: 72.0
539: 82.3
540: 77.5
541: 81.9
542: 72.0
543: 82.2
544: 74.2
545: 81.5
546: 68.8
547: 82.8
548: 78.0
549: 84.3
550: 77.6
551: 87.5
552: 76.8
553: 75.7
554: 81.1
555: 75.7
556: 76.2
557: 73.2
558: 85.6
559: 86.6
560: 74.7
561: 79.9
562: 77.1
563: 72.5
564: 90.7
565: 66.6
566: 79.1
567: 64.4
568: 61.3
569: 75.5
570: 76.7
571: 68.0
572: 83.6
573: 78.4
574: 72.2
575: 68.6
576: 75.0
577: 77.5
578: 77.9
579: 55.0
580: 66.4
581: 78.9
582: 89.4
583: 74.3
584: 72.7
585: 71.5
586: 76.2
587: 83.3
588: 62.0
589: 87.8
590: 81.9
591: 55.3
592: 57.4
593: 74.5
594: 78.7
595: 69.8
596: 79.0
597: 78.6
598: 85.2
599: 77.0
600: 81.3
601: 86.2
602: 79.6
603: 68.1
604: 78.0
605: 91.7
606: 64.1
607: 75.2
608: 75.7
609: 85.5
610: 80.2
611: 90.3
612: 70.5
613: 72.0
614: 72.8
615: 77.3
616: 68.6
617: 80.9
618: 65.4
619: 84.5
620: 80.8
621: 86.5
622: 72.5
623: 89.3
624: 71.7
625: 82.1
626: 74.0
627: 82.1
628: 77.7
629: 63.9
630: 68.9
631: 85.2
632: 75.5
633: 64.1
634: 58.4
635: 62.3
636: 83.1
637: 76.3
638: 74.5
639: 69.7
640: 73.1
641: 82.2
642: 80.6
643: 78.2
644: 84.0
645: 34.4
646: 74.4
647: 76.9
648: 71.5
649: 84.3
650: 82.6
651: 80.3
652: 78.6
653: 64.0
654: 67.7
655: 87.0
656: 65.5
657: 82.8
658: 69.5
659: 69.6
660: 72.8
661: 70.3
662: 79.9
663: 84.1
664: 65.6
665: 76.7
666: 87.5
667: 78.5
668: 64.0
669: 88.2
670: 58.3
671: 79.9
672: 75.3
673: 58.7
674: 69.3
675: 79.9
676: 45.7
677: 82.1
678: 71.0
679: 82.9
680: 84.4
681: 67.5
682: 84.7
683: 80.8
684: 85.0
685: 64.0
686: 78.4
687: 67.2
688: 72.8
689: 77.1
690: 70.9
691: 76.0
692: 73.2
693: 73.1
694: 72.6
695: 75.0
696: 77.7
697: 78.7
698: 88.0
699: 72.7
700: 77.7
701: 67.9
702: 88.9
703: 75.4
704: 90.2
705: 74.5
706: 81.7
707: 81.0
708: 73.8
709: 84.2
710: 70.7
711: 23.7
712: 58.7
713: 71.0
714: 90.5
715: 63.6
716: 73.0
717: 86.5
718: 65.9
719: 80.7
720: 64.8
721: 78.6
722: 84.1
723: 67.0
724: 77.9
725: 73.8
726: 80.6
727: 74.3
728: 91.9
729: 78.4
730: 38.0
731: 82.0
732: 74.7
733: 71.4
734: 76.6
735: 74.5
736: 79.1
737: 83.3
738: 75.3
739: 51.9
740: 56.0
741: 80.1
742: 87.8
743: 86.1
744: 77.0
745: 81.3
746: 71.1
747: 75.8
748: 77.5
749: 72.8
750: 59.5
751: 63.7
752: 76.1
753: 71.6
754: 79.9
755: 82.9
756: 69.7
757: 70.4
758: 70.6
759: 80.7
760: 72.7
761: 65.6
762: 76.6
763: 75.5
764: 81.8
765: 80.8
766: 79.3
767: 74.2
768: 82.8
769: 82.3
770: 70.3
771: 79.4
772: 82.5
773: 77.9
774: 68.5
775: 43.2
776: 76.2
777: 87.1
778: 84.8
779: 83.4
780: 69.7
781: 79.2
782: 85.0
783: 79.5
784: 74.4
785: 69.6
786: 62.7
787: 83.6
788: 35.4
789: 80.1
790: 73.1
791: 54.9
792: 75.4
793: 83.5
794: 72.4
795: 78.8
796: 78.6
797: 88.8
798: 78.3
799: 69.3
800: 74.4
801: 72.8
802: 74.0
803: 31.3
804: 78.1
805: 59.6
806: 78.0
807: 58.0
808: 85.2
809: 68.6
810: 63.7
811: 37.8
812: 68.0
813: 89.8
814: 57.6
815: 66.1
816: 74.8
817: 51.2
818: 84.3
819: 55.1
820: 59.1
821: 71.4
822: 76.3
823: 82.4
824: 91.6
825: 65.9
826: 79.9
827: 67.9
828: 80.1
829: 52.6
830: 70.8
831: 75.3
832: 72.7
833: 68.1
834: 58.5
835: 61.6
836: 75.0
837: 67.3
838: 88.6
839: 57.5
840: 73.3
841: 69.5
842: 75.8
843: 72.8
844: 67.9
845: 74.4
846: 76.1
847: 49.5
848: 76.2
849: 84.6
850: 88.5
851: 84.9
852: 61.9
853: 86.6
854: 73.8
855: 60.1
856: 82.7
857: 71.0
858: 84.2
859: 79.5
860: 81.1
861: 68.1
862: 84.0
863: 72.4
864: 85.0
865: 86.2
866: 63.3
867: 86.6
868: 86.3
869: 83.1
870: 57.9
871: 64.6
872: 71.0
873: 87.3
874: 80.1
875: 70.2
876: 73.5
877: 70.6
878: 66.1
879: 79.1
880: 82.8
881: 66.5
882: 79.7
883: 81.6
884: 79.0
885: 74.5
886: 61.3
887: 82.6
888: 69.4
889: 87.3
890: 68.8
891: 59.2
892: 77.0
893: 75.1
894: 60.3
895: 79.1
896: 73.1
897: 83.7
898: 76.0
899: 70.3
900: 87.6
901: 84.4
902: 84.0
903: 82.2
904: 74.0
905: 88.5
906: 85.1
907: 84.4
908: 89.0
909: 84.7
910: 78.1
911: 84.9
912: 84.5
913: 68.9
914: 59.6
915: 85.7
916: 77.3
917: 78.2
918: 80.2
919: 68.9
920: 69.5
921: 86.4
922: 80.4
923: 76.4
924: 77.3
925: 70.9
926: 75.9
927: 88.1
928: 82.2
929: 76.8
930: 87.5
931: 76.8
932: 88.5
933: 89.0
934: 87.3
935: 78.0
936: 68.2
937: 66.8
938: 56.6
939: 84.1
940: 80.0
941: 60.6
942: 79.4
943: 80.0
944: 85.7
945: 70.0
946: 67.4
947: 65.1
948: 79.4
949: 84.2
950: 67.8
951: 52.5
952: 77.8
953: 81.9
954: 78.4
955: 84.2
956: 71.3
957: 87.5
958: 88.0
959: 82.9
960: 91.3
961: 77.2
962: 68.6
963: 66.9
964: 82.6
965: 80.5
966: 83.1
967: 79.4
968: 79.0
969: 76.6
970: 92.4
971: 85.5
972: 79.1
973: 88.4
974: 80.0
975: 80.1
976: 68.4
977: 89.6
978: 89.4
979: 90.3
980: 74.3
981: 90.0
982: 80.6
983: 82.5
984: 83.2
985: 86.3
986: 80.9
987: 61.5
988: 81.2
989: 74.6
990: 90.3
991: 66.0
992: 73.9
993: 81.5
994: 67.5
995: 83.7
996: 85.6
997: 68.1
998: 76.8
999: 77.7
