0: 65.9
1: 91.9
2: 74.4
3: 30.1
4: 69.8
5: 66.5
6: 21.5
7: 71.2
8: 86.0
9: 92.3
10: 84.8
11: 84.1
12: 94.1
13: 72.8
14: 90.1
15: 78.9
16: 88.8
17: 85.2
18: 88.9
19: 62.3
20: 93.6
21: 84.2
22: 74.1
23: 88.7
24: 92.5
25: 81.9
26: 94.9
27: 79.2
28: 82.4
29: 90.8
30: 92.4
31: 84.7
32: 91.3
33: 93.1
34: 77.9
35: 83.8
36: 89.6
37: 92.2
38: 90.6
39: 89.7
40: 78.6
41: 86.6
42: 91.8
43: 82.9
44: 90.1
45: 89.0
46: 84.9
47: 84.3
48: 69.2
49: 71.7
50: 94.2
51: 90.6
52: 90.8
53: 69.2
54: 84.3
55: 93.3
56: 85.6
57: 81.8
58: 83.1
59: 89.5
60: 84.0
61: 81.9
62: 90.4
63: 83.9
64: 83.1
65: 86.5
66: 82.0
67: 85.0
68: 74.4
69: 61.8
70: 87.9
71: 74.2
72: 69.7
73: 81.0
74: 77.6
75: 81.8
76: 78.1
77: 72.0
78: 86.3
79: 55.9
80: 79.5
81: 90.7
82: 80.5
83: 86.6
84: 86.8
85: 65.9
86: 75.4
87: 83.6
88: 90.9
89: 90.0
90: 85.4
91: 94.6
92: 92.3
93: 86.3
94: 69.8
95: 88.4
96: 79.8
97: 85.6
98: 75.0
99: 74.1
100: 56.4
101: 70.5
102: 71.2
103: 74.5
104: 84.4
105: 70.4
106: 89.1
107: 85.2
108: 90.2
109: 82.2
110: 88.0
111: 88.7
112: 67.8
113: 85.5
114: 82.7
115: 74.1
116: 75.9
117: 80.8
118: 88.9
119: 65.2
120: 81.3
121: 70.0
122: 72.6
123: 89.5
124: 80.2
125: 71.3
126: 81.4
127: 90.0
128: 78.3
129: 78.5
130: 69.8
131: 64.9
132: 67.6
133: 71.1
134: 6.9
135: 12.9
136: 23.0
137: 15.2
138: 17.2
139: 18.5
140: 12.1
141: 12.0
142: 20.2
143: 10.8
144: 12.5
145: 12.2
146: 13.2
147: 19.6
148: 14.3
149: 21.2
150: 10.0
151: 12.8
152: 12.4
153: 12.6
154: 17.5
155: 20.1
156: 21.9
157: 15.0
158: 7.9
159: 11.5
160: 12.0
161: 10.4
162: 13.2
163: 9.0
164: 17.0
165: 21.3
166: 9.9
167: 14.3
168: 6.0
169: 20.7
170: 13.3
171: 19.2
172: 16.4
173: 14.7
174: 14.9
175: 7.4
176: 7.5
177: 21.7
178: 17.9
179: 16.8
180: 7.0
181: 15.1
182: 6.9
183: 13.1
184: 15.4
185: 11.5
186: 9.6
187: 15.1
188: 18.0
189: 13.7
190: 13.2
191: 15.1
192: 15.6
193: 9.0
194: 7.0
195: 11.6
196: 11.3
197: 9.3
198: 12.7
199: 17.4
200: 12.6
201: 18.4
202: 15.4
203: 9.4
204: 13.6
205: 11.6
206: 18.0
207: 12.0
208: 8.0
209: 14.4
210: 18.0
211: 15.1
212: 10.4
213: 15.7
214: 5.3
215: 7.9
216: 14.8
217: 10.2
218: 11.4
219: 12.7
220: 17.7
221: 22.5
222: 13.6
223: 16.3
224: 21.5
225: 8.2
226: 14.1
227: 16.9
228: 11.4
229: 13.8
230: 21.4
231: 10.3
232: 7.9
233: 10.5
234: 16.1
235: 23.3
236: 7.0
237: 11.8
238: 16.4
239: 7.3
240: 14.6
241: 26.2
242: 13.4
243: 5.9
244: 15.1
245: 18.3
246: 15.6
247: 11.5
248: 26.4
249: 15.2
250: 13.1
251: 17.5
252: 24.0
253: 17.5
254: 8.9
255: 24.7
256: 20.4
257: 9.2
258: 14.0
259: 13.6
260: 21.4
261: 18.4
262: 16.8
263: 22.1
264: 14.6
265: 19.2
266: 10.3
267: 8.6
268: 11.7
269: 12.3
270: 16.3
271: 13.9
272: 10.2
273: 16.0
274: 10.7
275: 15.9
276: 9.5
277: 21.1
278: 15.0
279: 13.8
280: 9.5
281: 6.4
282: 16.0
283: 16.7
284: 6.5
285: 10.4
286: 20.1
287: 17.1
288: 22.5
289: 14.5
290: 18.1
291: 9.9
292: 19.4
293: 13.8
294: 16.8
295: 14.3
296: 12.3
297: 16.7
298: 13.8
299: 12.7
300: 12.1
301: 14.2
302: 23.5
303: 11.3
304: 11.2
305: 14.5
306: 13.0
307: 8.0
308: 11.5
309: 16.4
310: 17.9
311: 14.4
312: 6.9
313: 18.4
314: 12.1
315: 18.6
316: 19.1
317: 15.2
318: 14.9
319: 10.2
320: 19.4
321: 18.6
322: 10.9
323: 15.7
324: 19.7
325: 17.9
326: 10.0
327: 13.2
328: 11.8
329: 19.7
330: 12.1
331: 6.3
332: 13.4
333: 14.2
334: 11.4
335: 7.9
336: 9.8
337: 14.1
338: 9.0
339: 12.2
340: 20.9
341: 11.1
342: 14.0
343: 9.6
344: 17.8
345: 10.6
346: 21.5
347: 16.4
348: 12.5
349: 13.1
350: 19.2
351: 16.2
352: 10.1
353: 12.8
354: 24.3
355: 11.2
356: 10.3
357: 16.0
358: 8.7
359: 18.1
360: 16.7
361: 19.4
362: 20.8
363: 8.5
364: 14.1
365: 10.4
366: 16.7
367: 14.2
368: 19.6
369: 20.3
370: 15.2
371: 12.8
372: 14.0
373: 13.0
374: 18.6
375: 13.1
376: 18.7
377: 14.8
378: 12.9
379: 15.3
380: 13.9
381: 17.1
382: 16.3
383: 13.4
384: 10.3
385: 7.7
386: 10.4
387: 20.0
388: 14.4
389: 17.9
390: 12.2
391: 11.5
392: 15.2
393: 15.3
394: 12.9
395: 11.1
396: 15.5
397: 20.3
398: 18.1
399: 13.0
400: 9.1
401: 21.7
402: 15.3
403: 17.1
404: 8.9
405: 15.0
406: 13.7
407: 23.8
408: 7.9
409: 21.6
410: 10.4
411: 13.2
412: 11.2
413: 12.2
414: 13.9
415: 17.0
416: 17.9
417: 11.0
418: 9.7
419: 23.1
420: 15.2
421: 13.4
422: 21.9
423: 14.6
424: 12.2
425: 10.0
426: 25.5
427: 14.7
428: 18.7
429: 13.0
430: 33.0
431: 11.3
432: 14.7
433: 27.3
434: 12.3
435: 26.5
436: 17.2
437: 11.4
438: 18.6
439: 16.6
440: 16.2
441: 15.3
442: 14.3
443: 13.9
444: 19.0
445: 19.4
446: 10.6
447: 16.2
448: 19.8
449: 18.8
450: 18.1
451: 20.4
452: 12.3
453: 15.9
454: 16.7
455: 16.0
456: 14.7
457: 16.2
458: 6.9
459: 12.6
460: 14.2
461: 15.7
462: 8.1
463: 8.2
464: 13.4
465: 9.8
466: 12.8
467: 9.8
468: 17.7
469: 9.5
470: 13.8
471: 21.1
472: 8.9
473: 12.7
474: 11.9
475: 10.4
476: 10.8
477: 19.0
478: 13.7
479: 10.2
480: 15.4
481: 16.3
482: 18.2
483: 9.8
484: 13.8
485: 6.8
486: 12.3
487: 11.3
488: 11.7
489: 17.0
490: 19.6
491: 9.1
492: 20.8
493: 14.5
494: 7.2
495: 13.1
496: 16.4
497: 18.2
498: 7.0
499: 25.2
500: 11.2
501: 18.1
502: 21.6
503: 15.8
504: 18.7
505: 16.2
506: 15.8
507: 15.8
508: 20.3
509: 13.1
510: 14.5
511: 11.1
512: 12.5
513: 27.9
514: 7.8
515: 14.2
516: 15.7
517: 15.5
518: 23.3
519: 7.1
520: 12.0
521: 13.6
522: 22.1
523: 9.4
524: 10.5
525: 7.0
526: 11.1
527: 15.0
528: 24.1
529: 15.9
530: 16.5
531: 16.6
532: 13.1
533: 13.7
534: 8.8
535: 18.6
536: 12.7
537: 12.5
538: 16.1
539: 13.5
540: 19.3
541: 17.9
542: 14.7
543: 6.9
544: 23.1
545: 10.2
546: 13.0
547: 15.0
548: 8.3
549: 19.9
550: 10.0
551: 13.3
552: 11.0
553: 17.7
554: 20.2
555: 12.8
556: 14.0
557: 10.0
558: 18.7
559: 12.3
560: 11.1
561: 10.7
562: 9.6
563: 10.5
564: 15.3
565: 17.6
566: 22.9
567: 13.1
568: 13.6
569: 17.8
570: 18.8
571: 15.1
572: 14.4
573: 22.6
574: 11.2
575: 21.9
576: 13.1
577: 17.0
578: 19.8
579: 14.5
580: 12.0
581: 10.8
582: 16.1
583: 18.5
584: 8.5
585: 20.3
586: 10.7
587: 15.9
588: 15.6
589: 13.7
590: 20.0
591: 19.4
592: 13.0
593: 16.2
594: 7.2
595: 15.4
596: 17.8
597: 14.7
598: 18.8
599: 9.7
600: 12.3
601: 14.7
602: 17.5
603: 14.5
604: 16.2
605: 10.8
606: 12.7
607: 11.0
608: 12.5
609: 8.5
610: 16.9
611: 16.2
612: 20.9
613: 17.2
614: 15.6
615: 15.4
616: 6.5
617: 13.5
618: 16.6
619: 14.2
620: 13.9
621: 15.1
622: 13.8
623: 19.7
624: 8.7
625: 17.2
626: 12.4
627: 7.2
628: 16.5
629: 6.8
630: 9.7
631: 9.7
632: 21.5
633: 11.7
634: 9.2
635: 14.3
636: 25.6
637: 19.8
638: 18.5
639: 16.4
640: 16.7
641: 9.1
642: 17.6
643: 17.0
644: 8.8
645: 14.0
646: 12.4
647: 12.2
648: 16.5
649: 23.9
650: 13.5
651: 9.3
652: 10.8
653: 13.8
654: 14.8
655: 7.8
656: 9.8
657: 8.3
658: 16.5
659: 13.9
660: 9.8
661: 12.8
662: 11.0
663: 15.1
664: 18.9
665: 21.3
666: 11.4
667: 11.0
668: 14.7
669: 15.9
670: 12.2
671: 14.3
672: 14.1
673: 8.0
674: 14.9
675: 12.9
676: 15.2
677: 13.1
678: 9.3
679: 14.4
680: 12.7
681: 15.9
682: 21.6
683: 17.2
684: 22.4
685: 6.2
686: 12.3
687: 12.1
688: 14.6
689: 12.2
690: 5.8
691: 14.9
692: 15.1
693: 14.0
694: 19.6
695: 16.8
696: 20.6
697: 20.7
698: 17.9
699: 16.6
700: 15.0
701: 10.3
702: 14.8
703: 16.1
704: 15.8
705: 13.6
706: 8.0
707: 13.7
708: 13.1
709: 12.5
710: 16.8
711: 7.9
712: 15.1
713: 11.6
714: 15.7
715: 17.8
716: 7.9
717: 16.7
718: 16.6
719: 13.0
720: 18.9
721: 13.0
722: 9.5
723: 14.2
724: 18.1
725: 15.6
726: 17.3
727: 10.1
728: 17.6
729: 13.0
730: 18.2
731: 13.8
732: 15.7
733: 20.6
734: 9.5
735: 16.0
736: 15.6
737: 17.0
738: 17.4
739: 18.2
740: 5.5
741: 11.4
742: 17.4
743: 17.9
744: 12.5
745: 14.6
746: 15.1
747: 9.5
748: 13.0
749: 19.1
750: 15.4
751: 17.3
752: 21.2
753: 5.9
754: 14.5
755: 12.4
756: 17.2
757: 9.5
758: 16.2
759: 19.0
760: 13.2
761: 12.5
762: 12.1
763: 11.2
764: 17.7
765: 10.5
766: 9.0
767: 24.3
768: 17.7
769: 15.0
770: 15.3
771: 10.5
772: 8.3
773: 12.5
774: 15.1
775: 15.3
776: 21.9
777: 19.9
778: 14.0
779: 18.4
780: 17.5
781: 13.1
782: 21.4
783: 7.6
784: 24.7
785: 7.3
786: 9.3
787: 20.0
788: 10.0
789: 16.6
790: 13.7
791: 14.3
792: 24.3
793: 15.2
794: 11.1
795: 11.6
796: 10.5
797: 16.8
798: 8.7
799: 11.0
800: 17.5
801: 22.9
802: 14.7
803: 13.0
804: 12.8
805: 13.9
806: 7.2
807: 11.5
808: 11.6
809: 16.6
810: 11.1
811: 15.6
812: 13.7
813: 13.7
814: 16.0
815: 12.9
816: 7.1
817: 11.3
818: 14.7
819: 10.6
820: 14.8
821: 8.0
822: 17.4
823: 8.3
824: 24.7
825: 11.4
826: 10.6
827: 9.1
828: 17.6
829: 8.2
830: 9.4
831: 13.6
832: 7.9
833: 14.2
834: 15.6
835: 13.3
836: 13.2
837: 14.0
838: 11.9
839: 18.8
840: 13.4
841: 13.5
842: 7.7
843: 16.9
844: 14.2
845: 14.6
846: 17.6
847: 14.8
848: 7.5
849: 20.5
850: 12.0
851: 15.0
852: 14.4
853: 16.1
854: 19.8
855: 19.0
856: 13.1
857: 16.9
858: 16.4
859: 6.6
860: 14.0
861: 12.4
862: 17.0
863: 15.8
864: 11.8
865: 22.5
866: 13.2
867: 9.1
868: 13.6
869: 8.4
870: 15.4
871: 9.7
872: 14.6
873: 15.5
874: 19.4
875: 13.8
876: 6.3
877: 8.8
878: 13.1
879: 16.4
880: 21.1
881: 12.8
882: 17.6
883: 15.2
884: 14.6
885: 16.2
886: 18.4
887: 20.5
888: 8.6
889: 9.5
890: 20.2
891: 7.4
892: 13.6
893: 10.1
894: 15.0
895: 16.0
896: 16.1
897: 6.8
898: 16.3
899: 11.0
900: 9.2
901: 19.7
902: 10.0
903: 8.0
904: 13.5
905: 12.5
906: 17.6
907: 20.0
908: 10.2
909: 15.9
910: 20.1
911: 10.0
912: 20.5
913: 6.8
914: 11.9
915: 18.3
916: 18.4
917: 12.4
918: 16.9
919: 7.9
920: 17.7
921: 13.4
922: 14.3
923: 15.3
924: 6.0
925: 9.2
926: 11.1
927: 19.8
928: 14.6
929: 10.8
930: 13.9
931: 8.2
932: 11.7
933: 16.1
934: 13.7
935: 15.0
936: 12.1
937: 12.0
938: 15.6
939: 19.3
940: 20.5
941: 16.3
942: 17.4
943: 14.0
944: 9.4
945: 15.5
946: 16.6
947: 18.3
948: 10.0
949: 14.7
950: 18.8
951: 10.6
952: 10.2
953: 20.9
954: 6.9
955: 13.6
956: 8.5
957: 13.9
958: 15.5
959: 12.2
960: 12.8
961: 14.8
962: 10.1
963: 6.0
964: 20.9
965: 12.3
966: 22.8
967: 9.9
968: 12.7
969: 15.8
970: 14.2
971: 12.3
972: 13.0
973: 9.2
974: 16.9
975: 10.3
976: 20.3
977: 16.9
978: 16.3
979: 12.7
980: 9.1
981: 14.0
982: 16.6
983: 19.1
984: 14.6
985: 29.6
986: 14.9
987: 10.7
988: 12.3
989: 15.8
990: 25.6
991: 9.7
992: 11.0
993: 13.4
994: 12.7
995: 17.7
996: 15.1
997: 12.8
998: 9.2
999: 10.9
