size = 4 rank = 0
Initializing arrays.
size = 4 rank = 1
size = 4 rank = 3
size = 4 rank = 2
myID = 0 startPos = 0 endPos = 250 
myID = 1 startPos = 250 endPos = 500 
myID = 3 startPos = 750 endPos = 1000 
myID = 2 startPos = 500 endPos = 750 
LINE, 0: 94
LINE, 1: 91
LINE, 2: 92
LINE, 3: 93
LINE, 4: 92
LINE, 5: 91
LINE, 6: 92
LINE, 7: 93
LINE, 8: 90
LINE, 9: 92
LINE, 10: 90
LINE, 11: 88
LINE, 12: 94
LINE, 13: 89
LINE, 14: 90
LINE, 15: 94
LINE, 16: 93
LINE, 17: 90
LINE, 18: 92
LINE, 19: 93
LINE, 20: 93
LINE, 21: 90
LINE, 22: 90
LINE, 23: 92
LINE, 24: 92
LINE, 25: 94
LINE, 26: 94
LINE, 27: 89
LINE, 28: 87
LINE, 29: 92
LINE, 30: 92
LINE, 31: 90
LINE, 32: 93
LINE, 33: 93
LINE, 34: 82
LINE, 35: 90
LINE, 36: 89
LINE, 37: 94
LINE, 38: 95
LINE, 39: 94
LINE, 40: 84
LINE, 41: 92
LINE, 42: 91
LINE, 43: 92
LINE, 44: 90
LINE, 45: 91
LINE, 46: 90
LINE, 47: 84
LINE, 48: 95
LINE, 49: 92
LINE, 50: 94
LINE, 51: 91
LINE, 52: 91
LINE, 53: 86
LINE, 54: 90
LINE, 55: 93
LINE, 56: 94
LINE, 57: 89
LINE, 58: 90
LINE, 59: 91
LINE, 60: 94
LINE, 61: 81
LINE, 62: 92
LINE, 63: 94
LINE, 64: 92
LINE, 65: 93
LINE, 66: 93
LINE, 67: 93
LINE, 68: 86
LINE, 69: 85
LINE, 70: 91
LINE, 71: 89
LINE, 72: 92
LINE, 73: 87
LINE, 74: 86
LINE, 75: 93
LINE, 76: 91
LINE, 77: 92
LINE, 78: 88
LINE, 79: 91
LINE, 80: 80
LINE, 81: 90
LINE, 82: 99
LINE, 83: 92
LINE, 84: 92
LINE, 85: 81
LINE, 86: 88
LINE, 87: 84
LINE, 88: 95
LINE, 89: 93
LINE, 90: 93
LINE, 91: 94
LINE, 92: 92
LINE, 93: 91
LINE, 94: 80
LINE, 95: 92
LINE, 96: 88
LINE, 97: 90
LINE, 98: 89
LINE, 99: 89
LINE, 100: 89
LINE, 101: 92
LINE, 102: 91
LINE, 103: 87
LINE, 104: 88
LINE, 105: 89
LINE, 106: 95
LINE, 107: 89
LINE, 108: 90
LINE, 109: 87
LINE, 110: 90
LINE, 111: 89
LINE, 112: 90
LINE, 113: 88
LINE, 114: 88
LINE, 115: 85
LINE, 116: 87
LINE, 117: 88
LINE, 118: 93
LINE, 119: 88
LINE, 120: 88
LINE, 121: 92
LINE, 122: 90
LINE, 123: 92
LINE, 124: 90
LINE, 125: 87
LINE, 126: 87
LINE, 127: 90
LINE, 128: 91
LINE, 129: 88
LINE, 130: 83
LINE, 131: 93
LINE, 132: 84
LINE, 133: 93
LINE, 134: 87
LINE, 135: 92
LINE, 136: 91
LINE, 137: 88
LINE, 138: 78
LINE, 139: 92
LINE, 140: 86
LINE, 141: 92
LINE, 142: 91
LINE, 143: 84
LINE, 144: 90
LINE, 145: 93
LINE, 146: 89
LINE, 147: 91
LINE, 148: 89
LINE, 149: 90
LINE, 150: 88
LINE, 151: 85
LINE, 152: 88
LINE, 153: 86
LINE, 154: 87
LINE, 155: 87
LINE, 156: 94
LINE, 157: 93
LINE, 158: 91
LINE, 159: 85
LINE, 160: 86
LINE, 161: 87
LINE, 162: 87
LINE, 163: 93
LINE, 164: 90
LINE, 165: 91
LINE, 166: 91
LINE, 167: 89
LINE, 168: 86
LINE, 169: 90
LINE, 170: 87
LINE, 171: 86
LINE, 172: 92
LINE, 173: 87
LINE, 174: 89
LINE, 175: 89
LINE, 176: 90
LINE, 177: 87
LINE, 178: 88
LINE, 179: 91
LINE, 180: 88
LINE, 181: 92
LINE, 182: 85
LINE, 183: 90
LINE, 184: 89
LINE, 185: 89
LINE, 186: 89
LINE, 187: 83
LINE, 188: 92
LINE, 189: 79
LINE, 190: 88
LINE, 191: 81
LINE, 192: 89
LINE, 193: 90
LINE, 194: 91
LINE, 195: 81
LINE, 196: 94
LINE, 197: 90
LINE, 198: 91
LINE, 199: 91
LINE, 200: 90
LINE, 201: 88
LINE, 202: 91
LINE, 203: 90
LINE, 204: 91
LINE, 205: 90
LINE, 206: 89
LINE, 207: 90
LINE, 208: 91
LINE, 209: 89
LINE, 210: 89
LINE, 211: 89
LINE, 212: 94
LINE, 213: 76
LINE, 214: 86
LINE, 215: 90
LINE, 216: 89
LINE, 217: 90
LINE, 218: 92
LINE, 219: 75
LINE, 220: 90
LINE, 221: 91
LINE, 222: 83
LINE, 223: 92
LINE, 224: 92
LINE, 225: 89
LINE, 226: 87
LINE, 227: 91
LINE, 228: 90
LINE, 229: 91
LINE, 230: 91
LINE, 231: 91
LINE, 232: 89
LINE, 233: 90
LINE, 234: 86
LINE, 235: 92
LINE, 236: 77
LINE, 237: 91
LINE, 238: 87
LINE, 239: 86
LINE, 240: 89
LINE, 241: 87
LINE, 242: 86
LINE, 243: 87
LINE, 244: 91
LINE, 245: 92
LINE, 246: 92
LINE, 247: 92
LINE, 248: 92
LINE, 249: 92
LINE, 250: 92
LINE, 251: 92
LINE, 252: 92
LINE, 253: 92
LINE, 254: 92
LINE, 255: 92
LINE, 256: 92
LINE, 257: 92
LINE, 258: 92
LINE, 259: 90
LINE, 260: 91
LINE, 261: 87
LINE, 262: 91
LINE, 263: 93
LINE, 264: 69
LINE, 265: 93
LINE, 266: 93
LINE, 267: 89
LINE, 268: 93
LINE, 269: 86
LINE, 270: 91
LINE, 271: 89
LINE, 272: 87
LINE, 273: 93
LINE, 274: 93
LINE, 275: 91
LINE, 276: 95
LINE, 277: 91
LINE, 278: 92
LINE, 279: 95
LINE, 280: 83
LINE, 281: 89
LINE, 282: 93
LINE, 283: 86
LINE, 284: 94
LINE, 285: 85
LINE, 286: 90
LINE, 287: 90
LINE, 288: 93
LINE, 289: 84
LINE, 290: 85
LINE, 291: 83
LINE, 292: 89
LINE, 293: 77
LINE, 294: 88
LINE, 295: 87
LINE, 296: 88
LINE, 297: 93
LINE, 298: 93
LINE, 299: 72
LINE, 300: 90
LINE, 301: 91
LINE, 302: 92
LINE, 303: 91
LINE, 304: 89
LINE, 305: 89
LINE, 306: 90
LINE, 307: 91
LINE, 308: 91
LINE, 309: 92
LINE, 310: 90
LINE, 311: 90
LINE, 312: 89
LINE, 313: 93
LINE, 314: 91
LINE, 315: 93
LINE, 316: 86
LINE, 317: 83
LINE, 318: 93
LINE, 319: 92
LINE, 320: 90
LINE, 321: 88
LINE, 322: 90
LINE, 323: 94
LINE, 324: 85
LINE, 325: 92
LINE, 326: 93
LINE, 327: 80
LINE, 328: 85
LINE, 329: 90
LINE, 330: 87
LINE, 331: 90
LINE, 332: 92
LINE, 333: 93
LINE, 334: 93
LINE, 335: 91
LINE, 336: 93
LINE, 337: 93
LINE, 338: 88
LINE, 339: 91
LINE, 340: 81
LINE, 341: 90
LINE, 342: 91
LINE, 343: 89
LINE, 344: 91
LINE, 345: 85
LINE, 346: 91
LINE, 347: 84
LINE, 348: 90
LINE, 349: 94
LINE, 350: 92
LINE, 351: 90
LINE, 352: 95
LINE, 353: 94
LINE, 354: 82
LINE, 355: 83
LINE, 356: 85
LINE, 357: 91
LINE, 358: 91
LINE, 359: 91
LINE, 360: 91
LINE, 361: 93
LINE, 362: 93
LINE, 363: 93
LINE, 364: 96
LINE, 365: 89
LINE, 366: 93
LINE, 367: 92
LINE, 368: 92
LINE, 369: 88
LINE, 370: 93
LINE, 371: 88
LINE, 372: 86
LINE, 373: 85
LINE, 374: 91
LINE, 375: 90
LINE, 376: 91
LINE, 377: 93
LINE, 378: 89
LINE, 379: 85
LINE, 380: 86
LINE, 381: 93
LINE, 382: 91
LINE, 383: 90
LINE, 384: 89
LINE, 385: 92
LINE, 386: 87
LINE, 387: 91
LINE, 388: 89
LINE, 389: 89
LINE, 390: 87
LINE, 391: 87
LINE, 392: 88
LINE, 393: 90
LINE, 394: 83
LINE, 395: 91
LINE, 396: 90
LINE, 397: 92
LINE, 398: 92
LINE, 399: 92
LINE, 400: 87
LINE, 401: 86
LINE, 402: 93
LINE, 403: 88
LINE, 404: 88
LINE, 405: 89
LINE, 406: 90
LINE, 407: 94
LINE, 408: 94
LINE, 409: 94
LINE, 410: 83
LINE, 411: 84
LINE, 412: 92
LINE, 413: 93
LINE, 414: 92
LINE, 415: 93
LINE, 416: 87
LINE, 417: 92
LINE, 418: 86
LINE, 419: 93
LINE, 420: 86
LINE, 421: 83
LINE, 422: 87
LINE, 423: 82
LINE, 424: 88
LINE, 425: 88
LINE, 426: 87
LINE, 427: 91
LINE, 428: 84
LINE, 429: 81
LINE, 430: 88
LINE, 431: 89
LINE, 432: 89
LINE, 433: 87
LINE, 434: 90
LINE, 435: 91
LINE, 436: 92
LINE, 437: 93
LINE, 438: 92
LINE, 439: 90
LINE, 440: 82
LINE, 441: 94
LINE, 442: 91
LINE, 443: 94
LINE, 444: 92
LINE, 445: 92
LINE, 446: 92
LINE, 447: 92
LINE, 448: 98
LINE, 449: 90
LINE, 450: 91
LINE, 451: 91
LINE, 452: 91
LINE, 453: 95
LINE, 454: 91
LINE, 455: 90
LINE, 456: 95
LINE, 457: 92
LINE, 458: 80
LINE, 459: 91
LINE, 460: 89
LINE, 461: 78
LINE, 462: 91
LINE, 463: 91
LINE, 464: 88
LINE, 465: 91
LINE, 466: 95
LINE, 467: 95
LINE, 468: 87
LINE, 469: 93
LINE, 470: 93
LINE, 471: 92
LINE, 472: 91
LINE, 473: 89
LINE, 474: 87
LINE, 475: 81
LINE, 476: 89
LINE, 477: 93
LINE, 478: 89
LINE, 479: 88
LINE, 480: 93
LINE, 481: 88
LINE, 482: 90
LINE, 483: 70
LINE, 484: 91
LINE, 485: 76
LINE, 486: 82
LINE, 487: 91
LINE, 488: 92
LINE, 489: 92
LINE, 490: 93
LINE, 491: 91
LINE, 492: 93
LINE, 493: 84
LINE, 494: 90
LINE, 495: 84
LINE, 496: 91
LINE, 497: 91
LINE, 498: 87
LINE, 499: 95
LINE, 500: 91
LINE, 501: 87
LINE, 502: 95
LINE, 503: 94
LINE, 504: 92
LINE, 505: 91
LINE, 506: 83
LINE, 507: 93
LINE, 508: 92
LINE, 509: 93
LINE, 510: 83
LINE, 511: 93
LINE, 512: 89
LINE, 513: 94
LINE, 514: 88
LINE, 515: 91
LINE, 516: 89
LINE, 517: 92
LINE, 518: 90
LINE, 519: 92
LINE, 520: 88
LINE, 521: 94
LINE, 522: 91
LINE, 523: 94
LINE, 524: 93
LINE, 525: 88
LINE, 526: 94
LINE, 527: 86
LINE, 528: 92
LINE, 529: 87
LINE, 530: 90
LINE, 531: 91
LINE, 532: 92
LINE, 533: 90
LINE, 534: 89
LINE, 535: 90
LINE, 536: 87
LINE, 537: 89
LINE, 538: 92
LINE, 539: 93
LINE, 540: 91
LINE, 541: 91
LINE, 542: 92
LINE, 543: 92
LINE, 544: 90
LINE, 545: 92
LINE, 546: 91
LINE, 547: 93
LINE, 548: 91
LINE, 549: 92
LINE, 550: 92
LINE, 551: 90
LINE, 552: 91
LINE, 553: 91
LINE, 554: 93
LINE, 555: 91
LINE, 556: 94
LINE, 557: 86
LINE, 558: 91
LINE, 559: 91
LINE, 560: 92
LINE, 561: 92
LINE, 562: 92
LINE, 563: 92
LINE, 564: 94
LINE, 565: 92
LINE, 566: 92
LINE, 567: 94
LINE, 568: 92
LINE, 569: 87
LINE, 570: 94
LINE, 571: 88
LINE, 572: 87
LINE, 573: 94
LINE, 574: 92
LINE, 575: 91
LINE, 576: 92
LINE, 577: 90
LINE, 578: 92
LINE, 579: 93
LINE, 580: 93
LINE, 581: 94
LINE, 582: 94
LINE, 583: 91
LINE, 584: 88
LINE, 585: 94
LINE, 586: 93
LINE, 587: 88
LINE, 588: 88
LINE, 589: 93
LINE, 590: 95
LINE, 591: 94
LINE, 592: 94
LINE, 593: 91
LINE, 594: 93
LINE, 595: 92
LINE, 596: 94
LINE, 597: 92
LINE, 598: 94
LINE, 599: 88
LINE, 600: 90
LINE, 601: 89
LINE, 602: 88
LINE, 603: 92
LINE, 604: 92
LINE, 605: 95
LINE, 606: 77
LINE, 607: 88
LINE, 608: 96
LINE, 609: 94
LINE, 610: 91
LINE, 611: 90
LINE, 612: 92
LINE, 613: 91
LINE, 614: 89
LINE, 615: 91
LINE, 616: 86
LINE, 617: 89
LINE, 618: 85
LINE, 619: 91
LINE, 620: 89
LINE, 621: 92
LINE, 622: 82
LINE, 623: 91
LINE, 624: 92
LINE, 625: 91
LINE, 626: 92
LINE, 627: 88
LINE, 628: 92
LINE, 629: 83
LINE, 630: 92
LINE, 631: 91
LINE, 632: 89
LINE, 633: 91
LINE, 634: 91
LINE, 635: 87
LINE, 636: 88
LINE, 637: 93
LINE, 638: 89
LINE, 639: 95
LINE, 640: 87
LINE, 641: 95
LINE, 642: 93
LINE, 643: 92
LINE, 644: 91
LINE, 645: 82
LINE, 646: 80
LINE, 647: 92
LINE, 648: 92
LINE, 649: 94
LINE, 650: 93
LINE, 651: 85
LINE, 652: 94
LINE, 653: 72
LINE, 654: 91
LINE, 655: 91
LINE, 656: 92
LINE, 657: 95
LINE, 658: 91
LINE, 659: 86
LINE, 660: 90
LINE, 661: 88
LINE, 662: 90
LINE, 663: 88
LINE, 664: 79
LINE, 665: 93
LINE, 666: 91
LINE, 667: 84
LINE, 668: 93
LINE, 669: 93
LINE, 670: 90
LINE, 671: 90
LINE, 672: 92
LINE, 673: 87
LINE, 674: 91
LINE, 675: 92
LINE, 676: 88
LINE, 677: 92
LINE, 678: 92
LINE, 679: 86
LINE, 680: 93
LINE, 681: 89
LINE, 682: 92
LINE, 683: 92
LINE, 684: 92
LINE, 685: 90
LINE, 686: 87
LINE, 687: 78
LINE, 688: 90
LINE, 689: 88
LINE, 690: 89
LINE, 691: 87
LINE, 692: 90
LINE, 693: 93
LINE, 694: 91
LINE, 695: 82
LINE, 696: 90
LINE, 697: 93
LINE, 698: 92
LINE, 699: 88
LINE, 700: 93
LINE, 701: 85
LINE, 702: 93
LINE, 703: 86
LINE, 704: 93
LINE, 705: 88
LINE, 706: 93
LINE, 707: 91
LINE, 708: 85
LINE, 709: 92
LINE, 710: 92
LINE, 711: 64
LINE, 712: 66
LINE, 713: 94
LINE, 714: 93
LINE, 715: 76
LINE, 716: 89
LINE, 717: 95
LINE, 718: 87
LINE, 719: 87
LINE, 720: 92
LINE, 721: 93
LINE, 722: 89
LINE, 723: 87
LINE, 724: 89
LINE, 725: 90
LINE, 726: 91
LINE, 727: 88
LINE, 728: 94
LINE, 729: 90
LINE, 730: 91
LINE, 731: 90
LINE, 732: 90
LINE, 733: 87
LINE, 734: 86
LINE, 735: 90
LINE, 736: 90
LINE, 737: 90
LINE, 738: 92
LINE, 739: 92
LINE, 740: 73
LINE, 741: 87
LINE, 742: 93
LINE, 743: 90
LINE, 744: 90
LINE, 745: 89
LINE, 746: 77
LINE, 747: 92
LINE, 748: 88
LINE, 749: 91
LINE, 750: 88
LINE, 751: 84
LINE, 752: 90
LINE, 753: 89
LINE, 754: 91
LINE, 755: 90
LINE, 756: 92
LINE, 757: 89
LINE, 758: 85
LINE, 759: 92
LINE, 760: 86
LINE, 761: 83
LINE, 762: 92
LINE, 763: 88
LINE, 764: 90
LINE, 765: 95
LINE, 766: 94
LINE, 767: 89
LINE, 768: 93
LINE, 769: 87
LINE, 770: 92
LINE, 771: 89
LINE, 772: 92
LINE, 773: 92
LINE, 774: 93
LINE, 775: 91
LINE, 776: 95
LINE, 777: 92
LINE, 778: 92
LINE, 779: 91
LINE, 780: 92
LINE, 781: 93
LINE, 782: 91
LINE, 783: 92
LINE, 784: 92
LINE, 785: 84
LINE, 786: 89
LINE, 787: 86
LINE, 788: 90
LINE, 789: 88
LINE, 790: 90
LINE, 791: 74
LINE, 792: 89
LINE, 793: 91
LINE, 794: 85
LINE, 795: 91
LINE, 796: 93
LINE, 797: 92
LINE, 798: 91
LINE, 799: 92
LINE, 800: 93
LINE, 801: 91
LINE, 802: 88
LINE, 803: 82
LINE, 804: 83
LINE, 805: 86
LINE, 806: 83
LINE, 807: 66
LINE, 808: 94
LINE, 809: 92
LINE, 810: 90
LINE, 811: 90
LINE, 812: 85
LINE, 813: 93
LINE, 814: 90
LINE, 815: 89
LINE, 816: 81
LINE, 817: 90
LINE, 818: 89
LINE, 819: 71
LINE, 820: 89
LINE, 821: 87
LINE, 822: 93
LINE, 823: 91
LINE, 824: 91
LINE, 825: 81
LINE, 826: 90
LINE, 827: 87
LINE, 828: 92
LINE, 829: 55
LINE, 830: 78
LINE, 831: 93
LINE, 832: 93
LINE, 833: 85
LINE, 834: 80
LINE, 835: 91
LINE, 836: 91
LINE, 837: 91
LINE, 838: 91
LINE, 839: 95
LINE, 840: 91
LINE, 841: 91
LINE, 842: 86
LINE, 843: 87
LINE, 844: 94
LINE, 845: 92
LINE, 846: 90
LINE, 847: 93
LINE, 848: 92
LINE, 849: 94
LINE, 850: 93
LINE, 851: 91
LINE, 852: 92
LINE, 853: 93
LINE, 854: 92
LINE, 855: 91
LINE, 856: 87
LINE, 857: 91
LINE, 858: 92
LINE, 859: 92
LINE, 860: 92
LINE, 861: 91
LINE, 862: 91
LINE, 863: 93
LINE, 864: 93
LINE, 865: 94
LINE, 866: 93
LINE, 867: 94
LINE, 868: 92
LINE, 869: 91
LINE, 870: 89
LINE, 871: 87
LINE, 872: 88
LINE, 873: 94
LINE, 874: 93
LINE, 875: 92
LINE, 876: 91
LINE, 877: 86
LINE, 878: 87
LINE, 879: 84
LINE, 880: 89
LINE, 881: 80
LINE, 882: 89
LINE, 883: 92
LINE, 884: 92
LINE, 885: 86
LINE, 886: 92
LINE, 887: 92
LINE, 888: 76
LINE, 889: 93
LINE, 890: 92
LINE, 891: 84
LINE, 892: 96
LINE, 893: 85
LINE, 894: 91
LINE, 895: 92
LINE, 896: 86
LINE, 897: 91
LINE, 898: 91
LINE, 899: 94
LINE, 900: 92
LINE, 901: 91
LINE, 902: 96
LINE, 903: 90
LINE, 904: 77
LINE, 905: 92
LINE, 906: 93
LINE, 907: 89
LINE, 908: 93
LINE, 909: 92
LINE, 910: 91
LINE, 911: 92
LINE, 912: 89
LINE, 913: 90
LINE, 914: 93
LINE, 915: 93
LINE, 916: 88
LINE, 917: 84
LINE, 918: 91
LINE, 919: 93
LINE, 920: 93
LINE, 921: 91
LINE, 922: 93
LINE, 923: 92
LINE, 924: 85
LINE, 925: 88
LINE, 926: 88
LINE, 927: 93
LINE, 928: 88
LINE, 929: 81
LINE, 930: 93
LINE, 931: 93
LINE, 932: 92
LINE, 933: 95
LINE, 934: 93
LINE, 935: 89
LINE, 936: 93
LINE, 937: 93
LINE, 938: 90
LINE, 939: 93
LINE, 940: 90
LINE, 941: 85
LINE, 942: 91
LINE, 943: 89
LINE, 944: 90
LINE, 945: 88
LINE, 946: 94
LINE, 947: 91
LINE, 948: 89
LINE, 949: 92
LINE, 950: 93
LINE, 951: 75
LINE, 952: 92
LINE, 953: 90
LINE, 954: 81
LINE, 955: 85
LINE, 956: 92
LINE, 957: 92
LINE, 958: 93
LINE, 959: 93
LINE, 960: 92
LINE, 961: 87
LINE, 962: 82
LINE, 963: 83
LINE, 964: 91
LINE, 965: 89
LINE, 966: 93
LINE, 967: 92
LINE, 968: 89
LINE, 969: 92
LINE, 970: 96
LINE, 971: 94
LINE, 972: 92
LINE, 973: 94
LINE, 974: 87
LINE, 975: 89
LINE, 976: 89
LINE, 977: 91
LINE, 978: 91
LINE, 979: 94
LINE, 980: 80
LINE, 981: 93
LINE, 982: 93
LINE, 983: 93
LINE, 984: 90
LINE, 985: 90
LINE, 986: 91
LINE, 987: 72
LINE, 988: 91
LINE, 989: 95
LINE, 990: 98
LINE, 991: 82
LINE, 992: 91
LINE, 993: 89
LINE, 994: 85
LINE, 995: 91
LINE, 996: 92
LINE, 997: 78
LINE, 998: 90
LINE, 999: 96
TIME, 0.006419
Main: program completed. Exiting.
